[03:19:16] crossover_search started: seed=4242 budget=90.0s
[03:19:16] crossover_search started: seed=4242 budget=90.0s
[03:19:16] crossover_search started: seed=8888 budget=90.0s
[03:19:16] crossover_search started: seed=8888 budget=90.0s
[03:29:15] crossover_search started: seed=8888 budget=90.0s
[03:29:15] crossover_search started: seed=8888 budget=90.0s
[03:29:15] crossover_search started: seed=4242 budget=90.0s
[03:29:15] crossover_search started: seed=4242 budget=90.0s
[03:30:45] trial=   1  strategy=row_replace_sa        E=37  session_best=37  elapsed=90.0s
[03:30:45] trial=   1  strategy=row_replace_sa        E=37  session_best=37  elapsed=90.0s
[03:30:45] trial=   1  strategy=partial_completion    E=37  session_best=37  elapsed=90.0s
[03:30:45] trial=   1  strategy=partial_completion    E=37  session_best=37  elapsed=90.0s
[03:32:15] trial=   2  strategy=crossover             E=37  session_best=37  elapsed=90.0s
[03:32:15] trial=   2  strategy=crossover             E=37  session_best=37  elapsed=90.0s
[03:32:15] trial=   2  strategy=partial_completion    E=37  session_best=37  elapsed=90.0s
[03:32:15] trial=   2  strategy=partial_completion    E=37  session_best=37  elapsed=90.0s
[03:54:14] crossover_search started: seed=8888 budget=90.0s
[03:54:14] crossover_search started: seed=8888 budget=90.0s
[03:54:14] crossover_search started: seed=4242 budget=90.0s
[03:54:14] crossover_search started: seed=4242 budget=90.0s
[03:55:44] trial=   1  strategy=row_replace_sa        E=37  session_best=37  elapsed=90.0s
[03:55:44] trial=   1  strategy=row_replace_sa        E=37  session_best=37  elapsed=90.0s
[03:55:44] trial=   1  strategy=partial_completion    E=37  session_best=37  elapsed=90.0s
[03:55:44] trial=   1  strategy=partial_completion    E=37  session_best=37  elapsed=90.0s
[03:57:14] trial=   2  strategy=crossover             E=37  session_best=37  elapsed=90.0s
[03:57:14] trial=   2  strategy=crossover             E=37  session_best=37  elapsed=90.0s
[03:57:14] trial=   2  strategy=crossover             E=37  session_best=37  elapsed=90.0s
[03:57:14] trial=   2  strategy=crossover             E=37  session_best=37  elapsed=90.0s
[03:58:44] trial=   3  strategy=partial_completion    E=37  session_best=37  elapsed=90.0s
[03:58:44] trial=   3  strategy=partial_completion    E=37  session_best=37  elapsed=90.0s
[03:58:44] trial=   3  strategy=crossover             E=37  session_best=37  elapsed=90.0s
[03:58:44] trial=   3  strategy=crossover             E=37  session_best=37  elapsed=90.0s
[04:00:14] trial=   4  strategy=row_replace_sa        E=37  session_best=37  elapsed=90.0s
[04:00:14] trial=   4  strategy=row_replace_sa        E=37  session_best=37  elapsed=90.0s
[04:00:14] trial=   4  strategy=row_replace_sa        E=37  session_best=37  elapsed=90.0s
[04:00:14] trial=   4  strategy=row_replace_sa        E=37  session_best=37  elapsed=90.0s
[04:01:44] trial=   5  strategy=crossover             E=37  session_best=37  elapsed=90.0s
[04:01:44] trial=   5  strategy=crossover             E=37  session_best=37  elapsed=90.0s
[04:01:44] trial=   5  strategy=partial_completion    E=37  session_best=37  elapsed=90.0s
[04:01:44] trial=   5  strategy=partial_completion    E=37  session_best=37  elapsed=90.0s
[04:03:11] crossover_search started: seed=4242 budget=90.0s
[04:03:11] crossover_search started: seed=4242 budget=90.0s
[04:03:11] crossover_search started: seed=8888 budget=90.0s
[04:03:11] crossover_search started: seed=8888 budget=90.0s
[04:03:42] crossover_search started: seed=4242 budget=90.0s
[04:03:42] crossover_search started: seed=4242 budget=90.0s
[04:03:42] crossover_search started: seed=8888 budget=90.0s
[04:03:42] crossover_search started: seed=8888 budget=90.0s
[04:04:25] crossover_search started: seed=4242 budget=90.0s
[04:04:25] crossover_search started: seed=4242 budget=90.0s
[04:04:25] crossover_search started: seed=8888 budget=90.0s
[04:04:25] crossover_search started: seed=8888 budget=90.0s
[04:05:55] trial=   1  strategy=row_replace_sa        E=37  session_best=37  elapsed=90.0s
[04:05:55] trial=   1  strategy=row_replace_sa        E=37  session_best=37  elapsed=90.0s
[04:05:55] trial=   1  strategy=partial_completion    E=37  session_best=37  elapsed=90.0s
[04:05:55] trial=   1  strategy=partial_completion    E=37  session_best=37  elapsed=90.0s
[04:07:25] trial=   2  strategy=crossover             E=37  session_best=37  elapsed=90.0s
[04:07:25] trial=   2  strategy=crossover             E=37  session_best=37  elapsed=90.0s
[04:07:25] trial=   2  strategy=partial_completion    E=37  session_best=37  elapsed=90.0s
[04:07:25] trial=   2  strategy=partial_completion    E=37  session_best=37  elapsed=90.0s
[04:08:55] trial=   3  strategy=crossover             E=37  session_best=37  elapsed=90.0s
[04:08:55] trial=   3  strategy=crossover             E=37  session_best=37  elapsed=90.0s
[04:08:55] trial=   3  strategy=crossover             E=37  session_best=37  elapsed=90.0s
[04:08:55] trial=   3  strategy=crossover             E=37  session_best=37  elapsed=90.0s
[07:33:31] crossover_search started: seed=4242 budget=90.0s[07:33:31] crossover_search started: seed=8888 budget=90.0s
[07:33:31] crossover_search started: seed=8888 budget=90.0s

[07:33:31] crossover_search started: seed=4242 budget=90.0s
[07:35:02] trial=   1  strategy=row_replace_sa        E=37  session_best=37  elapsed=90.0s
[07:35:02] trial=   1  strategy=row_replace_sa        E=37  session_best=37  elapsed=90.0s
[07:35:02] trial=   1  strategy=partial_completion    E=37  session_best=37  elapsed=90.0s
[07:35:02] trial=   1  strategy=partial_completion    E=37  session_best=37  elapsed=90.0s
[07:35:02] trial=   2  strategy=crossover             E=37  session_best=37  elapsed=0.0s
[07:35:02] trial=   2  strategy=crossover             E=37  session_best=37  elapsed=0.0s
[07:36:32] trial=   3  strategy=row_replace_sa        E=37  session_best=37  elapsed=90.0s
[07:36:32] trial=   3  strategy=row_replace_sa        E=37  session_best=37  elapsed=90.0s
[07:36:32] trial=   2  strategy=partial_completion    E=37  session_best=37  elapsed=90.0s
[07:36:32] trial=   2  strategy=partial_completion    E=37  session_best=37  elapsed=90.0s
[07:38:02] trial=   4  strategy=partial_completion    E=37  session_best=37  elapsed=90.0s
[07:38:02] trial=   4  strategy=partial_completion    E=37  session_best=37  elapsed=90.0s
[07:38:02] trial=   3  strategy=partial_completion    E=37  session_best=37  elapsed=90.0s
[07:38:02] trial=   3  strategy=partial_completion    E=37  session_best=37  elapsed=90.0s
[07:39:32] trial=   5  strategy=crossover             E=37  session_best=37  elapsed=90.0s
[07:39:32] trial=   5  strategy=crossover             E=37  session_best=37  elapsed=90.0s
[07:39:32] trial=   4  strategy=crossover             E=37  session_best=37  elapsed=90.0s
[07:39:32] trial=   4  strategy=crossover             E=37  session_best=37  elapsed=90.0s
[07:41:02] trial=   6  strategy=row_replace_sa        E=37  session_best=37  elapsed=90.0s
[07:41:02] trial=   6  strategy=row_replace_sa        E=37  session_best=37  elapsed=90.0s
[07:41:02] trial=   5  strategy=partial_completion    E=37  session_best=37  elapsed=90.0s
[07:41:02] trial=   5  strategy=partial_completion    E=37  session_best=37  elapsed=90.0s
[07:42:32] trial=   7  strategy=row_replace_sa        E=37  session_best=37  elapsed=90.0s
[07:42:32] trial=   7  strategy=row_replace_sa        E=37  session_best=37  elapsed=90.0s
[07:42:32] trial=   6  strategy=crossover             E=37  session_best=37  elapsed=90.0s
[07:42:32] trial=   6  strategy=crossover             E=37  session_best=37  elapsed=90.0s
[07:44:02] trial=   8  strategy=partial_completion    E=37  session_best=37  elapsed=90.0s
[07:44:02] trial=   8  strategy=partial_completion    E=37  session_best=37  elapsed=90.0s
[07:44:02] trial=   7  strategy=partial_completion    E=37  session_best=37  elapsed=90.0s
[07:44:02] trial=   7  strategy=partial_completion    E=37  session_best=37  elapsed=90.0s
[07:45:32] trial=   9  strategy=crossover             E=37  session_best=37  elapsed=90.0s
[07:45:32] trial=   9  strategy=crossover             E=37  session_best=37  elapsed=90.0s
[07:45:32] trial=   8  strategy=crossover             E=37  session_best=37  elapsed=90.0s
[07:45:32] trial=   8  strategy=crossover             E=37  session_best=37  elapsed=90.0s
[07:47:02] trial=  10  strategy=crossover             E=37  session_best=37  elapsed=90.0s
[07:47:02] trial=  10  strategy=crossover             E=37  session_best=37  elapsed=90.0s
[07:47:02] trial=   9  strategy=crossover             E=37  session_best=37  elapsed=90.0s
[07:47:02] trial=   9  strategy=crossover             E=37  session_best=37  elapsed=90.0s
[07:48:32] trial=  11  strategy=partial_completion    E=37  session_best=37  elapsed=90.0s
[07:48:32] trial=  11  strategy=partial_completion    E=37  session_best=37  elapsed=90.0s
[07:48:32] trial=  10  strategy=row_replace_sa        E=37  session_best=37  elapsed=90.0s
[07:48:32] trial=  10  strategy=row_replace_sa        E=37  session_best=37  elapsed=90.0s
[07:50:02] trial=  12  strategy=partial_completion    E=37  session_best=37  elapsed=90.0s
[07:50:02] trial=  12  strategy=partial_completion    E=37  session_best=37  elapsed=90.0s
[07:50:02] trial=  11  strategy=partial_completion    E=37  session_best=37  elapsed=90.0s
[07:50:02] trial=  11  strategy=partial_completion    E=37  session_best=37  elapsed=90.0s
[07:51:32] trial=  13  strategy=partial_completion    E=37  session_best=37  elapsed=90.0s
[07:51:32] trial=  13  strategy=partial_completion    E=37  session_best=37  elapsed=90.0s
[07:51:32] trial=  12  strategy=row_replace_sa        E=37  session_best=37  elapsed=90.0s
[07:51:32] trial=  12  strategy=row_replace_sa        E=37  session_best=37  elapsed=90.0s
[07:53:02] trial=  14  strategy=row_replace_sa        E=37  session_best=37  elapsed=90.0s
[07:53:02] trial=  14  strategy=row_replace_sa        E=37  session_best=37  elapsed=90.0s
[07:53:02] trial=  13  strategy=partial_completion    E=37  session_best=37  elapsed=90.0s
[07:53:02] trial=  13  strategy=partial_completion    E=37  session_best=37  elapsed=90.0s
[07:54:32] trial=  15  strategy=row_replace_sa        E=37  session_best=37  elapsed=90.0s
[07:54:32] trial=  15  strategy=row_replace_sa        E=37  session_best=37  elapsed=90.0s
[07:54:32] trial=  14  strategy=crossover             E=37  session_best=37  elapsed=90.0s
[07:54:32] trial=  14  strategy=crossover             E=37  session_best=37  elapsed=90.0s
[07:56:02] trial=  16  strategy=row_replace_sa        E=37  session_best=37  elapsed=90.0s
[07:56:02] trial=  16  strategy=row_replace_sa        E=37  session_best=37  elapsed=90.0s
[07:56:02] trial=  15  strategy=row_replace_sa        E=37  session_best=37  elapsed=90.0s
[07:56:02] trial=  15  strategy=row_replace_sa        E=37  session_best=37  elapsed=90.0s
[07:57:32] trial=  17  strategy=crossover             E=37  session_best=37  elapsed=90.0s
[07:57:32] trial=  17  strategy=crossover             E=37  session_best=37  elapsed=90.0s
[07:57:32] trial=  16  strategy=partial_completion    E=37  session_best=37  elapsed=90.0s
[07:57:32] trial=  16  strategy=partial_completion    E=37  session_best=37  elapsed=90.0s
[07:59:02] trial=  18  strategy=partial_completion    E=37  session_best=37  elapsed=90.0s
[07:59:02] trial=  18  strategy=partial_completion    E=37  session_best=37  elapsed=90.0s
[07:59:02] trial=  17  strategy=row_replace_sa        E=37  session_best=37  elapsed=90.0s
[07:59:02] trial=  17  strategy=row_replace_sa        E=37  session_best=37  elapsed=90.0s
[08:00:32] trial=  19  strategy=crossover             E=37  session_best=37  elapsed=90.0s
[08:00:32] trial=  19  strategy=crossover             E=37  session_best=37  elapsed=90.0s
[08:00:32] trial=  18  strategy=row_replace_sa        E=37  session_best=37  elapsed=90.0s
[08:00:32] trial=  18  strategy=row_replace_sa        E=37  session_best=37  elapsed=90.0s
[08:02:02] trial=  20  strategy=row_replace_sa        E=37  session_best=37  elapsed=90.0s
[08:02:02] trial=  20  strategy=row_replace_sa        E=37  session_best=37  elapsed=90.0s
[08:02:02] trial=  19  strategy=row_replace_sa        E=37  session_best=37  elapsed=90.0s
[08:02:02] trial=  19  strategy=row_replace_sa        E=37  session_best=37  elapsed=90.0s
[08:03:32] trial=  21  strategy=row_replace_sa        E=37  session_best=37  elapsed=90.0s
[08:03:32] trial=  21  strategy=row_replace_sa        E=37  session_best=37  elapsed=90.0s
[08:03:32] trial=  20  strategy=partial_completion    E=37  session_best=37  elapsed=90.0s
[08:03:32] trial=  20  strategy=partial_completion    E=37  session_best=37  elapsed=90.0s
[08:05:02] trial=  22  strategy=partial_completion    E=37  session_best=37  elapsed=90.0s
[08:05:02] trial=  22  strategy=partial_completion    E=37  session_best=37  elapsed=90.0s
[08:05:02] trial=  21  strategy=crossover             E=37  session_best=37  elapsed=90.0s
[08:05:02] trial=  21  strategy=crossover             E=37  session_best=37  elapsed=90.0s
[08:06:32] trial=  23  strategy=partial_completion    E=37  session_best=37  elapsed=90.0s
[08:06:32] trial=  23  strategy=partial_completion    E=37  session_best=37  elapsed=90.0s
[08:06:32] trial=  22  strategy=crossover             E=37  session_best=37  elapsed=90.0s
[08:06:32] trial=  22  strategy=crossover             E=37  session_best=37  elapsed=90.0s
[08:08:02] trial=  24  strategy=crossover             E=37  session_best=37  elapsed=90.0s
[08:08:02] trial=  24  strategy=crossover             E=37  session_best=37  elapsed=90.0s
[08:08:02] trial=  23  strategy=partial_completion    E=37  session_best=37  elapsed=90.0s
[08:08:02] trial=  23  strategy=partial_completion    E=37  session_best=37  elapsed=90.0s
[08:09:32] trial=  24  strategy=crossover             E=37  session_best=37  elapsed=90.0s
[08:09:32] trial=  24  strategy=crossover             E=37  session_best=37  elapsed=90.0s
[08:09:32] trial=  25  strategy=row_replace_sa        E=37  session_best=37  elapsed=90.0s
[08:09:32] trial=  25  strategy=row_replace_sa        E=37  session_best=37  elapsed=90.0s
[08:11:02] trial=  26  strategy=row_replace_sa        E=37  session_best=37  elapsed=90.0s
[08:11:02] trial=  26  strategy=row_replace_sa        E=37  session_best=37  elapsed=90.0s
[08:11:02] trial=  25  strategy=partial_completion    E=37  session_best=37  elapsed=90.0s
[08:11:02] trial=  25  strategy=partial_completion    E=37  session_best=37  elapsed=90.0s
[08:12:32] trial=  26  strategy=crossover             E=37  session_best=37  elapsed=90.0s
[08:12:32] trial=  26  strategy=crossover             E=37  session_best=37  elapsed=90.0s
[08:12:32] trial=  27  strategy=crossover             E=37  session_best=37  elapsed=90.0s
[08:12:32] trial=  27  strategy=crossover             E=37  session_best=37  elapsed=90.0s
[08:14:02] trial=  27  strategy=crossover             E=37  session_best=37  elapsed=90.0s
[08:14:02] trial=  27  strategy=crossover             E=37  session_best=37  elapsed=90.0s
[08:14:02] trial=  28  strategy=row_replace_sa        E=37  session_best=37  elapsed=90.0s
[08:14:02] trial=  28  strategy=row_replace_sa        E=37  session_best=37  elapsed=90.0s
[08:15:32] trial=  29  strategy=partial_completion    E=37  session_best=37  elapsed=90.0s
[08:15:32] trial=  29  strategy=partial_completion    E=37  session_best=37  elapsed=90.0s
[08:15:32] trial=  28  strategy=row_replace_sa        E=37  session_best=37  elapsed=90.0s
[08:15:32] trial=  28  strategy=row_replace_sa        E=37  session_best=37  elapsed=90.0s
[08:17:02] trial=  30  strategy=partial_completion    E=37  session_best=37  elapsed=90.0s
[08:17:02] trial=  30  strategy=partial_completion    E=37  session_best=37  elapsed=90.0s
[08:17:02] trial=  29  strategy=row_replace_sa        E=37  session_best=37  elapsed=90.0s
[08:17:02] trial=  29  strategy=row_replace_sa        E=37  session_best=37  elapsed=90.0s
[08:18:32] trial=  31  strategy=row_replace_sa        E=37  session_best=37  elapsed=90.0s
[08:18:32] trial=  31  strategy=row_replace_sa        E=37  session_best=37  elapsed=90.0s
[08:18:33] trial=  30  strategy=row_replace_sa        E=37  session_best=37  elapsed=90.0s
[08:18:33] trial=  30  strategy=row_replace_sa        E=37  session_best=37  elapsed=90.0s
[08:20:02] trial=  32  strategy=row_replace_sa        E=37  session_best=37  elapsed=90.0s
[08:20:02] trial=  32  strategy=row_replace_sa        E=37  session_best=37  elapsed=90.0s
[08:20:03] trial=  31  strategy=row_replace_sa        E=37  session_best=37  elapsed=90.0s
[08:20:03] trial=  31  strategy=row_replace_sa        E=37  session_best=37  elapsed=90.0s
[08:21:32] trial=  33  strategy=partial_completion    E=37  session_best=37  elapsed=90.0s
[08:21:32] trial=  33  strategy=partial_completion    E=37  session_best=37  elapsed=90.0s
[08:21:33] trial=  32  strategy=crossover             E=37  session_best=37  elapsed=90.0s
[08:21:33] trial=  32  strategy=crossover             E=37  session_best=37  elapsed=90.0s
[08:23:02] trial=  34  strategy=crossover             E=37  session_best=37  elapsed=90.0s
[08:23:02] trial=  34  strategy=crossover             E=37  session_best=37  elapsed=90.0s
[08:23:03] trial=  33  strategy=partial_completion    E=37  session_best=37  elapsed=90.0s
[08:23:03] trial=  33  strategy=partial_completion    E=37  session_best=37  elapsed=90.0s
[08:24:33] trial=  35  strategy=crossover             E=37  session_best=37  elapsed=90.0s
[08:24:33] trial=  35  strategy=crossover             E=37  session_best=37  elapsed=90.0s
[08:24:33] trial=  34  strategy=row_replace_sa        E=37  session_best=37  elapsed=90.0s
[08:24:33] trial=  34  strategy=row_replace_sa        E=37  session_best=37  elapsed=90.0s
[08:26:03] trial=  36  strategy=row_replace_sa        E=37  session_best=37  elapsed=90.0s
[08:26:03] trial=  36  strategy=row_replace_sa        E=37  session_best=37  elapsed=90.0s
[08:26:03] trial=  35  strategy=row_replace_sa        E=37  session_best=37  elapsed=90.0s
[08:26:03] trial=  35  strategy=row_replace_sa        E=37  session_best=37  elapsed=90.0s
[08:27:33] trial=  37  strategy=crossover             E=37  session_best=37  elapsed=90.0s
[08:27:33] trial=  37  strategy=crossover             E=37  session_best=37  elapsed=90.0s
[08:27:33] trial=  36  strategy=partial_completion    E=37  session_best=37  elapsed=90.0s
[08:27:33] trial=  36  strategy=partial_completion    E=37  session_best=37  elapsed=90.0s
[08:29:03] trial=  38  strategy=partial_completion    E=37  session_best=37  elapsed=90.0s
[08:29:03] trial=  38  strategy=partial_completion    E=37  session_best=37  elapsed=90.0s
[08:29:03] trial=  37  strategy=row_replace_sa        E=37  session_best=37  elapsed=90.0s
[08:29:03] trial=  37  strategy=row_replace_sa        E=37  session_best=37  elapsed=90.0s
[08:30:33] trial=  39  strategy=row_replace_sa        E=37  session_best=37  elapsed=90.0s
[08:30:33] trial=  39  strategy=row_replace_sa        E=37  session_best=37  elapsed=90.0s
[08:30:33] trial=  38  strategy=crossover             E=37  session_best=37  elapsed=90.0s
[08:30:33] trial=  38  strategy=crossover             E=37  session_best=37  elapsed=90.0s
[08:32:03] trial=  40  strategy=crossover             E=37  session_best=37  elapsed=90.1s
[08:32:03] trial=  40  strategy=crossover             E=37  session_best=37  elapsed=90.1s
[08:32:03] trial=  39  strategy=row_replace_sa        E=37  session_best=37  elapsed=90.0s
[08:32:03] trial=  39  strategy=row_replace_sa        E=37  session_best=37  elapsed=90.0s
[08:33:33] trial=  41  strategy=partial_completion    E=37  session_best=37  elapsed=90.0s
[08:33:33] trial=  41  strategy=partial_completion    E=37  session_best=37  elapsed=90.0s
[08:33:33] trial=  42  strategy=crossover             E=34  session_best=34  elapsed=0.0s
[08:33:33] trial=  42  strategy=crossover             E=34  session_best=34  elapsed=0.0s
[08:33:33] trial=  40  strategy=crossover             E=37  session_best=37  elapsed=90.0s
[08:33:33] trial=  40  strategy=crossover             E=37  session_best=37  elapsed=90.0s
[08:35:03] trial=  43  strategy=row_replace_sa        E=34  session_best=34  elapsed=90.1s
[08:35:03] trial=  43  strategy=row_replace_sa        E=34  session_best=34  elapsed=90.1s
[08:35:03] trial=  44  strategy=crossover             E=34  session_best=34  elapsed=0.0s
[08:35:03] trial=  44  strategy=crossover             E=34  session_best=34  elapsed=0.0s
[08:35:03] trial=  41  strategy=row_replace_sa        E=34  session_best=34  elapsed=90.1s
[08:35:03] trial=  41  strategy=row_replace_sa        E=34  session_best=34  elapsed=90.1s
[08:35:03] trial=  42  strategy=crossover             E=34  session_best=34  elapsed=0.0s
[08:35:03] trial=  42  strategy=crossover             E=34  session_best=34  elapsed=0.0s
[08:35:03] trial=  45  strategy=crossover             E=34  session_best=34  elapsed=0.0s
[08:35:03] trial=  45  strategy=crossover             E=34  session_best=34  elapsed=0.0s
[08:36:33] trial=  43  strategy=row_replace_sa        E=34  session_best=34  elapsed=90.0s
[08:36:33] trial=  43  strategy=row_replace_sa        E=34  session_best=34  elapsed=90.0s
[08:36:33] trial=  46  strategy=row_replace_sa        E=34  session_best=34  elapsed=90.1s
[08:36:33] trial=  46  strategy=row_replace_sa        E=34  session_best=34  elapsed=90.1s
[08:36:33] trial=  47  strategy=crossover             E=34  session_best=34  elapsed=0.0s
[08:36:33] trial=  47  strategy=crossover             E=34  session_best=34  elapsed=0.0s
[08:38:03] trial=  44  strategy=row_replace_sa        E=34  session_best=34  elapsed=90.0s
[08:38:03] trial=  44  strategy=row_replace_sa        E=34  session_best=34  elapsed=90.0s
[08:38:03] trial=  48  strategy=partial_completion    E=34  session_best=34  elapsed=90.0s
[08:38:03] trial=  48  strategy=partial_completion    E=34  session_best=34  elapsed=90.0s
[08:39:33] trial=  45  strategy=row_replace_sa        E=34  session_best=34  elapsed=90.1s
[08:39:33] trial=  45  strategy=row_replace_sa        E=34  session_best=34  elapsed=90.1s
[08:39:34] trial=  49  strategy=partial_completion    E=34  session_best=34  elapsed=90.0s
[08:39:34] trial=  49  strategy=partial_completion    E=34  session_best=34  elapsed=90.0s
[08:41:03] trial=  46  strategy=crossover             E=34  session_best=34  elapsed=90.1s
[08:41:03] trial=  46  strategy=crossover             E=34  session_best=34  elapsed=90.1s
[08:41:04] trial=  50  strategy=row_replace_sa        E=34  session_best=34  elapsed=90.0s
[08:41:04] trial=  50  strategy=row_replace_sa        E=34  session_best=34  elapsed=90.0s
[08:42:33] trial=  47  strategy=row_replace_sa        E=34  session_best=34  elapsed=90.0s
[08:42:33] trial=  47  strategy=row_replace_sa        E=34  session_best=34  elapsed=90.0s
[08:42:34] trial=  51  strategy=partial_completion    E=34  session_best=34  elapsed=90.1s
[08:42:34] trial=  51  strategy=partial_completion    E=34  session_best=34  elapsed=90.1s
[08:44:04] trial=  48  strategy=row_replace_sa        E=34  session_best=34  elapsed=90.0s
[08:44:04] trial=  48  strategy=row_replace_sa        E=34  session_best=34  elapsed=90.0s
[08:44:04] trial=  52  strategy=partial_completion    E=34  session_best=34  elapsed=90.0s
[08:44:04] trial=  52  strategy=partial_completion    E=34  session_best=34  elapsed=90.0s
[08:45:34] trial=  49  strategy=partial_completion    E=34  session_best=34  elapsed=90.0s
[08:45:34] trial=  49  strategy=partial_completion    E=34  session_best=34  elapsed=90.0s
[08:45:34] trial=  53  strategy=partial_completion    E=34  session_best=34  elapsed=90.0s
[08:45:34] trial=  53  strategy=partial_completion    E=34  session_best=34  elapsed=90.0s
[08:47:04] trial=  50  strategy=partial_completion    E=34  session_best=34  elapsed=90.0s
[08:47:04] trial=  50  strategy=partial_completion    E=34  session_best=34  elapsed=90.0s
[08:47:04] trial=  54  strategy=row_replace_sa        E=34  session_best=34  elapsed=90.1s
[08:47:04] trial=  54  strategy=row_replace_sa        E=34  session_best=34  elapsed=90.1s
[08:48:34] trial=  51  strategy=crossover             E=34  session_best=34  elapsed=90.1s
[08:48:34] trial=  51  strategy=crossover             E=34  session_best=34  elapsed=90.1s
[08:48:34] trial=  55  strategy=partial_completion    E=34  session_best=34  elapsed=90.1s
[08:48:34] trial=  55  strategy=partial_completion    E=34  session_best=34  elapsed=90.1s
[08:50:04] trial=  52  strategy=partial_completion    E=34  session_best=34  elapsed=90.0s
[08:50:04] trial=  52  strategy=partial_completion    E=34  session_best=34  elapsed=90.0s
[08:50:04] trial=  56  strategy=crossover             E=34  session_best=34  elapsed=90.1s
[08:50:04] trial=  56  strategy=crossover             E=34  session_best=34  elapsed=90.1s
[08:51:34] trial=  53  strategy=partial_completion    E=34  session_best=34  elapsed=90.1s
[08:51:34] trial=  53  strategy=partial_completion    E=34  session_best=34  elapsed=90.1s
[08:51:34] trial=  57  strategy=row_replace_sa        E=34  session_best=34  elapsed=90.1s
[08:51:34] trial=  57  strategy=row_replace_sa        E=34  session_best=34  elapsed=90.1s
[08:53:04] trial=  54  strategy=row_replace_sa        E=34  session_best=34  elapsed=90.0s
[08:53:04] trial=  54  strategy=row_replace_sa        E=34  session_best=34  elapsed=90.0s
[08:53:04] trial=  58  strategy=crossover             E=34  session_best=34  elapsed=90.1s
[08:53:04] trial=  58  strategy=crossover             E=34  session_best=34  elapsed=90.1s
[08:54:34] trial=  55  strategy=crossover             E=34  session_best=34  elapsed=90.1s
[08:54:34] trial=  55  strategy=crossover             E=34  session_best=34  elapsed=90.1s
[08:54:34] trial=  56  strategy=crossover             E=33  session_best=33  elapsed=0.0s
[08:54:34] trial=  56  strategy=crossover             E=33  session_best=33  elapsed=0.0s
[08:54:34] trial=  57  strategy=crossover             E=33  session_best=33  elapsed=0.0s
[08:54:34] trial=  57  strategy=crossover             E=33  session_best=33  elapsed=0.0s
[08:54:34] trial=  58  strategy=crossover             E=33  session_best=33  elapsed=0.0s
[08:54:34] trial=  58  strategy=crossover             E=33  session_best=33  elapsed=0.0s
[08:54:35] trial=  59  strategy=partial_completion    E=34  session_best=34  elapsed=90.0s
[08:54:35] trial=  59  strategy=partial_completion    E=34  session_best=34  elapsed=90.0s
[08:54:35] trial=  60  strategy=crossover             E=33  session_best=33  elapsed=0.0s
[08:54:35] trial=  60  strategy=crossover             E=33  session_best=33  elapsed=0.0s
[08:56:04] trial=  59  strategy=row_replace_sa        E=33  session_best=33  elapsed=90.0s
[08:56:04] trial=  59  strategy=row_replace_sa        E=33  session_best=33  elapsed=90.0s
[08:56:05] trial=  61  strategy=row_replace_sa        E=33  session_best=33  elapsed=90.1s
[08:56:05] trial=  61  strategy=row_replace_sa        E=33  session_best=33  elapsed=90.1s
[08:57:34] trial=  60  strategy=partial_completion    E=33  session_best=33  elapsed=90.0s
[08:57:34] trial=  60  strategy=partial_completion    E=33  session_best=33  elapsed=90.0s
[08:57:35] trial=  62  strategy=partial_completion    E=33  session_best=33  elapsed=90.0s
[08:57:35] trial=  62  strategy=partial_completion    E=33  session_best=33  elapsed=90.0s
[08:59:04] trial=  61  strategy=partial_completion    E=33  session_best=33  elapsed=90.1s
[08:59:04] trial=  61  strategy=partial_completion    E=33  session_best=33  elapsed=90.1s
[08:59:04] trial=  62  strategy=crossover             E=33  session_best=33  elapsed=0.0s
[08:59:04] trial=  62  strategy=crossover             E=33  session_best=33  elapsed=0.0s
[08:59:05] trial=  63  strategy=partial_completion    E=33  session_best=33  elapsed=90.0s
[08:59:05] trial=  63  strategy=partial_completion    E=33  session_best=33  elapsed=90.0s
[09:00:35] trial=  63  strategy=partial_completion    E=33  session_best=33  elapsed=90.1s
[09:00:35] trial=  63  strategy=partial_completion    E=33  session_best=33  elapsed=90.1s
[09:00:35] trial=  64  strategy=partial_completion    E=33  session_best=33  elapsed=90.0s
[09:00:35] trial=  64  strategy=partial_completion    E=33  session_best=33  elapsed=90.0s
[09:02:05] trial=  64  strategy=row_replace_sa        E=33  session_best=33  elapsed=90.0s
[09:02:05] trial=  64  strategy=row_replace_sa        E=33  session_best=33  elapsed=90.0s
[09:02:05] trial=  65  strategy=row_replace_sa        E=33  session_best=33  elapsed=90.0s
[09:02:05] trial=  65  strategy=row_replace_sa        E=33  session_best=33  elapsed=90.0s
[09:03:35] trial=  65  strategy=row_replace_sa        E=33  session_best=33  elapsed=90.1s
[09:03:35] trial=  65  strategy=row_replace_sa        E=33  session_best=33  elapsed=90.1s
[09:03:35] trial=  66  strategy=row_replace_sa        E=33  session_best=33  elapsed=90.1s
[09:03:35] trial=  66  strategy=row_replace_sa        E=33  session_best=33  elapsed=90.1s
[09:05:05] trial=  66  strategy=partial_completion    E=33  session_best=33  elapsed=90.0s
[09:05:05] trial=  66  strategy=partial_completion    E=33  session_best=33  elapsed=90.0s
[09:05:05] trial=  67  strategy=row_replace_sa        E=33  session_best=33  elapsed=90.0s
[09:05:05] trial=  67  strategy=row_replace_sa        E=33  session_best=33  elapsed=90.0s
[09:06:35] trial=  67  strategy=partial_completion    E=33  session_best=33  elapsed=90.1s
[09:06:35] trial=  67  strategy=partial_completion    E=33  session_best=33  elapsed=90.1s
[09:06:35] trial=  68  strategy=partial_completion    E=33  session_best=33  elapsed=90.1s
[09:06:35] trial=  68  strategy=partial_completion    E=33  session_best=33  elapsed=90.1s
[09:08:05] trial=  68  strategy=row_replace_sa        E=33  session_best=33  elapsed=90.0s
[09:08:05] trial=  68  strategy=row_replace_sa        E=33  session_best=33  elapsed=90.0s
[09:08:05] trial=  69  strategy=crossover             E=33  session_best=33  elapsed=90.0s
[09:08:05] trial=  69  strategy=crossover             E=33  session_best=33  elapsed=90.0s
[09:09:35] trial=  69  strategy=crossover             E=33  session_best=33  elapsed=90.1s
[09:09:35] trial=  69  strategy=crossover             E=33  session_best=33  elapsed=90.1s
[09:09:35] trial=  70  strategy=crossover             E=33  session_best=33  elapsed=90.0s
[09:09:35] trial=  70  strategy=crossover             E=33  session_best=33  elapsed=90.0s
[09:11:05] trial=  71  strategy=crossover             E=33  session_best=33  elapsed=90.1s
[09:11:05] trial=  71  strategy=crossover             E=33  session_best=33  elapsed=90.1s
[09:11:06] trial=  70  strategy=crossover             E=33  session_best=33  elapsed=90.0s
[09:11:06] trial=  70  strategy=crossover             E=33  session_best=33  elapsed=90.0s
[09:12:35] trial=  72  strategy=row_replace_sa        E=32  session_best=32  elapsed=90.0s
[09:12:35] trial=  72  strategy=row_replace_sa        E=32  session_best=32  elapsed=90.0s
[09:12:36] trial=  71  strategy=row_replace_sa        E=32  session_best=32  elapsed=90.0s
[09:12:36] trial=  71  strategy=row_replace_sa        E=32  session_best=32  elapsed=90.0s
[09:12:36] trial=  72  strategy=crossover             E=32  session_best=32  elapsed=0.0s
[09:12:36] trial=  72  strategy=crossover             E=32  session_best=32  elapsed=0.0s
[09:12:36] trial=  73  strategy=crossover             E=32  session_best=32  elapsed=0.0s
[09:12:36] trial=  73  strategy=crossover             E=32  session_best=32  elapsed=0.0s
[09:14:06] trial=  73  strategy=partial_completion    E=32  session_best=32  elapsed=90.1s
[09:14:06] trial=  73  strategy=partial_completion    E=32  session_best=32  elapsed=90.1s
[09:14:06] trial=  74  strategy=crossover             E=32  session_best=32  elapsed=0.0s
[09:14:06] trial=  74  strategy=crossover             E=32  session_best=32  elapsed=0.0s
[09:14:06] trial=  74  strategy=row_replace_sa        E=32  session_best=32  elapsed=90.0s
[09:14:06] trial=  74  strategy=row_replace_sa        E=32  session_best=32  elapsed=90.0s
[09:14:06] trial=  75  strategy=crossover             E=32  session_best=32  elapsed=0.0s
[09:14:06] trial=  75  strategy=crossover             E=32  session_best=32  elapsed=0.0s
[09:15:36] trial=  75  strategy=row_replace_sa        E=32  session_best=32  elapsed=90.2s
[09:15:36] trial=  75  strategy=row_replace_sa        E=32  session_best=32  elapsed=90.2s
[09:15:36] trial=  76  strategy=crossover             E=32  session_best=32  elapsed=0.0s
[09:15:36] trial=  76  strategy=crossover             E=32  session_best=32  elapsed=0.0s
[09:15:36] trial=  76  strategy=row_replace_sa        E=32  session_best=32  elapsed=90.1s
[09:15:36] trial=  76  strategy=row_replace_sa        E=32  session_best=32  elapsed=90.1s
[09:17:06] trial=  77  strategy=partial_completion    E=32  session_best=32  elapsed=90.0s
[09:17:06] trial=  77  strategy=partial_completion    E=32  session_best=32  elapsed=90.0s
[09:17:06] trial=  77  strategy=row_replace_sa        E=32  session_best=32  elapsed=90.1s
[09:17:06] trial=  77  strategy=row_replace_sa        E=32  session_best=32  elapsed=90.1s
[09:17:06] trial=  78  strategy=crossover             E=32  session_best=32  elapsed=0.0s
[09:17:06] trial=  78  strategy=crossover             E=32  session_best=32  elapsed=0.0s
[09:18:36] trial=  78  strategy=row_replace_sa        E=32  session_best=32  elapsed=90.2s
[09:18:36] trial=  78  strategy=row_replace_sa        E=32  session_best=32  elapsed=90.2s
[09:18:36] trial=  79  strategy=crossover             E=32  session_best=32  elapsed=0.0s
[09:18:36] trial=  79  strategy=crossover             E=32  session_best=32  elapsed=0.0s
[09:18:36] trial=  79  strategy=partial_completion    E=32  session_best=32  elapsed=90.1s
[09:18:36] trial=  79  strategy=partial_completion    E=32  session_best=32  elapsed=90.1s
[09:20:06] trial=  80  strategy=partial_completion    E=32  session_best=32  elapsed=90.1s
[09:20:06] trial=  80  strategy=partial_completion    E=32  session_best=32  elapsed=90.1s
[09:20:07] trial=  80  strategy=row_replace_sa        E=32  session_best=32  elapsed=90.0s
[09:20:07] trial=  80  strategy=row_replace_sa        E=32  session_best=32  elapsed=90.0s
[17:51:56] crossover_search started: seed=4242 budget=90.0s
[17:51:56] crossover_search started: seed=4242 budget=90.0s
[17:51:58] crossover_search started: seed=8888 budget=90.0s
[17:51:58] crossover_search started: seed=8888 budget=90.0s
[17:53:26] trial=   1  strategy=row_replace_sa        E=32  session_best=32  elapsed=90.0s
[17:53:26] trial=   1  strategy=row_replace_sa        E=32  session_best=32  elapsed=90.0s
[17:53:28] trial=   1  strategy=row_replace_sa        E=32  session_best=32  elapsed=90.1s
[17:53:28] trial=   1  strategy=row_replace_sa        E=32  session_best=32  elapsed=90.1s
[17:54:56] trial=   2  strategy=row_replace_sa        E=32  session_best=32  elapsed=90.0s
[17:54:56] trial=   2  strategy=row_replace_sa        E=32  session_best=32  elapsed=90.0s
[17:54:58] trial=   2  strategy=partial_completion    E=32  session_best=32  elapsed=90.1s
[17:54:58] trial=   2  strategy=partial_completion    E=32  session_best=32  elapsed=90.1s
[17:56:26] trial=   3  strategy=partial_completion    E=32  session_best=32  elapsed=90.1s
[17:56:26] trial=   3  strategy=partial_completion    E=32  session_best=32  elapsed=90.1s
[17:56:28] trial=   3  strategy=partial_completion    E=32  session_best=32  elapsed=90.1s
[17:56:28] trial=   3  strategy=partial_completion    E=32  session_best=32  elapsed=90.1s
[17:56:28] trial=   4  strategy=crossover             E=32  session_best=32  elapsed=0.0s
[17:56:28] trial=   4  strategy=crossover             E=32  session_best=32  elapsed=0.0s
[17:57:56] trial=   4  strategy=row_replace_sa        E=32  session_best=32  elapsed=90.0s
[17:57:56] trial=   4  strategy=row_replace_sa        E=32  session_best=32  elapsed=90.0s
[17:57:58] trial=   5  strategy=row_replace_sa        E=32  session_best=32  elapsed=90.0s
[17:57:58] trial=   5  strategy=row_replace_sa        E=32  session_best=32  elapsed=90.0s
[17:59:27] trial=   5  strategy=row_replace_sa        E=32  session_best=32  elapsed=90.1s
[17:59:27] trial=   5  strategy=row_replace_sa        E=32  session_best=32  elapsed=90.1s
[17:59:29] trial=   6  strategy=partial_completion    E=32  session_best=32  elapsed=90.1s
[17:59:29] trial=   6  strategy=partial_completion    E=32  session_best=32  elapsed=90.1s
[18:00:57] trial=   6  strategy=partial_completion    E=32  session_best=32  elapsed=90.1s
[18:00:57] trial=   6  strategy=partial_completion    E=32  session_best=32  elapsed=90.1s
[18:00:57] trial=   7  strategy=crossover             E=32  session_best=32  elapsed=0.0s
[18:00:57] trial=   7  strategy=crossover             E=32  session_best=32  elapsed=0.0s
[18:00:59] trial=   7  strategy=row_replace_sa        E=32  session_best=32  elapsed=90.1s
[18:00:59] trial=   7  strategy=row_replace_sa        E=32  session_best=32  elapsed=90.1s
[18:02:27] trial=   8  strategy=row_replace_sa        E=32  session_best=32  elapsed=90.1s
[18:02:27] trial=   8  strategy=row_replace_sa        E=32  session_best=32  elapsed=90.1s
[18:02:29] trial=   8  strategy=row_replace_sa        E=32  session_best=32  elapsed=90.0s
[18:02:29] trial=   8  strategy=row_replace_sa        E=32  session_best=32  elapsed=90.0s
[18:03:57] trial=   9  strategy=partial_completion    E=32  session_best=32  elapsed=90.0s
[18:03:57] trial=   9  strategy=partial_completion    E=32  session_best=32  elapsed=90.0s
[18:03:57] trial=  10  strategy=crossover             E=32  session_best=32  elapsed=0.0s
[18:03:57] trial=  10  strategy=crossover             E=32  session_best=32  elapsed=0.0s
[18:03:59] trial=   9  strategy=partial_completion    E=32  session_best=32  elapsed=90.1s
[18:03:59] trial=   9  strategy=partial_completion    E=32  session_best=32  elapsed=90.1s
[18:05:27] trial=  11  strategy=partial_completion    E=32  session_best=32  elapsed=90.1s
[18:05:27] trial=  11  strategy=partial_completion    E=32  session_best=32  elapsed=90.1s
[18:05:29] trial=  10  strategy=row_replace_sa        E=32  session_best=32  elapsed=90.2s
[18:05:29] trial=  10  strategy=row_replace_sa        E=32  session_best=32  elapsed=90.2s
[18:06:58] trial=  12  strategy=row_replace_sa        E=32  session_best=32  elapsed=90.1s
[18:06:58] trial=  12  strategy=row_replace_sa        E=32  session_best=32  elapsed=90.1s
[18:07:00] trial=  11  strategy=partial_completion    E=32  session_best=32  elapsed=90.1s
[18:07:00] trial=  11  strategy=partial_completion    E=32  session_best=32  elapsed=90.1s
[18:08:28] trial=  13  strategy=partial_completion    E=32  session_best=32  elapsed=90.0s
[18:08:28] trial=  13  strategy=partial_completion    E=32  session_best=32  elapsed=90.0s
[18:08:30] trial=  12  strategy=partial_completion    E=32  session_best=32  elapsed=90.1s
[18:08:30] trial=  12  strategy=partial_completion    E=32  session_best=32  elapsed=90.1s
[18:09:58] trial=  14  strategy=row_replace_sa        E=31  session_best=31  elapsed=90.1s
[18:09:58] trial=  14  strategy=row_replace_sa        E=31  session_best=31  elapsed=90.1s
[18:10:00] trial=  13  strategy=partial_completion    E=31  session_best=31  elapsed=90.2s
[18:10:00] trial=  13  strategy=partial_completion    E=31  session_best=31  elapsed=90.2s
[18:11:28] trial=  15  strategy=partial_completion    E=31  session_best=31  elapsed=90.0s
[18:11:28] trial=  15  strategy=partial_completion    E=31  session_best=31  elapsed=90.0s
[18:11:30] trial=  14  strategy=row_replace_sa        E=31  session_best=31  elapsed=90.1s
[18:11:30] trial=  14  strategy=row_replace_sa        E=31  session_best=31  elapsed=90.1s
[18:12:58] trial=  16  strategy=partial_completion    E=31  session_best=31  elapsed=90.2s
[18:12:58] trial=  16  strategy=partial_completion    E=31  session_best=31  elapsed=90.2s
[18:12:59] trial=  17  strategy=crossover             E=31  session_best=31  elapsed=0.0s
[18:12:59] trial=  17  strategy=crossover             E=31  session_best=31  elapsed=0.0s
[18:13:00] trial=  15  strategy=row_replace_sa        E=31  session_best=31  elapsed=90.1s
[18:13:00] trial=  15  strategy=row_replace_sa        E=31  session_best=31  elapsed=90.1s
[18:14:29] trial=  18  strategy=row_replace_sa        E=31  session_best=31  elapsed=90.1s
[18:14:29] trial=  18  strategy=row_replace_sa        E=31  session_best=31  elapsed=90.1s
[18:14:30] trial=  16  strategy=partial_completion    E=31  session_best=31  elapsed=90.1s
[18:14:30] trial=  16  strategy=partial_completion    E=31  session_best=31  elapsed=90.1s
[18:15:59] trial=  19  strategy=partial_completion    E=31  session_best=31  elapsed=90.2s
[18:15:59] trial=  19  strategy=partial_completion    E=31  session_best=31  elapsed=90.2s
[18:16:00] trial=  17  strategy=row_replace_sa        E=31  session_best=31  elapsed=90.1s
[18:16:00] trial=  17  strategy=row_replace_sa        E=31  session_best=31  elapsed=90.1s
[18:16:00] trial=  18  strategy=crossover             E=31  session_best=31  elapsed=0.0s
[18:16:00] trial=  18  strategy=crossover             E=31  session_best=31  elapsed=0.0s
[18:16:01] trial=  19  strategy=crossover             E=31  session_best=31  elapsed=0.0s
[18:16:01] trial=  19  strategy=crossover             E=31  session_best=31  elapsed=0.0s
[18:16:01] trial=  20  strategy=crossover             E=31  session_best=31  elapsed=0.0s
[18:16:01] trial=  20  strategy=crossover             E=31  session_best=31  elapsed=0.0s
[18:16:01] trial=  21  strategy=crossover             E=31  session_best=31  elapsed=0.0s
[18:16:01] trial=  21  strategy=crossover             E=31  session_best=31  elapsed=0.0s
[18:16:01] trial=  22  strategy=crossover             E=31  session_best=31  elapsed=0.0s
[18:16:01] trial=  22  strategy=crossover             E=31  session_best=31  elapsed=0.0s
[18:17:29] trial=  20  strategy=partial_completion    E=31  session_best=31  elapsed=90.3s
[18:17:29] trial=  20  strategy=partial_completion    E=31  session_best=31  elapsed=90.3s
[18:17:31] trial=  23  strategy=row_replace_sa        E=31  session_best=31  elapsed=90.1s
[18:17:31] trial=  23  strategy=row_replace_sa        E=31  session_best=31  elapsed=90.1s
[18:19:00] trial=  21  strategy=row_replace_sa        E=31  session_best=31  elapsed=90.1s
[18:19:00] trial=  21  strategy=row_replace_sa        E=31  session_best=31  elapsed=90.1s
[18:19:02] trial=  24  strategy=partial_completion    E=31  session_best=31  elapsed=90.1s
[18:19:02] trial=  24  strategy=partial_completion    E=31  session_best=31  elapsed=90.1s
[18:20:30] trial=  22  strategy=row_replace_sa        E=31  session_best=31  elapsed=90.0s
[18:20:30] trial=  22  strategy=row_replace_sa        E=31  session_best=31  elapsed=90.0s
[18:20:32] trial=  25  strategy=row_replace_sa        E=31  session_best=31  elapsed=90.1s
[18:20:32] trial=  25  strategy=row_replace_sa        E=31  session_best=31  elapsed=90.1s
[18:22:00] trial=  23  strategy=row_replace_sa        E=31  session_best=31  elapsed=90.4s
[18:22:00] trial=  23  strategy=row_replace_sa        E=31  session_best=31  elapsed=90.4s
[18:22:00] trial=  24  strategy=crossover             E=31  session_best=31  elapsed=0.0s
[18:22:00] trial=  24  strategy=crossover             E=31  session_best=31  elapsed=0.0s
[18:22:02] trial=  26  strategy=row_replace_sa        E=31  session_best=31  elapsed=90.2s
[18:22:02] trial=  26  strategy=row_replace_sa        E=31  session_best=31  elapsed=90.2s
[18:22:02] trial=  27  strategy=crossover             E=31  session_best=31  elapsed=0.0s
[18:22:02] trial=  27  strategy=crossover             E=31  session_best=31  elapsed=0.0s
[18:23:31] trial=  25  strategy=partial_completion    E=31  session_best=31  elapsed=90.1s
[18:23:31] trial=  25  strategy=partial_completion    E=31  session_best=31  elapsed=90.1s
[18:23:32] trial=  28  strategy=partial_completion    E=31  session_best=31  elapsed=90.1s
[18:23:32] trial=  28  strategy=partial_completion    E=31  session_best=31  elapsed=90.1s
[18:25:01] trial=  26  strategy=row_replace_sa        E=31  session_best=31  elapsed=90.0s
[18:25:01] trial=  26  strategy=row_replace_sa        E=31  session_best=31  elapsed=90.0s
[18:25:03] trial=  29  strategy=partial_completion    E=31  session_best=31  elapsed=90.3s
[18:25:03] trial=  29  strategy=partial_completion    E=31  session_best=31  elapsed=90.3s
[18:26:31] trial=  27  strategy=partial_completion    E=13  session_best=13  elapsed=90.4s
[18:26:31] trial=  27  strategy=partial_completion    E=13  session_best=13  elapsed=90.4s
[18:26:33] trial=  30  strategy=partial_completion    E=13  session_best=13  elapsed=90.1s
[18:26:33] trial=  30  strategy=partial_completion    E=13  session_best=13  elapsed=90.1s
[18:28:01] trial=  28  strategy=partial_completion    E=13  session_best=13  elapsed=90.1s
[18:28:01] trial=  28  strategy=partial_completion    E=13  session_best=13  elapsed=90.1s
[18:28:03] trial=  31  strategy=row_replace_sa        E=13  session_best=13  elapsed=90.2s
[18:28:03] trial=  31  strategy=row_replace_sa        E=13  session_best=13  elapsed=90.2s
[18:28:03] trial=  32  strategy=crossover             E=13  session_best=13  elapsed=0.0s
[18:28:03] trial=  32  strategy=crossover             E=13  session_best=13  elapsed=0.0s
[18:29:31] trial=  29  strategy=partial_completion    E=13  session_best=13  elapsed=90.0s
[18:29:31] trial=  29  strategy=partial_completion    E=13  session_best=13  elapsed=90.0s
[18:29:31] trial=  30  strategy=crossover             E=31  session_best=13  elapsed=0.0s
[18:29:31] trial=  30  strategy=crossover             E=31  session_best=13  elapsed=0.0s
[18:29:33] trial=  33  strategy=row_replace_sa        E=13  session_best=13  elapsed=90.3s
[18:29:33] trial=  33  strategy=row_replace_sa        E=13  session_best=13  elapsed=90.3s
[18:31:02] trial=  31  strategy=row_replace_sa        E=31  session_best=13  elapsed=90.1s
[18:31:02] trial=  31  strategy=row_replace_sa        E=31  session_best=13  elapsed=90.1s
[18:31:03] trial=  34  strategy=row_replace_sa        E=31  session_best=13  elapsed=90.1s
[18:31:03] trial=  34  strategy=row_replace_sa        E=31  session_best=13  elapsed=90.1s
[18:32:32] trial=  32  strategy=row_replace_sa        E=31  session_best=13  elapsed=90.0s
[18:32:32] trial=  32  strategy=row_replace_sa        E=31  session_best=13  elapsed=90.0s
[18:32:34] trial=  35  strategy=row_replace_sa        E=31  session_best=13  elapsed=90.1s
[18:32:34] trial=  35  strategy=row_replace_sa        E=31  session_best=13  elapsed=90.1s
[18:34:02] trial=  33  strategy=partial_completion    E=31  session_best=13  elapsed=90.0s
[18:34:02] trial=  33  strategy=partial_completion    E=31  session_best=13  elapsed=90.0s
[18:34:04] trial=  36  strategy=partial_completion    E=31  session_best=13  elapsed=90.2s
[18:34:04] trial=  36  strategy=partial_completion    E=31  session_best=13  elapsed=90.2s
[18:35:33] trial=  34  strategy=row_replace_sa        E=31  session_best=13  elapsed=90.0s
[18:35:33] trial=  34  strategy=row_replace_sa        E=31  session_best=13  elapsed=90.0s
[18:35:34] trial=  37  strategy=partial_completion    E=31  session_best=13  elapsed=90.1s
[18:35:34] trial=  37  strategy=partial_completion    E=31  session_best=13  elapsed=90.1s
[18:37:03] trial=  35  strategy=row_replace_sa        E=31  session_best=13  elapsed=90.0s
[18:37:03] trial=  35  strategy=row_replace_sa        E=31  session_best=13  elapsed=90.0s
[18:37:04] trial=  38  strategy=row_replace_sa        E=31  session_best=13  elapsed=90.1s
[18:37:04] trial=  38  strategy=row_replace_sa        E=31  session_best=13  elapsed=90.1s
[18:37:04] trial=  39  strategy=crossover             E=31  session_best=13  elapsed=0.0s
[18:37:04] trial=  39  strategy=crossover             E=31  session_best=13  elapsed=0.0s
[18:37:04] trial=  40  strategy=crossover             E=31  session_best=13  elapsed=0.0s
[18:37:04] trial=  40  strategy=crossover             E=31  session_best=13  elapsed=0.0s
[18:38:33] trial=  36  strategy=row_replace_sa        E=31  session_best=13  elapsed=90.2s
[18:38:33] trial=  36  strategy=row_replace_sa        E=31  session_best=13  elapsed=90.2s
[18:38:34] trial=  37  strategy=crossover             E=31  session_best=13  elapsed=0.0s
[18:38:34] trial=  37  strategy=crossover             E=31  session_best=13  elapsed=0.0s
[18:38:34] trial=  38  strategy=crossover             E=31  session_best=13  elapsed=0.0s
[18:38:34] trial=  38  strategy=crossover             E=31  session_best=13  elapsed=0.0s
[18:38:34] trial=  39  strategy=crossover             E=31  session_best=13  elapsed=0.0s
[18:38:34] trial=  39  strategy=crossover             E=31  session_best=13  elapsed=0.0s
[18:38:35] trial=  41  strategy=partial_completion    E=31  session_best=13  elapsed=90.3s
[18:38:35] trial=  41  strategy=partial_completion    E=31  session_best=13  elapsed=90.3s
[18:40:05] trial=  40  strategy=row_replace_sa        E=31  session_best=13  elapsed=90.2s
[18:40:05] trial=  40  strategy=row_replace_sa        E=31  session_best=13  elapsed=90.2s
[18:40:05] trial=  42  strategy=row_replace_sa        E=31  session_best=13  elapsed=90.1s
[18:40:05] trial=  42  strategy=row_replace_sa        E=31  session_best=13  elapsed=90.1s
[18:41:35] trial=  41  strategy=row_replace_sa        E=31  session_best=13  elapsed=90.2s
[18:41:35] trial=  41  strategy=row_replace_sa        E=31  session_best=13  elapsed=90.2s
[18:41:35] trial=  42  strategy=crossover             E=31  session_best=13  elapsed=0.0s
[18:41:35] trial=  42  strategy=crossover             E=31  session_best=13  elapsed=0.0s
[18:41:35] trial=  43  strategy=partial_completion    E=31  session_best=13  elapsed=90.3s
[18:41:35] trial=  43  strategy=partial_completion    E=31  session_best=13  elapsed=90.3s
[18:43:06] trial=  43  strategy=row_replace_sa        E=31  session_best=13  elapsed=90.3s
[18:43:06] trial=  44  strategy=row_replace_sa        E=31  session_best=13  elapsed=90.1s
[18:43:06] trial=  43  strategy=row_replace_sa        E=31  session_best=13  elapsed=90.3s
[18:43:06] trial=  44  strategy=row_replace_sa        E=31  session_best=13  elapsed=90.1s
[18:43:06] trial=  44  strategy=crossover             E=31  session_best=13  elapsed=0.0s
[18:43:06] trial=  44  strategy=crossover             E=31  session_best=13  elapsed=0.0s
[18:43:06] trial=  45  strategy=crossover             E=31  session_best=13  elapsed=0.0s
[18:43:06] trial=  45  strategy=crossover             E=31  session_best=13  elapsed=0.0s
[18:44:36] trial=  45  strategy=row_replace_sa        E=31  session_best=13  elapsed=90.1s
[18:44:36] trial=  45  strategy=row_replace_sa        E=31  session_best=13  elapsed=90.1s
[18:44:36] trial=  46  strategy=partial_completion    E=31  session_best=13  elapsed=90.0s
[18:44:36] trial=  46  strategy=partial_completion    E=31  session_best=13  elapsed=90.0s
[18:46:06] trial=  47  strategy=row_replace_sa        E=31  session_best=13  elapsed=90.1s
[18:46:06] trial=  47  strategy=row_replace_sa        E=31  session_best=13  elapsed=90.1s
[18:46:06] trial=  46  strategy=partial_completion    E=31  session_best=13  elapsed=90.0s
[18:46:06] trial=  46  strategy=partial_completion    E=31  session_best=13  elapsed=90.0s
[18:47:36] trial=  48  strategy=row_replace_sa        E=31  session_best=13  elapsed=90.1s
[18:47:36] trial=  48  strategy=row_replace_sa        E=31  session_best=13  elapsed=90.1s
[18:47:36] trial=  49  strategy=crossover             E=31  session_best=13  elapsed=0.0s
[18:47:36] trial=  49  strategy=crossover             E=31  session_best=13  elapsed=0.0s
[18:47:37] trial=  47  strategy=row_replace_sa        E=31  session_best=13  elapsed=90.1s
[18:47:37] trial=  47  strategy=row_replace_sa        E=31  session_best=13  elapsed=90.1s
[18:47:37] trial=  50  strategy=crossover             E=31  session_best=13  elapsed=0.0s
[18:47:37] trial=  50  strategy=crossover             E=31  session_best=13  elapsed=0.0s
[18:47:37] trial=  51  strategy=crossover             E=31  session_best=13  elapsed=0.0s
[18:47:37] trial=  51  strategy=crossover             E=31  session_best=13  elapsed=0.0s
[18:47:37] trial=  52  strategy=crossover             E=31  session_best=13  elapsed=0.0s
[18:47:37] trial=  52  strategy=crossover             E=31  session_best=13  elapsed=0.0s
[18:49:07] trial=  48  strategy=row_replace_sa        E=31  session_best=13  elapsed=90.0s
[18:49:07] trial=  48  strategy=row_replace_sa        E=31  session_best=13  elapsed=90.0s
[18:49:07] trial=  53  strategy=partial_completion    E=31  session_best=13  elapsed=90.0s
[18:49:07] trial=  53  strategy=partial_completion    E=31  session_best=13  elapsed=90.0s
[18:49:07] trial=  54  strategy=crossover             E=31  session_best=13  elapsed=0.0s
[18:49:07] trial=  54  strategy=crossover             E=31  session_best=13  elapsed=0.0s
[18:50:37] trial=  49  strategy=row_replace_sa        E=31  session_best=13  elapsed=90.1s
[18:50:37] trial=  49  strategy=row_replace_sa        E=31  session_best=13  elapsed=90.1s
[18:50:37] trial=  55  strategy=row_replace_sa        E=31  session_best=13  elapsed=90.1s
[18:50:37] trial=  55  strategy=row_replace_sa        E=31  session_best=13  elapsed=90.1s
[18:50:37] trial=  56  strategy=crossover             E=31  session_best=13  elapsed=0.0s
[18:50:37] trial=  56  strategy=crossover             E=31  session_best=13  elapsed=0.0s
[18:52:07] trial=  50  strategy=row_replace_sa        E=31  session_best=13  elapsed=90.0s
[18:52:07] trial=  50  strategy=row_replace_sa        E=31  session_best=13  elapsed=90.0s
[18:52:07] trial=  51  strategy=crossover             E=31  session_best=13  elapsed=0.0s
[18:52:07] trial=  51  strategy=crossover             E=31  session_best=13  elapsed=0.0s
[18:52:07] trial=  57  strategy=partial_completion    E=31  session_best=13  elapsed=90.1s
[18:52:07] trial=  57  strategy=partial_completion    E=31  session_best=13  elapsed=90.1s
[18:53:37] trial=  52  strategy=partial_completion    E=31  session_best=13  elapsed=90.0s
[18:53:37] trial=  52  strategy=partial_completion    E=31  session_best=13  elapsed=90.0s
[18:53:37] trial=  58  strategy=partial_completion    E=31  session_best=13  elapsed=90.1s
[18:53:37] trial=  58  strategy=partial_completion    E=31  session_best=13  elapsed=90.1s
[18:53:37] trial=  59  strategy=crossover             E=31  session_best=13  elapsed=0.0s
[18:53:37] trial=  59  strategy=crossover             E=31  session_best=13  elapsed=0.0s
[18:53:37] trial=  60  strategy=crossover             E=31  session_best=13  elapsed=0.0s
[18:53:37] trial=  60  strategy=crossover             E=31  session_best=13  elapsed=0.0s
[18:55:07] trial=  53  strategy=row_replace_sa        E=31  session_best=13  elapsed=90.1s
[18:55:07] trial=  53  strategy=row_replace_sa        E=31  session_best=13  elapsed=90.1s
[18:55:08] trial=  61  strategy=partial_completion    E=31  session_best=13  elapsed=90.0s
[18:55:08] trial=  61  strategy=partial_completion    E=31  session_best=13  elapsed=90.0s
[18:56:37] trial=  54  strategy=row_replace_sa        E=31  session_best=13  elapsed=90.1s
[18:56:37] trial=  54  strategy=row_replace_sa        E=31  session_best=13  elapsed=90.1s
[18:56:38] trial=  62  strategy=partial_completion    E=31  session_best=13  elapsed=90.1s
[18:56:38] trial=  62  strategy=partial_completion    E=31  session_best=13  elapsed=90.1s
[18:58:08] trial=  55  strategy=partial_completion    E=31  session_best=13  elapsed=90.0s
[18:58:08] trial=  55  strategy=partial_completion    E=31  session_best=13  elapsed=90.0s
[18:58:08] trial=  63  strategy=partial_completion    E=31  session_best=13  elapsed=90.1s
[18:58:08] trial=  63  strategy=partial_completion    E=31  session_best=13  elapsed=90.1s
[18:59:38] trial=  64  strategy=partial_completion    E=31  session_best=13  elapsed=90.0s
[18:59:38] trial=  64  strategy=partial_completion    E=31  session_best=13  elapsed=90.0s
[18:59:38] trial=  56  strategy=crossover             E=31  session_best=13  elapsed=90.1s
[18:59:38] trial=  56  strategy=crossover             E=31  session_best=13  elapsed=90.1s
[19:01:08] trial=  57  strategy=partial_completion    E=31  session_best=13  elapsed=90.1s
[19:01:08] trial=  57  strategy=partial_completion    E=31  session_best=13  elapsed=90.1s
[19:01:08] trial=  65  strategy=partial_completion    E=31  session_best=13  elapsed=90.3s
[19:01:08] trial=  65  strategy=partial_completion    E=31  session_best=13  elapsed=90.3s
[19:02:38] trial=  58  strategy=row_replace_sa        E=31  session_best=13  elapsed=90.1s
[19:02:38] trial=  58  strategy=row_replace_sa        E=31  session_best=13  elapsed=90.1s
[19:02:38] trial=  66  strategy=row_replace_sa        E=31  session_best=13  elapsed=90.1s
[19:02:38] trial=  66  strategy=row_replace_sa        E=31  session_best=13  elapsed=90.1s
[19:04:08] trial=  59  strategy=row_replace_sa        E=31  session_best=13  elapsed=90.1s
[19:04:08] trial=  59  strategy=row_replace_sa        E=31  session_best=13  elapsed=90.1s
[19:04:08] trial=  67  strategy=partial_completion    E=31  session_best=13  elapsed=90.1s
[19:04:08] trial=  67  strategy=partial_completion    E=31  session_best=13  elapsed=90.1s
[19:05:38] trial=  60  strategy=row_replace_sa        E=31  session_best=13  elapsed=90.0s
[19:05:38] trial=  60  strategy=row_replace_sa        E=31  session_best=13  elapsed=90.0s
[19:05:38] trial=  68  strategy=crossover             E=31  session_best=13  elapsed=90.0s
[19:05:38] trial=  68  strategy=crossover             E=31  session_best=13  elapsed=90.0s
[19:07:08] trial=  61  strategy=partial_completion    E=31  session_best=13  elapsed=90.1s
[19:07:08] trial=  61  strategy=partial_completion    E=31  session_best=13  elapsed=90.1s
[19:07:09] trial=  69  strategy=row_replace_sa        E=31  session_best=13  elapsed=90.1s
[19:07:09] trial=  69  strategy=row_replace_sa        E=31  session_best=13  elapsed=90.1s
[19:08:39] trial=  62  strategy=row_replace_sa        E=31  session_best=13  elapsed=90.1s
[19:08:39] trial=  62  strategy=row_replace_sa        E=31  session_best=13  elapsed=90.1s
[19:08:39] trial=  70  strategy=row_replace_sa        E=31  session_best=13  elapsed=90.1s
[19:08:39] trial=  70  strategy=row_replace_sa        E=31  session_best=13  elapsed=90.1s
[19:10:09] trial=  63  strategy=partial_completion    E=31  session_best=13  elapsed=90.0s
[19:10:09] trial=  63  strategy=partial_completion    E=31  session_best=13  elapsed=90.0s
[19:10:09] trial=  71  strategy=partial_completion    E=31  session_best=13  elapsed=90.1s
[19:10:09] trial=  71  strategy=partial_completion    E=31  session_best=13  elapsed=90.1s
[19:11:39] trial=  64  strategy=partial_completion    E=31  session_best=13  elapsed=90.0s
[19:11:39] trial=  64  strategy=partial_completion    E=31  session_best=13  elapsed=90.0s
[19:11:39] trial=  72  strategy=row_replace_sa        E=31  session_best=13  elapsed=90.1s
[19:11:39] trial=  72  strategy=row_replace_sa        E=31  session_best=13  elapsed=90.1s
[19:13:09] trial=  65  strategy=row_replace_sa        E=31  session_best=13  elapsed=90.1s
[19:13:09] trial=  65  strategy=row_replace_sa        E=31  session_best=13  elapsed=90.1s
[19:13:09] trial=  73  strategy=partial_completion    E=31  session_best=13  elapsed=90.1s
[19:13:09] trial=  73  strategy=partial_completion    E=31  session_best=13  elapsed=90.1s
[19:14:39] trial=  66  strategy=crossover             E=31  session_best=13  elapsed=90.2s
[19:14:39] trial=  66  strategy=crossover             E=31  session_best=13  elapsed=90.2s
[19:14:39] trial=  74  strategy=partial_completion    E=31  session_best=13  elapsed=90.1s
[19:14:39] trial=  74  strategy=partial_completion    E=31  session_best=13  elapsed=90.1s
[19:16:09] trial=  67  strategy=row_replace_sa        E=31  session_best=13  elapsed=90.1s
[19:16:09] trial=  67  strategy=row_replace_sa        E=31  session_best=13  elapsed=90.1s
[19:16:10] trial=  75  strategy=crossover             E=31  session_best=13  elapsed=90.1s
[19:16:10] trial=  75  strategy=crossover             E=31  session_best=13  elapsed=90.1s
[19:17:40] trial=  68  strategy=crossover             E=31  session_best=13  elapsed=90.1s
[19:17:40] trial=  68  strategy=crossover             E=31  session_best=13  elapsed=90.1s
[19:17:40] trial=  76  strategy=partial_completion    E=31  session_best=13  elapsed=90.1s
[19:17:40] trial=  76  strategy=partial_completion    E=31  session_best=13  elapsed=90.1s
[19:19:10] trial=  69  strategy=crossover             E=31  session_best=13  elapsed=90.0s
[19:19:10] trial=  69  strategy=crossover             E=31  session_best=13  elapsed=90.0s
[19:19:10] trial=  77  strategy=row_replace_sa        E=31  session_best=13  elapsed=90.1s
[19:19:10] trial=  77  strategy=row_replace_sa        E=31  session_best=13  elapsed=90.1s
[19:20:40] trial=  70  strategy=row_replace_sa        E=31  session_best=13  elapsed=90.0s
[19:20:40] trial=  70  strategy=row_replace_sa        E=31  session_best=13  elapsed=90.0s
[19:20:40] trial=  78  strategy=crossover             E=31  session_best=13  elapsed=90.0s
[19:20:40] trial=  78  strategy=crossover             E=31  session_best=13  elapsed=90.0s
[19:22:10] trial=  79  strategy=crossover             E=31  session_best=13  elapsed=90.0s
[19:22:10] trial=  79  strategy=crossover             E=31  session_best=13  elapsed=90.0s
[19:22:10] trial=  71  strategy=row_replace_sa        E=31  session_best=13  elapsed=90.2s
[19:22:10] trial=  71  strategy=row_replace_sa        E=31  session_best=13  elapsed=90.2s
[19:23:40] trial=  80  strategy=partial_completion    E=31  session_best=13  elapsed=90.0s
[19:23:40] trial=  80  strategy=partial_completion    E=31  session_best=13  elapsed=90.0s
[19:23:40] trial=  72  strategy=partial_completion    E=31  session_best=13  elapsed=90.1s
[19:23:40] trial=  72  strategy=partial_completion    E=31  session_best=13  elapsed=90.1s
[19:25:10] trial=  73  strategy=partial_completion    E=31  session_best=13  elapsed=90.0s
[19:25:10] trial=  73  strategy=partial_completion    E=31  session_best=13  elapsed=90.0s
[19:25:11] trial=  81  strategy=crossover             E=31  session_best=13  elapsed=90.1s
[19:25:11] trial=  81  strategy=crossover             E=31  session_best=13  elapsed=90.1s
[19:26:41] trial=  74  strategy=crossover             E=31  session_best=13  elapsed=90.1s
[19:26:41] trial=  74  strategy=crossover             E=31  session_best=13  elapsed=90.1s
[19:26:41] trial=  82  strategy=partial_completion    E=31  session_best=13  elapsed=90.0s
[19:26:41] trial=  82  strategy=partial_completion    E=31  session_best=13  elapsed=90.0s
[19:28:11] trial=  83  strategy=row_replace_sa        E=31  session_best=13  elapsed=90.0s
[19:28:11] trial=  83  strategy=row_replace_sa        E=31  session_best=13  elapsed=90.0s
[19:28:11] trial=  75  strategy=crossover             E=31  session_best=13  elapsed=90.1s
[19:28:11] trial=  75  strategy=crossover             E=31  session_best=13  elapsed=90.1s
[19:29:41] trial=  84  strategy=row_replace_sa        E=31  session_best=13  elapsed=90.0s
[19:29:41] trial=  84  strategy=row_replace_sa        E=31  session_best=13  elapsed=90.0s
[19:29:41] trial=  76  strategy=crossover             E=31  session_best=13  elapsed=90.1s
[19:29:41] trial=  76  strategy=crossover             E=31  session_best=13  elapsed=90.1s
[19:31:11] trial=  85  strategy=row_replace_sa        E=31  session_best=13  elapsed=90.1s
[19:31:11] trial=  85  strategy=row_replace_sa        E=31  session_best=13  elapsed=90.1s
[19:31:12] trial=  77  strategy=row_replace_sa        E=31  session_best=13  elapsed=90.1s
[19:31:12] trial=  77  strategy=row_replace_sa        E=31  session_best=13  elapsed=90.1s
[19:32:41] trial=  86  strategy=crossover             E=31  session_best=13  elapsed=90.0s
[19:32:41] trial=  86  strategy=crossover             E=31  session_best=13  elapsed=90.0s
[19:32:42] trial=  78  strategy=row_replace_sa        E=31  session_best=13  elapsed=90.1s
[19:32:42] trial=  78  strategy=row_replace_sa        E=31  session_best=13  elapsed=90.1s
[19:34:11] trial=  87  strategy=row_replace_sa        E=31  session_best=13  elapsed=90.2s
[19:34:11] trial=  87  strategy=row_replace_sa        E=31  session_best=13  elapsed=90.2s
[19:34:12] trial=  79  strategy=row_replace_sa        E=31  session_best=13  elapsed=90.1s
[19:34:12] trial=  79  strategy=row_replace_sa        E=31  session_best=13  elapsed=90.1s
[19:35:42] trial=  88  strategy=partial_completion    E=31  session_best=13  elapsed=90.1s
[19:35:42] trial=  88  strategy=partial_completion    E=31  session_best=13  elapsed=90.1s
[19:35:42] trial=  80  strategy=partial_completion    E=31  session_best=13  elapsed=90.0s
[19:35:42] trial=  80  strategy=partial_completion    E=31  session_best=13  elapsed=90.0s
[19:37:12] trial=  89  strategy=row_replace_sa        E=31  session_best=13  elapsed=90.1s
[19:37:12] trial=  89  strategy=row_replace_sa        E=31  session_best=13  elapsed=90.1s
[19:37:12] trial=  81  strategy=partial_completion    E=31  session_best=13  elapsed=90.1s
[19:37:12] trial=  81  strategy=partial_completion    E=31  session_best=13  elapsed=90.1s
[19:38:42] trial=  90  strategy=row_replace_sa        E=31  session_best=13  elapsed=90.1s
[19:38:42] trial=  90  strategy=row_replace_sa        E=31  session_best=13  elapsed=90.1s
[19:38:42] trial=  82  strategy=crossover             E=31  session_best=13  elapsed=90.2s
[19:38:42] trial=  82  strategy=crossover             E=31  session_best=13  elapsed=90.2s
