[17:51:42] ============================================================
[17:51:42] ============================================================
[17:51:42] Seed sweep s=20-40 t=300s 4w sym=True
[17:51:42] Seed sweep s=20-40 t=300s 4w sym=True
[17:51:42] Best entry E=32
[17:51:42] Best entry E=32
[17:51:42]   seed=20  best_so_far=32
[17:51:42]   seed=20  best_so_far=32
[17:56:42]     FEAS: E=41 cl13=17 cl23=24 t=300.4s
[17:56:42]     FEAS: E=41 cl13=17 cl23=24 t=300.4s
[17:56:42]   seed=21  best_so_far=32
[17:56:42]   seed=21  best_so_far=32
[18:01:42]     FEAS: E=39 cl13=18 cl23=21 t=300.2s
[18:01:42]     FEAS: E=39 cl13=18 cl23=21 t=300.2s
[18:01:42]   seed=22  best_so_far=32
[18:01:42]   seed=22  best_so_far=32
[18:06:43]     FEAS: E=43 cl13=22 cl23=21 t=300.4s
[18:06:43]     FEAS: E=43 cl13=22 cl23=21 t=300.4s
[18:06:43]   seed=23  best_so_far=32
[18:06:43]   seed=23  best_so_far=32
[18:11:43]     FEAS: E=40 cl13=20 cl23=20 t=300.3s
[18:11:43]     FEAS: E=40 cl13=20 cl23=20 t=300.3s
[18:11:43]   seed=24  best_so_far=32
[18:11:43]   seed=24  best_so_far=32
[18:11:43]   → new global best E=31
[18:11:43]   → new global best E=31
[18:16:44]     FEAS: E=42 cl13=20 cl23=22 t=300.8s
[18:16:44]     FEAS: E=42 cl13=20 cl23=22 t=300.8s
[18:16:44]   seed=25  best_so_far=31
[18:16:44]   seed=25  best_so_far=31
[18:21:44]     FEAS: E=44 cl13=16 cl23=28 t=300.3s
[18:21:44]     FEAS: E=44 cl13=16 cl23=28 t=300.3s
[18:21:44]   seed=26  best_so_far=31
[18:21:44]   seed=26  best_so_far=31
[18:26:45]     FEAS: E=44 cl13=26 cl23=18 t=301.0s
[18:26:45]     FEAS: E=44 cl13=26 cl23=18 t=301.0s
[18:26:45]   seed=27  best_so_far=31
[18:26:45]   seed=27  best_so_far=31
[18:26:45]   → new global best E=13
[18:26:45]   → new global best E=13
[18:31:46]     FEAS: E=42 cl13=22 cl23=20 t=300.6s
[18:31:46]     FEAS: E=42 cl13=22 cl23=20 t=300.6s
[18:31:46]   seed=28  best_so_far=13
[18:31:46]   seed=28  best_so_far=13
