[17:51:42] ============================================================
[17:51:42] ============================================================
[17:51:42] Seed sweep s=40-60 t=300s 4w sym=False
[17:51:42] Seed sweep s=40-60 t=300s 4w sym=False
[17:51:42] Best entry E=32
[17:51:42] Best entry E=32
[17:51:42]   seed=40  best_so_far=32
[17:51:42]   seed=40  best_so_far=32
[17:56:42]     FEAS: E=43 cl13=20 cl23=23 t=300.1s
[17:56:42]     FEAS: E=43 cl13=20 cl23=23 t=300.1s
[17:56:42]   seed=41  best_so_far=32
[17:56:42]   seed=41  best_so_far=32
[18:01:42]     FEAS: E=42 cl13=27 cl23=15 t=300.2s
[18:01:42]     FEAS: E=42 cl13=27 cl23=15 t=300.2s
[18:01:42]   seed=42  best_so_far=32
[18:01:42]   seed=42  best_so_far=32
[18:06:43]     FEAS: E=39 cl13=19 cl23=20 t=300.6s
[18:06:43]     FEAS: E=39 cl13=19 cl23=20 t=300.6s
[18:06:43]   seed=43  best_so_far=32
[18:06:43]   seed=43  best_so_far=32
[18:11:43]     FEAS: E=42 cl13=19 cl23=23 t=300.3s
[18:11:43]     FEAS: E=42 cl13=19 cl23=23 t=300.3s
[18:11:43]   seed=44  best_so_far=32
[18:11:43]   seed=44  best_so_far=32
[18:11:43]   → new global best E=31
[18:11:43]   → new global best E=31
[18:16:44]     FEAS: E=41 cl13=20 cl23=21 t=300.4s
[18:16:44]     FEAS: E=41 cl13=20 cl23=21 t=300.4s
[18:16:44]   seed=45  best_so_far=31
[18:16:44]   seed=45  best_so_far=31
[18:21:44]     FEAS: E=41 cl13=21 cl23=20 t=300.4s
[18:21:44]     FEAS: E=41 cl13=21 cl23=20 t=300.4s
[18:21:44]   seed=46  best_so_far=31
[18:21:44]   seed=46  best_so_far=31
[18:26:45]     FEAS: E=43 cl13=23 cl23=20 t=300.7s
[18:26:45]     FEAS: E=43 cl13=23 cl23=20 t=300.7s
[18:26:45]   seed=47  best_so_far=31
[18:26:45]   seed=47  best_so_far=31
[18:26:45]   → new global best E=13
[18:26:45]   → new global best E=13
[18:31:45]     FEAS: E=45 cl13=25 cl23=20 t=300.5s
[18:31:45]     FEAS: E=45 cl13=25 cl23=20 t=300.5s
[18:31:45]   seed=48  best_so_far=13
[18:31:45]   seed=48  best_so_far=13
