[07:40:55] ============================================================
[07:40:55] Joint 3-LS SA — seed=2023  budget_per_trial=12.0s
[07:40:55] ============================================================
[07:41:06] ============================================================
[07:41:06] Joint 3-LS SA — seed=2023  budget_per_trial=12.0s
[07:41:06] ============================================================
[07:41:06] trial=   1  strategy=joint_sa  pool_E=37  budget=12.0s  time=07:41:06
[07:41:18]   done: best_E=37  cl12=0  cl13=22  cl23=15  session_best=37  elapsed=12.0s
[07:41:18] trial=   2  strategy=joint_sa  pool_E=37  budget=12.0s  time=07:41:18
[07:44:05] ============================================================
[07:44:05] Joint 3-LS SA — seed=2023  budget_per_trial=20.0s
[07:44:05] ============================================================
[07:44:05] trial=   1  strategy=joint_sa  init_E=37  budget=20.0s  time=07:44:05
[07:44:25]   steps=712528 (35626/s)
[07:44:25]   done: best_E=37  cl12=0  cl13=22  cl23=15  session_best=37  elapsed=20.0s
[07:44:25] trial=   2  strategy=joint_sa  init_E=37  budget=20.0s  time=07:44:25
[07:45:11] ============================================================
[07:45:11] Joint 3-LS SA — seed=9999  budget_per_trial=30.0s
[07:45:11] ============================================================
[07:45:11] trial=   1  strategy=joint_sa  init_E=37  budget=30.0s  time=07:45:11
[07:45:41]   steps=1065292 (35510/s)
[07:45:41]   done: best_E=37  cl12=0  cl13=22  cl23=15  session_best=37  elapsed=30.0s
[07:45:41] trial=   2  strategy=joint_sa  init_E=37  budget=30.0s  time=07:45:41
[07:45:57] ============================================================
[07:45:57] ============================================================
[07:45:57] Joint 3-LS SA — seed=3141  budget_per_trial=180.0s
[07:45:57] Joint 3-LS SA — seed=3141  budget_per_trial=180.0s
[07:45:57] ============================================================
[07:45:57] ============================================================
[07:45:57] trial=   1  strategy=joint_sa  init_E=37  budget=180.0s  time=07:45:57
[07:45:57] trial=   1  strategy=joint_sa  init_E=37  budget=180.0s  time=07:45:57
[07:45:57] ============================================================
[07:45:57] ============================================================
[07:45:57] Joint 3-LS SA — seed=2023  budget_per_trial=180.0s
[07:45:57] Joint 3-LS SA — seed=2023  budget_per_trial=180.0s
[07:45:57] ============================================================
[07:45:57] ============================================================
[07:45:57] trial=   1  strategy=joint_sa  init_E=37  budget=180.0s  time=07:45:57
[07:45:57] trial=   1  strategy=joint_sa  init_E=37  budget=180.0s  time=07:45:57
[07:48:57]   steps=5536952 (30761/s)
[07:48:57]   steps=5536952 (30761/s)
[07:48:57]   done: best_E=37  cl12=0  cl13=22  cl23=15  session_best=37  elapsed=180.0s
[07:48:57]   done: best_E=37  cl12=0  cl13=22  cl23=15  session_best=37  elapsed=180.0s
[07:48:57] trial=   2  strategy=joint_sa  init_E=37  budget=180.0s  time=07:48:57
[07:48:57] trial=   2  strategy=joint_sa  init_E=37  budget=180.0s  time=07:48:57
[07:48:57]   steps=5785151 (32140/s)
[07:48:57]   steps=5785151 (32140/s)
[07:48:57]   done: best_E=37  cl12=0  cl13=22  cl23=15  session_best=37  elapsed=180.0s
[07:48:57]   done: best_E=37  cl12=0  cl13=22  cl23=15  session_best=37  elapsed=180.0s
[07:48:57] trial=   2  strategy=joint_sa  init_E=37  budget=180.0s  time=07:48:57
[07:48:57] trial=   2  strategy=joint_sa  init_E=37  budget=180.0s  time=07:48:57
[07:51:48] ============================================================
[07:51:48] Joint 3-LS SA — seed=9999  budget_per_trial=10.0s
[07:51:48] ============================================================
[07:51:48] trial=   1  strategy=random_start  init_E=79  T_init=25.0  budget=10.0s  time=07:51:48
[07:51:48]   new_best E=74 cl12=0 cl13=36 cl23=38 t=0.0s T=24.996
[07:51:53]   new_best E=72 cl12=25 cl13=23 cl23=24 t=5.2s T=0.428
[07:51:54]   new_best E=69 cl12=25 cl13=20 cl23=24 t=5.6s T=0.320
[07:51:54]   new_best E=68 cl12=23 cl13=20 cl23=25 t=6.3s T=0.176
[07:51:55]   new_best E=67 cl12=23 cl13=20 cl23=24 t=6.6s T=0.140
[07:51:57]   new_best E=65 cl12=22 cl13=19 cl23=24 t=8.6s T=0.031
[07:51:57]   steps=5618821 (31216/s)
[07:51:57]   steps=5618821 (31216/s)
[07:51:57]   done: best_E=37  cl12=0  cl13=22  cl23=15  session_best=37  elapsed=180.0s
[07:51:57]   done: best_E=37  cl12=0  cl13=22  cl23=15  session_best=37  elapsed=180.0s
[07:51:57] trial=   3  strategy=joint_sa  init_E=97  budget=180.0s  time=07:51:57
[07:51:57] trial=   3  strategy=joint_sa  init_E=97  budget=180.0s  time=07:51:57
[07:51:57]   new_best E=92 cl12=31 cl13=31 cl23=30 t=0.0s T=14.997
[07:51:57]   new_best E=92 cl12=31 cl13=31 cl23=30 t=0.0s T=14.997
[07:51:57]   new_best E=64 cl12=22 cl13=19 cl23=23 t=8.7s T=0.028
[07:51:57]   new_best E=90 cl12=30 cl13=27 cl23=33 t=0.1s T=14.935
[07:51:57]   new_best E=90 cl12=30 cl13=27 cl23=33 t=0.1s T=14.935
[07:51:57]   new_best E=87 cl12=28 cl13=33 cl23=26 t=0.6s T=14.644
[07:51:57]   new_best E=87 cl12=28 cl13=33 cl23=26 t=0.6s T=14.644
[07:51:57]   steps=5473743 (30410/s)
[07:51:57]   steps=5473743 (30410/s)
[07:51:57]   done: best_E=37  cl12=0  cl13=22  cl23=15  session_best=37  elapsed=180.0s
[07:51:57]   done: best_E=37  cl12=0  cl13=22  cl23=15  session_best=37  elapsed=180.0s
[07:51:57] trial=   3  strategy=joint_sa  init_E=95  budget=180.0s  time=07:51:57
[07:51:57] trial=   3  strategy=joint_sa  init_E=95  budget=180.0s  time=07:51:57
[07:51:57]   new_best E=94 cl12=28 cl13=32 cl23=34 t=0.0s T=14.987
[07:51:57]   new_best E=94 cl12=28 cl13=32 cl23=34 t=0.0s T=14.987
[07:51:57]   new_best E=84 cl12=28 cl13=27 cl23=29 t=0.1s T=14.947
[07:51:57]   new_best E=84 cl12=28 cl13=27 cl23=29 t=0.1s T=14.947
[07:51:58]   steps=276156 (27616/s)
[07:51:58]   done: best_E=64  cl12=22  cl13=19  cl23=23  session_best=64  elapsed=10.0s
[07:51:58] trial=   2  strategy=pool_start  init_E=37  T_init=15.0  budget=10.0s  time=07:51:58
[07:52:00]   new_best E=86 cl12=29 cl13=30 cl23=27 t=3.7s T=12.907
[07:52:00]   new_best E=86 cl12=29 cl13=30 cl23=27 t=3.7s T=12.907
[07:52:02]   new_best E=85 cl12=26 cl13=33 cl23=26 t=5.3s T=12.114
[07:52:02]   new_best E=85 cl12=26 cl13=33 cl23=26 t=5.3s T=12.114
[07:52:06]   new_best E=83 cl12=28 cl13=28 cl23=27 t=8.6s T=10.583
[07:52:06]   new_best E=83 cl12=28 cl13=28 cl23=27 t=8.6s T=10.583
[07:52:08]   steps=300797 (30080/s)
[07:52:08]   done: best_E=37  cl12=0  cl13=22  cl23=15  session_best=37  elapsed=10.0s
[07:52:08] trial=   3  strategy=heavy_perturb  init_E=101  T_init=20.0  budget=10.0s  time=07:52:08
[07:52:08]   new_best E=95 cl12=36 cl13=27 cl23=32 t=0.0s T=19.999
[07:52:08]   new_best E=94 cl12=32 cl13=25 cl23=37 t=0.0s T=19.933
[07:52:08]   new_best E=90 cl12=31 cl13=29 cl23=30 t=0.0s T=19.843
[07:52:08]   new_best E=89 cl12=30 cl13=33 cl23=26 t=0.1s T=19.119
[07:52:08]   new_best E=85 cl12=30 cl13=28 cl23=27 t=0.1s T=18.281
[07:52:08]   new_best E=82 cl12=29 cl13=21 cl23=32 t=10.9s T=9.623
[07:52:08]   new_best E=82 cl12=29 cl13=21 cl23=32 t=10.9s T=9.623
[07:52:10]   new_best E=83 cl12=29 cl13=30 cl23=24 t=1.9s T=4.777
[07:52:11]   new_best E=81 cl12=23 cl13=29 cl23=29 t=2.6s T=2.767
[07:52:12]   new_best E=79 cl12=25 cl13=27 cl23=27 t=3.6s T=1.328
[07:52:15]   new_best E=84 cl12=32 cl13=24 cl23=28 t=18.2s T=7.169
[07:52:15]   new_best E=84 cl12=32 cl13=24 cl23=28 t=18.2s T=7.169
[07:52:24]   new_best E=82 cl12=26 cl13=31 cl23=25 t=27.4s T=4.936
[07:52:24]   new_best E=82 cl12=26 cl13=31 cl23=25 t=27.4s T=4.936
[07:52:24]   new_best E=80 cl12=26 cl13=27 cl23=27 t=27.4s T=4.935
[07:52:24]   new_best E=80 cl12=26 cl13=27 cl23=27 t=27.4s T=4.935
[07:52:30] ============================================================
[07:52:30] ============================================================
[07:52:30] Joint 3-LS SA — seed=2023  budget_per_trial=180.0s
[07:52:30] Joint 3-LS SA — seed=2023  budget_per_trial=180.0s
[07:52:30] ============================================================
[07:52:30] ============================================================
[07:52:30] trial=   1  strategy=random_start  init_E=79  T_init=25.0  budget=180.0s  time=07:52:30
[07:52:30] trial=   1  strategy=random_start  init_E=79  T_init=25.0  budget=180.0s  time=07:52:30
[07:52:30]   new_best E=78 cl12=0 cl13=39 cl23=39 t=0.0s T=25.000
[07:52:30]   new_best E=78 cl12=0 cl13=39 cl23=39 t=0.0s T=25.000
[07:52:30] ============================================================
[07:52:30] ============================================================
[07:52:30] Joint 3-LS SA — seed=3141  budget_per_trial=180.0s
[07:52:30] Joint 3-LS SA — seed=3141  budget_per_trial=180.0s
[07:52:30] ============================================================
[07:52:30] ============================================================
[07:52:30] trial=   1  strategy=random_start  init_E=78  T_init=25.0  budget=180.0s  time=07:52:30
[07:52:30] trial=   1  strategy=random_start  init_E=78  T_init=25.0  budget=180.0s  time=07:52:30
[07:53:25]   new_best E=75 cl12=21 cl13=23 cl23=31 t=55.6s T=2.227
[07:53:25]   new_best E=75 cl12=21 cl13=23 cl23=31 t=55.6s T=2.227
[07:53:26]   new_best E=77 cl12=21 cl13=27 cl23=29 t=56.7s T=2.122
[07:53:26]   new_best E=77 cl12=21 cl13=27 cl23=29 t=56.7s T=2.122
[07:53:30]   new_best E=75 cl12=27 cl13=22 cl23=26 t=60.5s T=1.804
[07:53:30]   new_best E=75 cl12=27 cl13=22 cl23=26 t=60.5s T=1.804
[07:53:34]   new_best E=74 cl12=22 cl13=30 cl23=22 t=64.2s T=1.532
[07:53:34]   new_best E=74 cl12=22 cl13=30 cl23=22 t=64.2s T=1.532
[07:53:37]   new_best E=72 cl12=23 cl13=25 cl23=24 t=66.8s T=1.372
[07:53:37]   new_best E=72 cl12=23 cl13=25 cl23=24 t=66.8s T=1.372
[07:53:37]   new_best E=71 cl12=25 cl13=23 cl23=23 t=67.2s T=1.349
[07:53:37]   new_best E=71 cl12=25 cl13=23 cl23=23 t=67.2s T=1.349
[07:53:38]   new_best E=70 cl12=23 cl13=22 cl23=25 t=68.3s T=1.284
[07:53:38]   new_best E=70 cl12=23 cl13=22 cl23=25 t=68.3s T=1.284
[07:53:39]   new_best E=70 cl12=28 cl13=20 cl23=22 t=68.9s T=1.253
[07:53:39]   new_best E=70 cl12=28 cl13=20 cl23=22 t=68.9s T=1.253
[07:53:39]   new_best E=69 cl12=27 cl13=19 cl23=23 t=69.0s T=1.247
[07:53:39]   new_best E=69 cl12=27 cl13=19 cl23=23 t=69.0s T=1.247
[07:53:39]   new_best E=67 cl12=19 cl13=28 cl23=20 t=69.1s T=1.239
[07:53:39]   new_best E=67 cl12=19 cl13=28 cl23=20 t=69.1s T=1.239
[07:53:46]   new_best E=67 cl12=21 cl13=19 cl23=27 t=76.6s T=0.897
[07:53:46]   new_best E=67 cl12=21 cl13=19 cl23=27 t=76.6s T=0.897
[07:53:47]   new_best E=64 cl12=22 cl13=18 cl23=24 t=76.7s T=0.890
[07:53:47]   new_best E=64 cl12=22 cl13=18 cl23=24 t=76.7s T=0.890
[07:53:47]   new_best E=63 cl12=23 cl13=16 cl23=24 t=77.1s T=0.874
[07:53:47]   new_best E=63 cl12=23 cl13=16 cl23=24 t=77.1s T=0.874
[07:53:53]   new_best E=66 cl12=22 cl13=26 cl23=18 t=83.4s T=0.665
[07:53:53]   new_best E=66 cl12=22 cl13=26 cl23=18 t=83.4s T=0.665
[07:53:54]   new_best E=65 cl12=22 cl13=23 cl23=20 t=84.0s T=0.648
[07:53:54]   new_best E=65 cl12=22 cl13=23 cl23=20 t=84.0s T=0.648
[07:53:55]   new_best E=62 cl12=26 cl13=15 cl23=21 t=85.4s T=0.610
[07:53:55]   new_best E=62 cl12=26 cl13=15 cl23=21 t=85.4s T=0.610
[07:53:58]   new_best E=64 cl12=26 cl13=18 cl23=20 t=88.7s T=0.530
[07:53:58]   new_best E=64 cl12=26 cl13=18 cl23=20 t=88.7s T=0.530
[07:54:00]   new_best E=61 cl12=22 cl13=20 cl23=19 t=90.0s T=0.499
[07:54:00]   new_best E=61 cl12=22 cl13=20 cl23=19 t=90.0s T=0.499
[07:54:01]   new_best E=60 cl12=23 cl13=18 cl23=19 t=90.9s T=0.482
[07:54:01]   new_best E=60 cl12=23 cl13=18 cl23=19 t=90.9s T=0.482
[07:54:01]   new_best E=59 cl12=23 cl13=18 cl23=18 t=91.6s T=0.467
[07:54:01]   new_best E=59 cl12=23 cl13=18 cl23=18 t=91.6s T=0.467
[07:54:03]   new_best E=58 cl12=22 cl13=19 cl23=17 t=93.7s T=0.427
[07:54:03]   new_best E=58 cl12=22 cl13=19 cl23=17 t=93.7s T=0.427
[07:54:04]   new_best E=63 cl12=21 cl13=18 cl23=24 t=94.6s T=0.409
[07:54:04]   new_best E=63 cl12=21 cl13=18 cl23=24 t=94.6s T=0.409
[07:54:07]   new_best E=62 cl12=24 cl13=18 cl23=20 t=97.7s T=0.358
[07:54:07]   new_best E=62 cl12=24 cl13=18 cl23=20 t=97.7s T=0.358
[07:54:09]   new_best E=60 cl12=24 cl13=18 cl23=18 t=99.2s T=0.335
[07:54:09]   new_best E=60 cl12=24 cl13=18 cl23=18 t=99.2s T=0.335
[07:54:09]   new_best E=57 cl12=23 cl13=15 cl23=19 t=99.3s T=0.334
[07:54:09]   new_best E=57 cl12=23 cl13=15 cl23=19 t=99.3s T=0.334
[07:54:09]   new_best E=59 cl12=24 cl13=18 cl23=17 t=99.4s T=0.333
[07:54:09]   new_best E=59 cl12=24 cl13=18 cl23=17 t=99.4s T=0.333
[07:54:11]   new_best E=57 cl12=20 cl13=18 cl23=19 t=101.3s T=0.306
[07:54:11]   new_best E=57 cl12=20 cl13=18 cl23=19 t=101.3s T=0.306
[07:54:13]   new_best E=56 cl12=19 cl13=19 cl23=18 t=103.2s T=0.282
[07:54:13]   new_best E=56 cl12=19 cl13=19 cl23=18 t=103.2s T=0.282
[07:54:18]   new_best E=55 cl12=17 cl13=20 cl23=18 t=107.8s T=0.230
[07:54:18]   new_best E=55 cl12=17 cl13=20 cl23=18 t=107.8s T=0.230
[07:55:30]   steps=5136957 (28539/s)
[07:55:30]   steps=5136957 (28539/s)
[07:55:30]   done: best_E=55  cl12=17  cl13=20  cl23=18  session_best=55  elapsed=180.0s
[07:55:30]   done: best_E=55  cl12=17  cl13=20  cl23=18  session_best=55  elapsed=180.0s
[07:55:30] trial=   2  strategy=pool_start  init_E=78  T_init=15.0  budget=180.0s  time=07:55:30
[07:55:30] trial=   2  strategy=pool_start  init_E=78  T_init=15.0  budget=180.0s  time=07:55:30
[07:55:30]   steps=5125654 (28476/s)
[07:55:30]   steps=5125654 (28476/s)
[07:55:30]   done: best_E=57  cl12=23  cl13=15  cl23=19  session_best=57  elapsed=180.0s
[07:55:30]   done: best_E=57  cl12=23  cl13=15  cl23=19  session_best=57  elapsed=180.0s
[07:55:30] trial=   2  strategy=pool_start  init_E=65  T_init=15.0  budget=180.0s  time=07:55:30
[07:55:30] trial=   2  strategy=pool_start  init_E=65  T_init=15.0  budget=180.0s  time=07:55:30
[07:56:09]   new_best E=76 cl12=27 cl13=23 cl23=26 t=39.2s T=3.050
[07:56:09]   new_best E=76 cl12=27 cl13=23 cl23=26 t=39.2s T=3.050
[07:56:23]   new_best E=72 cl12=21 cl13=28 cl23=23 t=52.9s T=1.746
[07:56:23]   new_best E=72 cl12=21 cl13=28 cl23=23 t=52.9s T=1.746
[07:56:35]   new_best E=71 cl12=27 cl13=21 cl23=23 t=65.1s T=1.067
[07:56:35]   new_best E=71 cl12=27 cl13=21 cl23=23 t=65.1s T=1.067
[07:56:43]   new_best E=70 cl12=26 cl13=22 cl23=22 t=73.5s T=0.757
[07:56:43]   new_best E=70 cl12=26 cl13=22 cl23=22 t=73.5s T=0.757
[07:56:44]   new_best E=69 cl12=23 cl13=20 cl23=26 t=74.7s T=0.722
[07:56:44]   new_best E=69 cl12=23 cl13=20 cl23=26 t=74.7s T=0.722
[07:56:45]   new_best E=64 cl12=18 cl13=22 cl23=24 t=75.1s T=0.709
[07:56:45]   new_best E=64 cl12=18 cl13=22 cl23=24 t=75.1s T=0.709
[07:56:45]   new_best E=68 cl12=20 cl13=23 cl23=25 t=75.5s T=0.698
[07:56:45]   new_best E=68 cl12=20 cl13=23 cl23=25 t=75.5s T=0.698
[07:56:45]   new_best E=67 cl12=20 cl13=20 cl23=27 t=75.7s T=0.694
[07:56:45]   new_best E=67 cl12=20 cl13=20 cl23=27 t=75.7s T=0.694
[07:56:45]   new_best E=66 cl12=22 cl13=17 cl23=27 t=75.7s T=0.692
[07:56:45]   new_best E=66 cl12=22 cl13=17 cl23=27 t=75.7s T=0.692
[07:56:47]   new_best E=63 cl12=22 cl13=19 cl23=22 t=77.7s T=0.639
[07:56:47]   new_best E=63 cl12=22 cl13=19 cl23=22 t=77.7s T=0.639
[07:56:48]   new_best E=62 cl12=20 cl13=18 cl23=24 t=78.0s T=0.631
[07:56:48]   new_best E=62 cl12=20 cl13=18 cl23=24 t=78.0s T=0.631
[07:56:49]   new_best E=61 cl12=20 cl13=19 cl23=22 t=79.2s T=0.600
[07:56:49]   new_best E=61 cl12=20 cl13=19 cl23=22 t=79.2s T=0.600
[07:56:49]   new_best E=60 cl12=20 cl13=18 cl23=22 t=79.3s T=0.598
[07:56:49]   new_best E=60 cl12=20 cl13=18 cl23=22 t=79.3s T=0.598
[07:56:50]   new_best E=65 cl12=19 cl13=26 cl23=20 t=80.6s T=0.567
[07:56:50]   new_best E=65 cl12=19 cl13=26 cl23=20 t=80.6s T=0.567
[07:56:52]   new_best E=59 cl12=20 cl13=18 cl23=21 t=82.2s T=0.531
[07:56:52]   new_best E=59 cl12=20 cl13=18 cl23=21 t=82.2s T=0.531
[07:56:55]   new_best E=58 cl12=18 cl13=18 cl23=22 t=85.3s T=0.468
[07:56:55]   new_best E=58 cl12=18 cl13=18 cl23=22 t=85.3s T=0.468
[07:56:55]   new_best E=57 cl12=17 cl13=18 cl23=22 t=85.4s T=0.467
[07:56:55]   new_best E=57 cl12=17 cl13=18 cl23=22 t=85.4s T=0.467
[07:56:55]   new_best E=56 cl12=16 cl13=18 cl23=22 t=85.6s T=0.463
[07:56:55]   new_best E=56 cl12=16 cl13=18 cl23=22 t=85.6s T=0.463
[07:56:59]   new_best E=63 cl12=18 cl13=24 cl23=21 t=89.3s T=0.399
[07:56:59]   new_best E=63 cl12=18 cl13=24 cl23=21 t=89.3s T=0.399
[07:57:08]   new_best E=62 cl12=18 cl13=23 cl23=21 t=98.1s T=0.279
[07:57:08]   new_best E=62 cl12=18 cl13=23 cl23=21 t=98.1s T=0.279
[07:57:08]   new_best E=60 cl12=15 cl13=24 cl23=21 t=98.4s T=0.276
[07:57:08]   new_best E=60 cl12=15 cl13=24 cl23=21 t=98.4s T=0.276
[07:57:09]   new_best E=55 cl12=15 cl13=19 cl23=21 t=98.8s T=0.270
[07:57:09]   new_best E=55 cl12=15 cl13=19 cl23=21 t=98.8s T=0.270
[07:57:09]   new_best E=59 cl12=16 cl13=22 cl23=21 t=99.1s T=0.268
[07:57:09]   new_best E=59 cl12=16 cl13=22 cl23=21 t=99.1s T=0.268
[07:57:09]   new_best E=58 cl12=16 cl13=22 cl23=20 t=99.2s T=0.266
[07:57:09]   new_best E=58 cl12=16 cl13=22 cl23=20 t=99.2s T=0.266
[07:58:30]   steps=5024032 (27911/s)
[07:58:30]   steps=5024032 (27911/s)
[07:58:30]   done: best_E=58  cl12=16  cl13=22  cl23=20  session_best=55  elapsed=180.0s
[07:58:30]   done: best_E=58  cl12=16  cl13=22  cl23=20  session_best=55  elapsed=180.0s
[07:58:30] trial=   3  strategy=heavy_perturb  init_E=106  T_init=20.0  budget=180.0s  time=07:58:30
[07:58:30] trial=   3  strategy=heavy_perturb  init_E=106  T_init=20.0  budget=180.0s  time=07:58:30
[07:58:30]   new_best E=105 cl12=35 cl13=35 cl23=35 t=0.0s T=19.999
[07:58:30]   new_best E=105 cl12=35 cl13=35 cl23=35 t=0.0s T=19.999
[07:58:30]   new_best E=100 cl12=30 cl13=34 cl23=36 t=0.0s T=19.999
[07:58:30]   new_best E=100 cl12=30 cl13=34 cl23=36 t=0.0s T=19.999
[07:58:30]   new_best E=96 cl12=32 cl13=33 cl23=31 t=0.0s T=19.996
[07:58:30]   new_best E=96 cl12=32 cl13=33 cl23=31 t=0.0s T=19.996
[07:58:30]   new_best E=95 cl12=32 cl13=31 cl23=32 t=0.0s T=19.982
[07:58:30]   new_best E=95 cl12=32 cl13=31 cl23=32 t=0.0s T=19.982
[07:58:30]   new_best E=94 cl12=31 cl13=29 cl23=34 t=0.0s T=19.976
[07:58:30]   new_best E=94 cl12=31 cl13=29 cl23=34 t=0.0s T=19.976
[07:58:30]   steps=5174447 (28747/s)
[07:58:30]   steps=5174447 (28747/s)
[07:58:30]   done: best_E=55  cl12=15  cl13=19  cl23=21  session_best=55  elapsed=180.0s
[07:58:30]   done: best_E=55  cl12=15  cl13=19  cl23=21  session_best=55  elapsed=180.0s
[07:58:30] trial=   3  strategy=heavy_perturb  init_E=105  T_init=20.0  budget=180.0s  time=07:58:30
[07:58:30] trial=   3  strategy=heavy_perturb  init_E=105  T_init=20.0  budget=180.0s  time=07:58:30
[07:58:30]   new_best E=100 cl12=37 cl13=33 cl23=30 t=0.0s T=19.999
[07:58:30]   new_best E=100 cl12=37 cl13=33 cl23=30 t=0.0s T=19.999
[07:58:30]   new_best E=99 cl12=32 cl13=33 cl23=34 t=0.0s T=19.992
[07:58:30]   new_best E=99 cl12=32 cl13=33 cl23=34 t=0.0s T=19.992
[07:58:30]   new_best E=97 cl12=33 cl13=34 cl23=30 t=0.0s T=19.987
[07:58:30]   new_best E=97 cl12=33 cl13=34 cl23=30 t=0.0s T=19.987
[07:58:30]   new_best E=89 cl12=30 cl13=31 cl23=28 t=0.0s T=19.979
[07:58:30]   new_best E=89 cl12=30 cl13=31 cl23=28 t=0.0s T=19.979
[07:58:30]   new_best E=88 cl12=30 cl13=30 cl23=28 t=0.1s T=19.929
[07:58:30]   new_best E=88 cl12=30 cl13=30 cl23=28 t=0.1s T=19.929
[07:58:30]   new_best E=91 cl12=26 cl13=35 cl23=30 t=0.1s T=19.876
[07:58:30]   new_best E=91 cl12=26 cl13=35 cl23=30 t=0.1s T=19.876
[07:58:30]   new_best E=86 cl12=26 cl13=32 cl23=28 t=0.1s T=19.876
[07:58:30]   new_best E=86 cl12=26 cl13=32 cl23=28 t=0.1s T=19.876
[07:58:31]   new_best E=85 cl12=28 cl13=32 cl23=25 t=1.2s T=19.030
[07:58:31]   new_best E=85 cl12=28 cl13=32 cl23=25 t=1.2s T=19.030
[07:58:32]   new_best E=87 cl12=28 cl13=31 cl23=28 t=2.1s T=18.310
[07:58:32]   new_best E=87 cl12=28 cl13=31 cl23=28 t=2.1s T=18.310
[07:58:39]   new_best E=86 cl12=27 cl13=31 cl23=28 t=9.1s T=13.626
[07:58:39]   new_best E=86 cl12=27 cl13=31 cl23=28 t=9.1s T=13.626
[07:58:39]   new_best E=85 cl12=35 cl13=24 cl23=26 t=9.4s T=13.451
[07:58:39]   new_best E=85 cl12=35 cl13=24 cl23=26 t=9.4s T=13.451
[07:58:39]   new_best E=82 cl12=28 cl13=29 cl23=25 t=9.5s T=13.404
[07:58:39]   new_best E=82 cl12=28 cl13=29 cl23=25 t=9.5s T=13.404
[07:58:48]   new_best E=84 cl12=21 cl13=26 cl23=37 t=18.0s T=9.338
[07:58:48]   new_best E=84 cl12=21 cl13=26 cl23=37 t=18.0s T=9.338
[07:58:48]   new_best E=83 cl12=23 cl13=29 cl23=31 t=18.5s T=9.175
[07:58:48]   new_best E=83 cl12=23 cl13=29 cl23=31 t=18.5s T=9.175
[07:58:58]   new_best E=82 cl12=28 cl13=29 cl23=25 t=28.1s T=6.107
[07:58:58]   new_best E=82 cl12=28 cl13=29 cl23=25 t=28.1s T=6.107
[07:59:04]   new_best E=81 cl12=23 cl13=32 cl23=26 t=34.1s T=4.730
[07:59:04]   new_best E=81 cl12=23 cl13=32 cl23=26 t=34.1s T=4.730
[07:59:08]   new_best E=81 cl12=30 cl13=25 cl23=26 t=38.2s T=3.983
[07:59:08]   new_best E=81 cl12=30 cl13=25 cl23=26 t=38.2s T=3.983
[07:59:10]   new_best E=79 cl12=26 cl13=28 cl23=25 t=40.1s T=3.680
[07:59:10]   new_best E=79 cl12=26 cl13=28 cl23=25 t=40.1s T=3.680
[07:59:11]   new_best E=79 cl12=21 cl13=27 cl23=31 t=41.1s T=3.529
[07:59:11]   new_best E=79 cl12=21 cl13=27 cl23=31 t=41.1s T=3.529
[07:59:17]   new_best E=78 cl12=28 cl13=24 cl23=26 t=46.8s T=2.774
[07:59:17]   new_best E=78 cl12=28 cl13=24 cl23=26 t=46.8s T=2.774
[07:59:21]   new_best E=76 cl12=26 cl13=29 cl23=21 t=50.8s T=2.338
[07:59:21]   new_best E=76 cl12=26 cl13=29 cl23=21 t=50.8s T=2.338
[07:59:23]   new_best E=78 cl12=30 cl13=24 cl23=24 t=52.7s T=2.158
[07:59:23]   new_best E=78 cl12=30 cl13=24 cl23=24 t=52.7s T=2.158
[07:59:28]   new_best E=77 cl12=25 cl13=28 cl23=24 t=57.8s T=1.743
[07:59:28]   new_best E=77 cl12=25 cl13=28 cl23=24 t=57.8s T=1.743
[07:59:29]   new_best E=76 cl12=22 cl13=29 cl23=25 t=58.9s T=1.664
[07:59:29]   new_best E=76 cl12=22 cl13=29 cl23=25 t=58.9s T=1.664
[07:59:31]   new_best E=74 cl12=22 cl13=28 cl23=24 t=61.5s T=1.487
[07:59:31]   new_best E=74 cl12=22 cl13=28 cl23=24 t=61.5s T=1.487
[07:59:31]   new_best E=73 cl12=28 cl13=23 cl23=22 t=61.6s T=1.486
[07:59:31]   new_best E=73 cl12=28 cl13=23 cl23=22 t=61.6s T=1.486
[07:59:31]   new_best E=72 cl12=27 cl13=23 cl23=22 t=61.6s T=1.485
[07:59:31]   new_best E=72 cl12=27 cl13=23 cl23=22 t=61.6s T=1.485
[07:59:32]   new_best E=75 cl12=23 cl13=23 cl23=29 t=62.8s T=1.413
[07:59:32]   new_best E=75 cl12=23 cl13=23 cl23=29 t=62.8s T=1.413
[07:59:35]   new_best E=74 cl12=25 cl13=20 cl23=29 t=64.9s T=1.291
[07:59:35]   new_best E=74 cl12=25 cl13=20 cl23=29 t=64.9s T=1.291
[07:59:35]   new_best E=72 cl12=20 cl13=22 cl23=30 t=65.1s T=1.279
[07:59:35]   new_best E=72 cl12=20 cl13=22 cl23=30 t=65.1s T=1.279
[07:59:40]   new_best E=71 cl12=27 cl13=22 cl23=22 t=70.1s T=1.035
[07:59:40]   new_best E=71 cl12=27 cl13=22 cl23=22 t=70.1s T=1.035
[07:59:42]   new_best E=70 cl12=25 cl13=23 cl23=22 t=72.7s T=0.930
[07:59:42]   new_best E=70 cl12=25 cl13=23 cl23=22 t=72.7s T=0.930
[07:59:42]   new_best E=69 cl12=26 cl13=21 cl23=22 t=72.7s T=0.928
[07:59:42]   new_best E=69 cl12=26 cl13=21 cl23=22 t=72.7s T=0.928
[07:59:43]   new_best E=70 cl12=24 cl13=25 cl23=21 t=73.0s T=0.917
[07:59:43]   new_best E=70 cl12=24 cl13=25 cl23=21 t=73.0s T=0.917
[07:59:46]   new_best E=66 cl12=21 cl13=21 cl23=24 t=75.8s T=0.815
[07:59:46]   new_best E=66 cl12=21 cl13=21 cl23=24 t=75.8s T=0.815
[07:59:46]   new_best E=64 cl12=23 cl13=19 cl23=22 t=75.9s T=0.810
[07:59:46]   new_best E=64 cl12=23 cl13=19 cl23=22 t=75.9s T=0.810
[07:59:50]   new_best E=68 cl12=27 cl13=21 cl23=20 t=80.4s T=0.671
[07:59:50]   new_best E=68 cl12=27 cl13=21 cl23=20 t=80.4s T=0.671
[07:59:50]   new_best E=67 cl12=28 cl13=21 cl23=18 t=80.6s T=0.666
[07:59:50]   new_best E=67 cl12=28 cl13=21 cl23=18 t=80.6s T=0.666
[07:59:52]   new_best E=66 cl12=24 cl13=23 cl23=19 t=82.7s T=0.608
[07:59:52]   new_best E=66 cl12=24 cl13=23 cl23=19 t=82.7s T=0.608
[07:59:54]   new_best E=62 cl12=23 cl13=20 cl23=19 t=84.6s T=0.562
[07:59:54]   new_best E=62 cl12=23 cl13=20 cl23=19 t=84.6s T=0.562
[07:59:55]   new_best E=65 cl12=22 cl13=24 cl23=19 t=85.0s T=0.553
[07:59:55]   new_best E=65 cl12=22 cl13=24 cl23=19 t=85.0s T=0.553
[07:59:56]   new_best E=64 cl12=19 cl13=25 cl23=20 t=86.8s T=0.513
[07:59:56]   new_best E=64 cl12=19 cl13=25 cl23=20 t=86.8s T=0.513
[08:00:00]   new_best E=63 cl12=21 cl13=23 cl23=19 t=89.8s T=0.450
[08:00:00]   new_best E=63 cl12=21 cl13=23 cl23=19 t=89.8s T=0.450
[08:00:00]   new_best E=61 cl12=21 cl13=22 cl23=18 t=90.4s T=0.439
[08:00:00]   new_best E=61 cl12=21 cl13=22 cl23=18 t=90.4s T=0.439
[08:00:01]   new_best E=59 cl12=22 cl13=20 cl23=17 t=91.3s T=0.424
[08:00:01]   new_best E=59 cl12=22 cl13=20 cl23=17 t=91.3s T=0.424
[08:00:05]   new_best E=62 cl12=18 cl13=23 cl23=21 t=95.6s T=0.354
[08:00:05]   new_best E=62 cl12=18 cl13=23 cl23=21 t=95.6s T=0.354
[08:00:05]   new_best E=61 cl12=18 cl13=22 cl23=21 t=95.6s T=0.353
[08:00:05]   new_best E=61 cl12=18 cl13=22 cl23=21 t=95.6s T=0.353
[08:00:06]   new_best E=60 cl12=18 cl13=22 cl23=20 t=95.8s T=0.350
[08:00:06]   new_best E=60 cl12=18 cl13=22 cl23=20 t=95.8s T=0.350
[08:00:07]   new_best E=57 cl12=19 cl13=20 cl23=18 t=96.8s T=0.335
[08:00:07]   new_best E=57 cl12=19 cl13=20 cl23=18 t=96.8s T=0.335
[08:00:13]   new_best E=59 cl12=16 cl13=22 cl23=21 t=103.4s T=0.254
[08:00:13]   new_best E=59 cl12=16 cl13=22 cl23=21 t=103.4s T=0.254
[08:00:25]   new_best E=58 cl12=16 cl13=21 cl23=21 t=115.5s T=0.152
[08:00:25]   new_best E=58 cl12=16 cl13=21 cl23=21 t=115.5s T=0.152
[08:01:30]   steps=5047621 (28042/s)
[08:01:30]   steps=5047621 (28042/s)
[08:01:30]   done: best_E=58  cl12=16  cl13=21  cl23=21  session_best=55  elapsed=180.0s
[08:01:30]   done: best_E=58  cl12=16  cl13=21  cl23=21  session_best=55  elapsed=180.0s
[08:01:30] trial=   4  strategy=pool_start  init_E=64  T_init=15.0  budget=180.0s  time=08:01:30
[08:01:30] trial=   4  strategy=pool_start  init_E=64  T_init=15.0  budget=180.0s  time=08:01:30
[08:01:30]   steps=5086759 (28260/s)
[08:01:30]   steps=5086759 (28260/s)
[08:01:30]   done: best_E=57  cl12=19  cl13=20  cl23=18  session_best=55  elapsed=180.0s
[08:01:30]   done: best_E=57  cl12=19  cl13=20  cl23=18  session_best=55  elapsed=180.0s
[08:01:30] trial=   4  strategy=pool_start  init_E=86  T_init=15.0  budget=180.0s  time=08:01:30
[08:01:30] trial=   4  strategy=pool_start  init_E=86  T_init=15.0  budget=180.0s  time=08:01:30
[08:01:34]   new_best E=85 cl12=29 cl13=34 cl23=22 t=4.4s T=12.521
[08:01:34]   new_best E=85 cl12=29 cl13=34 cl23=22 t=4.4s T=12.521
[08:01:35]   new_best E=83 cl12=32 cl13=25 cl23=26 t=5.6s T=11.968
[08:01:35]   new_best E=83 cl12=32 cl13=25 cl23=26 t=5.6s T=11.968
[08:01:45]   new_best E=81 cl12=23 cl13=30 cl23=28 t=15.1s T=8.123
[08:01:45]   new_best E=81 cl12=23 cl13=30 cl23=28 t=15.1s T=8.123
[08:01:53]   new_best E=78 cl12=28 cl13=25 cl23=25 t=23.7s T=5.728
[08:01:53]   new_best E=78 cl12=28 cl13=25 cl23=25 t=23.7s T=5.728
[08:02:14]   new_best E=77 cl12=19 cl13=29 cl23=29 t=43.7s T=2.538
[08:02:14]   new_best E=77 cl12=19 cl13=29 cl23=29 t=43.7s T=2.538
[08:02:14]   new_best E=75 cl12=19 cl13=28 cl23=28 t=43.7s T=2.537
[08:02:14]   new_best E=75 cl12=19 cl13=28 cl23=28 t=43.7s T=2.537
[08:02:20]   new_best E=74 cl12=15 cl13=26 cl23=33 t=49.8s T=1.983
[08:02:20]   new_best E=74 cl12=15 cl13=26 cl23=33 t=49.8s T=1.983
[08:02:36]   new_best E=73 cl12=22 cl13=26 cl23=25 t=65.9s T=1.033
[08:02:36]   new_best E=73 cl12=22 cl13=26 cl23=25 t=65.9s T=1.033
[08:02:36]   new_best E=71 cl12=22 cl13=25 cl23=24 t=65.9s T=1.033
[08:02:36]   new_best E=71 cl12=22 cl13=25 cl23=24 t=65.9s T=1.033
[08:02:39]   new_best E=70 cl12=25 cl13=21 cl23=24 t=69.0s T=0.908
[08:02:39]   new_best E=70 cl12=25 cl13=21 cl23=24 t=69.0s T=0.908
[08:02:39]   new_best E=68 cl12=24 cl13=21 cl23=23 t=69.0s T=0.908
[08:02:39]   new_best E=68 cl12=24 cl13=21 cl23=23 t=69.0s T=0.908
[08:02:43]   new_best E=65 cl12=23 cl13=17 cl23=25 t=72.9s T=0.776
[08:02:43]   new_best E=65 cl12=23 cl13=17 cl23=25 t=72.9s T=0.776
[08:02:43]   new_best E=63 cl12=23 cl13=18 cl23=22 t=73.0s T=0.774
[08:02:43]   new_best E=63 cl12=23 cl13=18 cl23=22 t=73.0s T=0.774
[08:02:50]   new_best E=63 cl12=19 cl13=21 cl23=23 t=80.4s T=0.572
[08:02:50]   new_best E=63 cl12=19 cl13=21 cl23=23 t=80.4s T=0.572
[08:02:52]   new_best E=62 cl12=16 cl13=25 cl23=21 t=82.4s T=0.528
[08:02:52]   new_best E=62 cl12=16 cl13=25 cl23=21 t=82.4s T=0.528
[08:02:56]   new_best E=60 cl12=21 cl13=21 cl23=18 t=85.8s T=0.460
[08:02:56]   new_best E=60 cl12=21 cl13=21 cl23=18 t=85.8s T=0.460
[08:02:56]   new_best E=62 cl12=23 cl13=18 cl23=21 t=85.9s T=0.457
[08:02:56]   new_best E=62 cl12=23 cl13=18 cl23=21 t=85.9s T=0.457
[08:02:56]   new_best E=61 cl12=22 cl13=18 cl23=21 t=85.9s T=0.457
[08:02:56]   new_best E=61 cl12=22 cl13=18 cl23=21 t=85.9s T=0.457
[08:02:57]   new_best E=59 cl12=24 cl13=20 cl23=15 t=87.5s T=0.429
[08:02:57]   new_best E=59 cl12=24 cl13=20 cl23=15 t=87.5s T=0.429
[08:02:58]   new_best E=59 cl12=20 cl13=21 cl23=18 t=88.5s T=0.411
[08:02:58]   new_best E=59 cl12=20 cl13=21 cl23=18 t=88.5s T=0.411
[08:02:59]   new_best E=58 cl12=19 cl13=21 cl23=18 t=88.7s T=0.408
[08:02:59]   new_best E=58 cl12=19 cl13=21 cl23=18 t=88.7s T=0.408
[08:03:08]   new_best E=56 cl12=19 cl13=19 cl23=18 t=98.2s T=0.277
[08:03:08]   new_best E=56 cl12=19 cl13=19 cl23=18 t=98.2s T=0.277
[08:03:16]   new_best E=54 cl12=19 cl13=15 cl23=20 t=106.5s T=0.198
[08:03:16]   new_best E=54 cl12=19 cl13=15 cl23=20 t=106.5s T=0.198
[08:04:30]   steps=4576982 (25428/s)
[08:04:30]   steps=4576982 (25428/s)
[08:04:30]   done: best_E=59  cl12=24  cl13=20  cl23=15  session_best=55  elapsed=180.0s
[08:04:30]   done: best_E=59  cl12=24  cl13=20  cl23=15  session_best=55  elapsed=180.0s
[08:04:30] trial=   5  strategy=random_start  init_E=67  T_init=25.0  budget=180.0s  time=08:04:30
[08:04:30] trial=   5  strategy=random_start  init_E=67  T_init=25.0  budget=180.0s  time=08:04:30
[08:04:30]   new_best E=64 cl12=0 cl13=36 cl23=28 t=0.0s T=24.999
[08:04:30]   new_best E=64 cl12=0 cl13=36 cl23=28 t=0.0s T=24.999
[08:04:30]   new_best E=61 cl12=0 cl13=33 cl23=28 t=0.0s T=24.999
[08:04:30]   new_best E=61 cl12=0 cl13=33 cl23=28 t=0.0s T=24.999
[08:04:30]   steps=4350859 (24171/s)
[08:04:30]   steps=4350859 (24171/s)
[08:04:30]   done: best_E=54  cl12=19  cl13=15  cl23=20  session_best=54  elapsed=180.0s
[08:04:30]   done: best_E=54  cl12=19  cl13=15  cl23=20  session_best=54  elapsed=180.0s
[08:04:30] trial=   5  strategy=random_start  init_E=68  T_init=25.0  budget=180.0s  time=08:04:30
[08:04:30] trial=   5  strategy=random_start  init_E=68  T_init=25.0  budget=180.0s  time=08:04:30
[08:04:30]   new_best E=67 cl12=0 cl13=32 cl23=35 t=0.0s T=24.995
[08:04:30]   new_best E=67 cl12=0 cl13=32 cl23=35 t=0.0s T=24.995
[08:05:57]   new_best E=60 cl12=25 cl13=19 cl23=16 t=87.4s T=0.559
[08:05:57]   new_best E=60 cl12=25 cl13=19 cl23=16 t=87.4s T=0.559
[08:05:58]   new_best E=59 cl12=23 cl13=20 cl23=16 t=88.6s T=0.531
[08:05:58]   new_best E=59 cl12=23 cl13=20 cl23=16 t=88.6s T=0.531
[08:06:02]   new_best E=66 cl12=23 cl13=22 cl23=21 t=91.7s T=0.463
[08:06:02]   new_best E=66 cl12=23 cl13=22 cl23=21 t=91.7s T=0.463
[08:06:02]   new_best E=65 cl12=23 cl13=21 cl23=21 t=91.8s T=0.463
[08:06:02]   new_best E=65 cl12=23 cl13=21 cl23=21 t=91.8s T=0.463
[08:06:05]   new_best E=64 cl12=23 cl13=20 cl23=21 t=95.5s T=0.394
[08:06:05]   new_best E=64 cl12=23 cl13=20 cl23=21 t=95.5s T=0.394
[08:06:19]   new_best E=58 cl12=19 cl13=19 cl23=20 t=109.6s T=0.214
[08:06:19]   new_best E=58 cl12=19 cl13=19 cl23=20 t=109.6s T=0.214
[08:06:23]   new_best E=63 cl12=22 cl13=19 cl23=22 t=112.7s T=0.186
[08:06:23]   new_best E=63 cl12=22 cl13=19 cl23=22 t=112.7s T=0.186
[08:06:24]   new_best E=62 cl12=20 cl13=20 cl23=22 t=113.7s T=0.178
[08:06:24]   new_best E=62 cl12=20 cl13=20 cl23=22 t=113.7s T=0.178
[08:06:31]   new_best E=61 cl12=18 cl13=21 cl23=22 t=121.2s T=0.129
[08:06:31]   new_best E=61 cl12=18 cl13=21 cl23=22 t=121.2s T=0.129
[08:06:33]   new_best E=57 cl12=19 cl13=18 cl23=20 t=123.0s T=0.119
[08:06:33]   new_best E=57 cl12=19 cl13=18 cl23=20 t=123.0s T=0.119
[08:07:30]   steps=4015118 (22306/s)
[08:07:30]   steps=4015118 (22306/s)
[08:07:30]   done: best_E=57  cl12=19  cl13=18  cl23=20  session_best=55  elapsed=180.0s
[08:07:30]   done: best_E=57  cl12=19  cl13=18  cl23=20  session_best=55  elapsed=180.0s
[08:07:30]   [status] pool=8 entries  session_best=55
[08:07:30]   [status] pool=8 entries  session_best=55
[08:07:30] trial=   6  strategy=pool_start  init_E=64  T_init=15.0  budget=180.0s  time=08:07:30
[08:07:30] trial=   6  strategy=pool_start  init_E=64  T_init=15.0  budget=180.0s  time=08:07:30
[08:07:30]   steps=3855233 (21418/s)
[08:07:30]   steps=3855233 (21418/s)
[08:07:30]   done: best_E=61  cl12=18  cl13=21  cl23=22  session_best=54  elapsed=180.0s
[08:07:30]   done: best_E=61  cl12=18  cl13=21  cl23=22  session_best=54  elapsed=180.0s
[08:07:30]   [status] pool=8 entries  session_best=54
[08:07:30]   [status] pool=8 entries  session_best=54
[08:07:30] trial=   6  strategy=pool_start  init_E=81  T_init=15.0  budget=180.0s  time=08:07:30
[08:07:30] trial=   6  strategy=pool_start  init_E=81  T_init=15.0  budget=180.0s  time=08:07:30
[08:07:30]   new_best E=76 cl12=20 cl13=28 cl23=28 t=0.0s T=15.000
[08:07:30]   new_best E=76 cl12=20 cl13=28 cl23=28 t=0.0s T=15.000
[08:08:20]   new_best E=73 cl12=22 cl13=23 cl23=28 t=50.3s T=1.944
[08:08:20]   new_best E=73 cl12=22 cl13=23 cl23=28 t=50.3s T=1.944
[08:08:37]   new_best E=71 cl12=21 cl13=27 cl23=23 t=67.2s T=0.978
[08:08:37]   new_best E=71 cl12=21 cl13=27 cl23=23 t=67.2s T=0.978
[08:08:37]   new_best E=69 cl12=19 cl13=28 cl23=22 t=67.3s T=0.974
[08:08:37]   new_best E=69 cl12=19 cl13=28 cl23=22 t=67.3s T=0.974
[08:08:39]   new_best E=68 cl12=23 cl13=23 cl23=22 t=69.4s T=0.893
[08:08:39]   new_best E=68 cl12=23 cl13=23 cl23=22 t=69.4s T=0.893
[08:08:41]   new_best E=67 cl12=22 cl13=23 cl23=22 t=71.2s T=0.832
[08:08:41]   new_best E=67 cl12=22 cl13=23 cl23=22 t=71.2s T=0.832
[08:08:41]   new_best E=66 cl12=22 cl13=20 cl23=24 t=71.4s T=0.825
[08:08:41]   new_best E=66 cl12=22 cl13=20 cl23=24 t=71.4s T=0.825
[08:08:45]   new_best E=65 cl12=22 cl13=21 cl23=22 t=75.4s T=0.702
[08:08:45]   new_best E=65 cl12=22 cl13=21 cl23=22 t=75.4s T=0.702
[08:08:46]   new_best E=64 cl12=22 cl13=21 cl23=21 t=76.0s T=0.685
[08:08:46]   new_best E=64 cl12=22 cl13=21 cl23=21 t=76.0s T=0.685
[08:08:51]   new_best E=63 cl12=22 cl13=23 cl23=18 t=80.9s T=0.562
[08:08:51]   new_best E=63 cl12=22 cl13=23 cl23=18 t=80.9s T=0.562
[08:08:54]   new_best E=62 cl12=19 cl13=23 cl23=20 t=84.1s T=0.492
[08:08:54]   new_best E=62 cl12=19 cl13=23 cl23=20 t=84.1s T=0.492
[08:08:54]   new_best E=61 cl12=20 cl13=19 cl23=22 t=84.7s T=0.481
[08:08:54]   new_best E=61 cl12=20 cl13=19 cl23=22 t=84.7s T=0.481
[08:08:57]   new_best E=60 cl12=19 cl13=22 cl23=19 t=87.0s T=0.437
[08:08:57]   new_best E=60 cl12=19 cl13=22 cl23=19 t=87.0s T=0.437
[08:08:57]   new_best E=59 cl12=18 cl13=22 cl23=19 t=87.3s T=0.433
[08:08:57]   new_best E=59 cl12=18 cl13=22 cl23=19 t=87.3s T=0.433
[08:08:57]   new_best E=62 cl12=24 cl13=20 cl23=18 t=87.6s T=0.427
[08:08:57]   new_best E=62 cl12=24 cl13=20 cl23=18 t=87.6s T=0.427
[08:08:58]   new_best E=61 cl12=22 cl13=21 cl23=18 t=87.8s T=0.423
[08:08:58]   new_best E=61 cl12=22 cl13=21 cl23=18 t=87.8s T=0.423
[08:08:58]   new_best E=58 cl12=19 cl13=20 cl23=19 t=88.5s T=0.411
[08:08:58]   new_best E=58 cl12=19 cl13=20 cl23=19 t=88.5s T=0.411
[08:09:01]   new_best E=57 cl12=19 cl13=20 cl23=18 t=91.0s T=0.372
[08:09:01]   new_best E=57 cl12=19 cl13=20 cl23=18 t=91.0s T=0.372
[08:09:06]   new_best E=56 cl12=20 cl13=20 cl23=16 t=96.5s T=0.297
[08:09:06]   new_best E=56 cl12=20 cl13=20 cl23=16 t=96.5s T=0.297
[08:09:24]   new_best E=55 cl12=20 cl13=20 cl23=15 t=113.9s T=0.147
[08:09:24]   new_best E=55 cl12=20 cl13=20 cl23=15 t=113.9s T=0.147
[08:09:31]   new_best E=60 cl12=20 cl13=23 cl23=17 t=121.4s T=0.108
[08:09:31]   new_best E=60 cl12=20 cl13=23 cl23=17 t=121.4s T=0.108
[08:10:30]   steps=3766307 (20924/s)
[08:10:30]   steps=3766307 (20924/s)
[08:10:30]   done: best_E=55  cl12=20  cl13=20  cl23=15  session_best=55  elapsed=180.0s
[08:10:30]   done: best_E=55  cl12=20  cl13=20  cl23=15  session_best=55  elapsed=180.0s
[08:10:30] trial=   7  strategy=heavy_perturb  init_E=64  T_init=20.0  budget=180.0s  time=08:10:30
[08:10:30] trial=   7  strategy=heavy_perturb  init_E=64  T_init=20.0  budget=180.0s  time=08:10:30
[08:10:30]   new_best E=60 cl12=0 cl13=33 cl23=27 t=0.0s T=20.000
[08:10:30]   new_best E=60 cl12=0 cl13=33 cl23=27 t=0.0s T=20.000
[08:10:30]   steps=3936349 (21869/s)
[08:10:30]   steps=3936349 (21869/s)
[08:10:30]   done: best_E=60  cl12=20  cl13=23  cl23=17  session_best=54  elapsed=180.0s
[08:10:30]   done: best_E=60  cl12=20  cl13=23  cl23=17  session_best=54  elapsed=180.0s
[08:10:30] trial=   7  strategy=heavy_perturb  init_E=91  T_init=20.0  budget=180.0s  time=08:10:30
[08:10:30] trial=   7  strategy=heavy_perturb  init_E=91  T_init=20.0  budget=180.0s  time=08:10:30
[08:10:30]   new_best E=89 cl12=33 cl13=27 cl23=29 t=0.1s T=19.937
[08:10:30]   new_best E=89 cl12=33 cl13=27 cl23=29 t=0.1s T=19.937
[08:10:31]   new_best E=88 cl12=32 cl13=28 cl23=28 t=1.0s T=19.159
[08:10:31]   new_best E=88 cl12=32 cl13=28 cl23=28 t=1.0s T=19.159
[08:10:32]   new_best E=87 cl12=29 cl13=28 cl23=30 t=2.6s T=17.894
[08:10:32]   new_best E=87 cl12=29 cl13=28 cl23=30 t=2.6s T=17.894
[08:10:35]   new_best E=85 cl12=26 cl13=29 cl23=30 t=5.5s T=15.827
[08:10:35]   new_best E=85 cl12=26 cl13=29 cl23=30 t=5.5s T=15.827
[08:10:43]   new_best E=84 cl12=27 cl13=26 cl23=31 t=13.0s T=11.571
[08:10:43]   new_best E=84 cl12=27 cl13=26 cl23=31 t=13.0s T=11.571
[08:10:44]   new_best E=83 cl12=29 cl13=26 cl23=28 t=14.3s T=10.922
[08:10:44]   new_best E=83 cl12=29 cl13=26 cl23=28 t=14.3s T=10.922
[08:10:57]   new_best E=82 cl12=26 cl13=31 cl23=25 t=27.3s T=6.305
[08:10:57]   new_best E=82 cl12=26 cl13=31 cl23=25 t=27.3s T=6.305
[08:11:10]   new_best E=76 cl12=29 cl13=18 cl23=29 t=40.4s T=3.638
[08:11:10]   new_best E=76 cl12=29 cl13=18 cl23=29 t=40.4s T=3.638
[08:11:30]   new_best E=75 cl12=26 cl13=31 cl23=18 t=60.2s T=1.577
[08:11:30]   new_best E=75 cl12=26 cl13=31 cl23=18 t=60.2s T=1.577
[08:11:35]   new_best E=69 cl12=21 cl13=23 cl23=25 t=65.0s T=1.283
[08:11:35]   new_best E=69 cl12=21 cl13=23 cl23=25 t=65.0s T=1.283
[08:11:35]   new_best E=68 cl12=21 cl13=23 cl23=24 t=65.1s T=1.280
[08:11:35]   new_best E=68 cl12=21 cl13=23 cl23=24 t=65.1s T=1.280
[08:11:46]   new_best E=67 cl12=23 cl13=21 cl23=23 t=76.4s T=0.794
[08:11:46]   new_best E=67 cl12=23 cl13=21 cl23=23 t=76.4s T=0.794
[08:11:47]   new_best E=66 cl12=22 cl13=21 cl23=23 t=76.8s T=0.780
[08:11:47]   new_best E=66 cl12=22 cl13=21 cl23=23 t=76.8s T=0.780
[08:11:50]   new_best E=64 cl12=23 cl13=24 cl23=17 t=80.2s T=0.677
[08:11:50]   new_best E=64 cl12=23 cl13=24 cl23=17 t=80.2s T=0.677
[08:11:51]   new_best E=63 cl12=21 cl13=25 cl23=17 t=81.3s T=0.646
[08:11:51]   new_best E=63 cl12=21 cl13=25 cl23=17 t=81.3s T=0.646
[08:12:00]   new_best E=62 cl12=23 cl13=22 cl23=17 t=90.1s T=0.446
[08:12:00]   new_best E=62 cl12=23 cl13=22 cl23=17 t=90.1s T=0.446
[08:12:00]   new_best E=61 cl12=21 cl13=23 cl23=17 t=90.6s T=0.436
[08:12:00]   new_best E=61 cl12=21 cl13=23 cl23=17 t=90.6s T=0.436
[08:12:01]   new_best E=60 cl12=20 cl13=20 cl23=20 t=91.7s T=0.417
[08:12:01]   new_best E=60 cl12=20 cl13=20 cl23=20 t=91.7s T=0.417
[08:12:03]   new_best E=59 cl12=18 cl13=17 cl23=24 t=93.7s T=0.382
[08:12:03]   new_best E=59 cl12=18 cl13=17 cl23=24 t=93.7s T=0.382
[08:12:04]   new_best E=58 cl12=18 cl13=17 cl23=23 t=94.7s T=0.367
[08:12:04]   new_best E=58 cl12=18 cl13=17 cl23=23 t=94.7s T=0.367
[08:12:06]   new_best E=57 cl12=17 cl13=17 cl23=23 t=96.1s T=0.346
[08:12:06]   new_best E=57 cl12=17 cl13=17 cl23=23 t=96.1s T=0.346
[08:12:13]   new_best E=59 cl12=22 cl13=18 cl23=19 t=103.2s T=0.256
[08:12:13]   new_best E=59 cl12=22 cl13=18 cl23=19 t=103.2s T=0.256
[08:12:14]   new_best E=57 cl12=22 cl13=16 cl23=19 t=104.4s T=0.244
[08:12:14]   new_best E=57 cl12=22 cl13=16 cl23=19 t=104.4s T=0.244
[08:12:45]   new_best E=56 cl12=22 cl13=15 cl23=19 t=134.8s T=0.067
[08:12:45]   new_best E=56 cl12=22 cl13=15 cl23=19 t=134.8s T=0.067
[08:13:30]   steps=3801203 (21118/s)
[08:13:30]   steps=3801203 (21118/s)
[08:13:30]   done: best_E=57  cl12=17  cl13=17  cl23=23  session_best=55  elapsed=180.0s
[08:13:30]   done: best_E=57  cl12=17  cl13=17  cl23=23  session_best=55  elapsed=180.0s
[08:13:30] trial=   8  strategy=pool_start  init_E=49  T_init=15.0  budget=180.0s  time=08:13:30
[08:13:30] trial=   8  strategy=pool_start  init_E=49  T_init=15.0  budget=180.0s  time=08:13:30
[08:13:30]   steps=3783472 (21019/s)
[08:13:30]   steps=3783472 (21019/s)
[08:13:30]   done: best_E=56  cl12=22  cl13=15  cl23=19  session_best=54  elapsed=180.0s
[08:13:30]   done: best_E=56  cl12=22  cl13=15  cl23=19  session_best=54  elapsed=180.0s
[08:13:30] trial=   8  strategy=pool_start  init_E=37  T_init=15.0  budget=180.0s  time=08:13:30
[08:13:30] trial=   8  strategy=pool_start  init_E=37  T_init=15.0  budget=180.0s  time=08:13:30
[08:16:30]   steps=3537347 (19652/s)
[08:16:30]   steps=3537347 (19652/s)
[08:16:30]   done: best_E=49  cl12=0  cl13=25  cl23=24  session_best=49  elapsed=180.0s
[08:16:30]   done: best_E=49  cl12=0  cl13=25  cl23=24  session_best=49  elapsed=180.0s
[08:16:30] trial=   9  strategy=random_start  init_E=65  T_init=25.0  budget=180.0s  time=08:16:30
[08:16:30] trial=   9  strategy=random_start  init_E=65  T_init=25.0  budget=180.0s  time=08:16:30
[08:16:30]   steps=3763917 (20911/s)
[08:16:30]   steps=3763917 (20911/s)
[08:16:30]   done: best_E=37  cl12=0  cl13=22  cl23=15  session_best=37  elapsed=180.0s
[08:16:30]   done: best_E=37  cl12=0  cl13=22  cl23=15  session_best=37  elapsed=180.0s
[08:16:30] trial=   9  strategy=random_start  init_E=70  T_init=25.0  budget=180.0s  time=08:16:30
[08:16:30] trial=   9  strategy=random_start  init_E=70  T_init=25.0  budget=180.0s  time=08:16:30
[08:16:30]   new_best E=67 cl12=0 cl13=34 cl23=33 t=0.0s T=24.995
[08:16:30]   new_best E=67 cl12=0 cl13=34 cl23=33 t=0.0s T=24.995
[08:17:54]   new_best E=66 cl12=21 cl13=21 cl23=24 t=83.9s T=0.653
[08:17:54]   new_best E=66 cl12=21 cl13=21 cl23=24 t=83.9s T=0.653
[08:17:54]   new_best E=64 cl12=19 cl13=21 cl23=24 t=84.0s T=0.648
[08:17:54]   new_best E=64 cl12=19 cl13=21 cl23=24 t=84.0s T=0.648
[08:18:00]   new_best E=63 cl12=19 cl13=21 cl23=23 t=90.4s T=0.491
[08:18:00]   new_best E=63 cl12=19 cl13=21 cl23=23 t=90.4s T=0.491
[08:18:03]   new_best E=62 cl12=21 cl13=18 cl23=23 t=93.4s T=0.432
[08:18:03]   new_best E=62 cl12=21 cl13=18 cl23=23 t=93.4s T=0.432
[08:18:03]   new_best E=61 cl12=21 cl13=19 cl23=21 t=93.4s T=0.431
[08:18:03]   new_best E=61 cl12=21 cl13=19 cl23=21 t=93.4s T=0.431
[08:18:06]   new_best E=59 cl12=19 cl13=20 cl23=20 t=95.9s T=0.388
[08:18:06]   new_best E=59 cl12=19 cl13=20 cl23=20 t=95.9s T=0.388
[08:18:11]   new_best E=64 cl12=19 cl13=24 cl23=21 t=101.1s T=0.309
[08:18:11]   new_best E=64 cl12=19 cl13=24 cl23=21 t=101.1s T=0.309
[08:18:12]   new_best E=61 cl12=17 cl13=23 cl23=21 t=102.6s T=0.289
[08:18:12]   new_best E=61 cl12=17 cl13=23 cl23=21 t=102.6s T=0.289
[08:18:25]   new_best E=60 cl12=17 cl13=22 cl23=21 t=115.1s T=0.168
[08:18:25]   new_best E=60 cl12=17 cl13=22 cl23=21 t=115.1s T=0.168
[08:18:31]   new_best E=58 cl12=19 cl13=21 cl23=18 t=121.6s T=0.127
[08:18:31]   new_best E=58 cl12=19 cl13=21 cl23=18 t=121.6s T=0.127
[08:18:32]   new_best E=57 cl12=18 cl13=21 cl23=18 t=122.0s T=0.124
[08:18:32]   new_best E=57 cl12=18 cl13=21 cl23=18 t=122.0s T=0.124
[08:18:34]   new_best E=58 cl12=19 cl13=21 cl23=18 t=123.8s T=0.115
[08:18:34]   new_best E=58 cl12=19 cl13=21 cl23=18 t=123.8s T=0.115
[08:18:35]   new_best E=56 cl12=18 cl13=22 cl23=16 t=125.5s T=0.107
[08:18:35]   new_best E=56 cl12=18 cl13=22 cl23=16 t=125.5s T=0.107
[08:19:30]   steps=2445554 (13586/s)
[08:19:30]   steps=2445554 (13586/s)
[08:19:30]   done: best_E=56  cl12=18  cl13=22  cl23=16  session_best=49  elapsed=180.0s
[08:19:30]   done: best_E=56  cl12=18  cl13=22  cl23=16  session_best=49  elapsed=180.0s
[08:19:30] trial=  10  strategy=pool_start  init_E=75  T_init=15.0  budget=180.0s  time=08:19:30
[08:19:30] trial=  10  strategy=pool_start  init_E=75  T_init=15.0  budget=180.0s  time=08:19:30
[08:19:30]   steps=2795821 (15532/s)
[08:19:30]   steps=2795821 (15532/s)
[08:19:30]   done: best_E=58  cl12=19  cl13=21  cl23=18  session_best=37  elapsed=180.0s
[08:19:30]   done: best_E=58  cl12=19  cl13=21  cl23=18  session_best=37  elapsed=180.0s
[08:19:30] trial=  10  strategy=pool_start  init_E=37  T_init=15.0  budget=180.0s  time=08:19:30
[08:19:30] trial=  10  strategy=pool_start  init_E=37  T_init=15.0  budget=180.0s  time=08:19:30
[08:20:23]   new_best E=74 cl12=24 cl13=27 cl23=23 t=53.6s T=1.697
[08:20:23]   new_best E=74 cl12=24 cl13=27 cl23=23 t=53.6s T=1.697
[08:20:31]   new_best E=73 cl12=23 cl13=21 cl23=29 t=61.7s T=1.225
[08:20:31]   new_best E=73 cl12=23 cl13=21 cl23=29 t=61.7s T=1.225
[08:20:35]   new_best E=71 cl12=24 cl13=25 cl23=22 t=64.8s T=1.077
[08:20:35]   new_best E=71 cl12=24 cl13=25 cl23=22 t=64.8s T=1.077
[08:20:43]   new_best E=69 cl12=25 cl13=26 cl23=18 t=72.8s T=0.780
[08:20:43]   new_best E=69 cl12=25 cl13=26 cl23=18 t=72.8s T=0.780
[08:20:43]   new_best E=68 cl12=23 cl13=26 cl23=19 t=72.8s T=0.780
[08:20:43]   new_best E=68 cl12=23 cl13=26 cl23=19 t=72.8s T=0.780
[08:20:43]   new_best E=67 cl12=21 cl13=26 cl23=20 t=72.8s T=0.779
[08:20:43]   new_best E=67 cl12=21 cl13=26 cl23=20 t=72.8s T=0.779
[08:20:55]   new_best E=66 cl12=21 cl13=25 cl23=20 t=85.7s T=0.461
[08:20:55]   new_best E=66 cl12=21 cl13=25 cl23=20 t=85.7s T=0.461
[08:20:56]   new_best E=65 cl12=22 cl13=25 cl23=18 t=86.3s T=0.451
[08:20:56]   new_best E=65 cl12=22 cl13=25 cl23=18 t=86.3s T=0.451
[08:20:56]   new_best E=64 cl12=22 cl13=24 cl23=18 t=86.5s T=0.447
[08:20:56]   new_best E=64 cl12=22 cl13=24 cl23=18 t=86.5s T=0.447
[08:21:00]   new_best E=63 cl12=18 cl13=27 cl23=18 t=89.9s T=0.390
[08:21:00]   new_best E=63 cl12=18 cl13=27 cl23=18 t=89.9s T=0.390
[08:21:01]   new_best E=61 cl12=19 cl13=22 cl23=20 t=90.9s T=0.374
[08:21:01]   new_best E=61 cl12=19 cl13=22 cl23=20 t=90.9s T=0.374
[08:21:01]   new_best E=60 cl12=18 cl13=21 cl23=21 t=91.3s T=0.368
[08:21:01]   new_best E=60 cl12=18 cl13=21 cl23=21 t=91.3s T=0.368
[08:21:02]   new_best E=59 cl12=17 cl13=21 cl23=21 t=91.9s T=0.358
[08:21:02]   new_best E=59 cl12=17 cl13=21 cl23=21 t=91.9s T=0.358
[08:22:30]   steps=2368632 (13159/s)
[08:22:30]   steps=2368632 (13159/s)
[08:22:30]   done: best_E=59  cl12=17  cl13=21  cl23=21  session_best=49  elapsed=180.0s
[08:22:30]   done: best_E=59  cl12=17  cl13=21  cl23=21  session_best=49  elapsed=180.0s
[08:22:30]   [status] pool=8 entries  session_best=49
[08:22:30]   [status] pool=8 entries  session_best=49
[08:22:30] trial=  11  strategy=heavy_perturb  init_E=115  T_init=20.0  budget=180.0s  time=08:22:30
[08:22:30] trial=  11  strategy=heavy_perturb  init_E=115  T_init=20.0  budget=180.0s  time=08:22:30
[08:22:30]   new_best E=114 cl12=36 cl13=39 cl23=39 t=0.0s T=20.000
[08:22:30]   new_best E=114 cl12=36 cl13=39 cl23=39 t=0.0s T=20.000
[08:22:30]   new_best E=112 cl12=36 cl13=34 cl23=42 t=0.0s T=19.999
[08:22:30]   new_best E=112 cl12=36 cl13=34 cl23=42 t=0.0s T=19.999
[08:22:30]   new_best E=106 cl12=35 cl13=34 cl23=37 t=0.0s T=19.999
[08:22:30]   new_best E=106 cl12=35 cl13=34 cl23=37 t=0.0s T=19.999
[08:22:30]   new_best E=103 cl12=30 cl13=34 cl23=39 t=0.0s T=19.999
[08:22:30]   new_best E=103 cl12=30 cl13=34 cl23=39 t=0.0s T=19.999
[08:22:30]   new_best E=102 cl12=30 cl13=35 cl23=37 t=0.0s T=19.999
[08:22:30]   new_best E=102 cl12=30 cl13=35 cl23=37 t=0.0s T=19.999
[08:22:30]   new_best E=98 cl12=30 cl13=31 cl23=37 t=0.0s T=19.999
[08:22:30]   new_best E=98 cl12=30 cl13=31 cl23=37 t=0.0s T=19.999
[08:22:30]   new_best E=95 cl12=31 cl13=31 cl23=33 t=0.0s T=19.999
[08:22:30]   new_best E=95 cl12=31 cl13=31 cl23=33 t=0.0s T=19.999
[08:22:30]   new_best E=89 cl12=29 cl13=27 cl23=33 t=0.0s T=19.998
[08:22:30]   new_best E=89 cl12=29 cl13=27 cl23=33 t=0.0s T=19.998
[08:22:30]   steps=2542671 (14126/s)
[08:22:30]   steps=2542671 (14126/s)
[08:22:30]   done: best_E=37  cl12=0  cl13=22  cl23=15  session_best=37  elapsed=180.0s
[08:22:30]   done: best_E=37  cl12=0  cl13=22  cl23=15  session_best=37  elapsed=180.0s
[08:22:30]   [status] pool=8 entries  session_best=37
[08:22:30]   [status] pool=8 entries  session_best=37
[08:22:30] trial=  11  strategy=heavy_perturb  init_E=101  T_init=20.0  budget=180.0s  time=08:22:30
[08:22:30] trial=  11  strategy=heavy_perturb  init_E=101  T_init=20.0  budget=180.0s  time=08:22:30
[08:22:30]   new_best E=100 cl12=33 cl13=32 cl23=35 t=0.0s T=19.999
[08:22:30]   new_best E=100 cl12=33 cl13=32 cl23=35 t=0.0s T=19.999
[08:22:30]   new_best E=94 cl12=33 cl13=30 cl23=31 t=0.0s T=19.999
[08:22:30]   new_best E=94 cl12=33 cl13=30 cl23=31 t=0.0s T=19.999
[08:22:30]   new_best E=93 cl12=33 cl13=30 cl23=30 t=0.1s T=19.934
[08:22:30]   new_best E=93 cl12=33 cl13=30 cl23=30 t=0.1s T=19.934
[08:22:30]   new_best E=89 cl12=29 cl13=30 cl23=30 t=0.1s T=19.921
[08:22:30]   new_best E=89 cl12=29 cl13=30 cl23=30 t=0.1s T=19.921
[08:22:30]   new_best E=88 cl12=28 cl13=31 cl23=29 t=0.6s T=19.486
[08:22:30]   new_best E=88 cl12=28 cl13=31 cl23=29 t=0.6s T=19.486
[08:22:32]   new_best E=87 cl12=30 cl13=27 cl23=30 t=1.7s T=18.595
[08:22:32]   new_best E=87 cl12=30 cl13=27 cl23=30 t=1.7s T=18.595
[08:22:32]   new_best E=85 cl12=23 cl13=30 cl23=32 t=2.1s T=18.337
[08:22:32]   new_best E=85 cl12=23 cl13=30 cl23=32 t=2.1s T=18.337
[08:22:33]   new_best E=87 cl12=28 cl13=28 cl23=31 t=3.5s T=17.285
[08:22:33]   new_best E=87 cl12=28 cl13=28 cl23=31 t=3.5s T=17.285
[08:22:37]   new_best E=86 cl12=27 cl13=30 cl23=29 t=7.5s T=14.577
[08:22:37]   new_best E=86 cl12=27 cl13=30 cl23=29 t=7.5s T=14.577
[08:22:44]   new_best E=85 cl12=32 cl13=29 cl23=24 t=14.2s T=10.973
[08:22:44]   new_best E=85 cl12=32 cl13=29 cl23=24 t=14.2s T=10.973
[08:22:46]   new_best E=83 cl12=26 cl13=27 cl23=30 t=15.9s T=10.227
[08:22:46]   new_best E=83 cl12=26 cl13=27 cl23=30 t=15.9s T=10.227
[08:22:48]   new_best E=84 cl12=31 cl13=29 cl23=24 t=18.7s T=9.087
[08:22:48]   new_best E=84 cl12=31 cl13=29 cl23=24 t=18.7s T=9.087
[08:22:53]   new_best E=83 cl12=28 cl13=29 cl23=26 t=23.2s T=7.494
[08:22:53]   new_best E=83 cl12=28 cl13=29 cl23=26 t=23.2s T=7.494
[08:22:53]   new_best E=82 cl12=28 cl13=26 cl23=28 t=23.2s T=7.493
[08:22:53]   new_best E=82 cl12=28 cl13=26 cl23=28 t=23.2s T=7.493
[08:23:02]   new_best E=82 cl12=28 cl13=25 cl23=29 t=32.2s T=5.142
[08:23:02]   new_best E=82 cl12=28 cl13=25 cl23=29 t=32.2s T=5.142
[08:23:04]   new_best E=81 cl12=32 cl13=25 cl23=24 t=33.9s T=4.776
[08:23:04]   new_best E=81 cl12=32 cl13=25 cl23=24 t=33.9s T=4.776
[08:23:14]   new_best E=81 cl12=20 cl13=31 cl23=30 t=44.5s T=3.054
[08:23:14]   new_best E=81 cl12=20 cl13=31 cl23=30 t=44.5s T=3.054
[08:23:21]   new_best E=80 cl12=25 cl13=25 cl23=30 t=51.0s T=2.317
[08:23:21]   new_best E=80 cl12=25 cl13=25 cl23=30 t=51.0s T=2.317
[08:23:23]   new_best E=80 cl12=27 cl13=30 cl23=23 t=53.7s T=2.069
[08:23:23]   new_best E=80 cl12=27 cl13=30 cl23=23 t=53.7s T=2.069
[08:23:27]   new_best E=75 cl12=29 cl13=24 cl23=22 t=57.7s T=1.751
[08:23:27]   new_best E=75 cl12=29 cl13=24 cl23=22 t=57.7s T=1.751
[08:23:28]   new_best E=74 cl12=28 cl13=24 cl23=22 t=57.7s T=1.748
[08:23:28]   new_best E=74 cl12=28 cl13=24 cl23=22 t=57.7s T=1.748
[08:23:28]   new_best E=77 cl12=23 cl13=27 cl23=27 t=57.9s T=1.734
[08:23:28]   new_best E=77 cl12=23 cl13=27 cl23=27 t=57.9s T=1.734
[08:23:33]   new_best E=76 cl12=24 cl13=23 cl23=29 t=63.3s T=1.381
[08:23:33]   new_best E=76 cl12=24 cl13=23 cl23=29 t=63.3s T=1.381
[08:23:37]   new_best E=73 cl12=27 cl13=23 cl23=23 t=66.8s T=1.193
[08:23:37]   new_best E=73 cl12=27 cl13=23 cl23=23 t=66.8s T=1.193
[08:23:37]   new_best E=71 cl12=25 cl13=23 cl23=23 t=66.8s T=1.191
[08:23:37]   new_best E=71 cl12=25 cl13=23 cl23=23 t=66.8s T=1.191
[08:23:37]   new_best E=67 cl12=24 cl13=20 cl23=23 t=67.3s T=1.168
[08:23:37]   new_best E=67 cl12=24 cl13=20 cl23=23 t=67.3s T=1.168
[08:23:41]   new_best E=74 cl12=28 cl13=22 cl23=24 t=71.1s T=0.994
[08:23:41]   new_best E=74 cl12=28 cl13=22 cl23=24 t=71.1s T=0.994
[08:23:42]   new_best E=71 cl12=26 cl13=23 cl23=22 t=71.9s T=0.960
[08:23:42]   new_best E=71 cl12=26 cl13=23 cl23=22 t=71.9s T=0.960
[08:23:43]   new_best E=70 cl12=18 cl13=29 cl23=23 t=73.6s T=0.895
[08:23:43]   new_best E=70 cl12=18 cl13=29 cl23=23 t=73.6s T=0.895
[08:23:44]   new_best E=68 cl12=18 cl13=25 cl23=25 t=74.0s T=0.880
[08:23:44]   new_best E=68 cl12=18 cl13=25 cl23=25 t=74.0s T=0.880
[08:23:44]   new_best E=67 cl12=18 cl13=25 cl23=24 t=74.6s T=0.856
[08:23:44]   new_best E=67 cl12=18 cl13=25 cl23=24 t=74.6s T=0.856
[08:23:48]   new_best E=66 cl12=22 cl13=20 cl23=24 t=78.3s T=0.732
[08:23:48]   new_best E=66 cl12=22 cl13=20 cl23=24 t=78.3s T=0.732
[08:23:48]   new_best E=65 cl12=22 cl13=20 cl23=23 t=78.4s T=0.730
[08:23:48]   new_best E=65 cl12=22 cl13=20 cl23=23 t=78.4s T=0.730
[08:23:49]   new_best E=66 cl12=20 cl13=22 cl23=24 t=79.6s T=0.694
[08:23:49]   new_best E=66 cl12=20 cl13=22 cl23=24 t=79.6s T=0.694
[08:23:51]   new_best E=65 cl12=21 cl13=21 cl23=23 t=80.8s T=0.660
[08:23:51]   new_best E=65 cl12=21 cl13=21 cl23=23 t=80.8s T=0.660
[08:23:59]   new_best E=63 cl12=23 cl13=18 cl23=22 t=89.3s T=0.460
[08:23:59]   new_best E=63 cl12=23 cl13=18 cl23=22 t=89.3s T=0.460
[08:24:00]   new_best E=61 cl12=21 cl13=19 cl23=21 t=90.1s T=0.445
[08:24:00]   new_best E=61 cl12=21 cl13=19 cl23=21 t=90.1s T=0.445
[08:24:02]   new_best E=60 cl12=22 cl13=19 cl23=19 t=92.7s T=0.399
[08:24:02]   new_best E=60 cl12=22 cl13=19 cl23=19 t=92.7s T=0.399
[08:24:08]   new_best E=64 cl12=23 cl13=18 cl23=23 t=97.7s T=0.323
[08:24:08]   new_best E=64 cl12=23 cl13=18 cl23=23 t=97.7s T=0.323
[08:24:09]   new_best E=58 cl12=19 cl13=17 cl23=22 t=99.0s T=0.305
[08:24:09]   new_best E=58 cl12=19 cl13=17 cl23=22 t=99.0s T=0.305
[08:24:09]   new_best E=57 cl12=19 cl13=17 cl23=21 t=99.5s T=0.300
[08:24:09]   new_best E=57 cl12=19 cl13=17 cl23=21 t=99.5s T=0.300
[08:24:10]   new_best E=62 cl12=22 cl13=19 cl23=21 t=100.1s T=0.293
[08:24:10]   new_best E=62 cl12=22 cl13=19 cl23=21 t=100.1s T=0.293
[08:24:10]   new_best E=56 cl12=19 cl13=17 cl23=20 t=100.3s T=0.290
[08:24:10]   new_best E=56 cl12=19 cl13=17 cl23=20 t=100.3s T=0.290
[08:24:23]   new_best E=61 cl12=22 cl13=18 cl23=21 t=113.4s T=0.166
[08:24:23]   new_best E=61 cl12=22 cl13=18 cl23=21 t=113.4s T=0.166
[08:24:24]   new_best E=59 cl12=23 cl13=18 cl23=18 t=114.3s T=0.160
[08:24:24]   new_best E=59 cl12=23 cl13=18 cl23=18 t=114.3s T=0.160
[08:24:24]   new_best E=58 cl12=21 cl13=18 cl23=19 t=114.4s T=0.159
[08:24:24]   new_best E=58 cl12=21 cl13=18 cl23=19 t=114.4s T=0.159
[08:24:31]   new_best E=57 cl12=20 cl13=18 cl23=19 t=121.5s T=0.118
[08:24:31]   new_best E=57 cl12=20 cl13=18 cl23=19 t=121.5s T=0.118
[08:24:33]   new_best E=56 cl12=20 cl13=17 cl23=19 t=123.3s T=0.110
[08:24:33]   new_best E=56 cl12=20 cl13=17 cl23=19 t=123.3s T=0.110
[08:24:34]   new_best E=55 cl12=19 cl13=17 cl23=19 t=123.8s T=0.107
[08:24:34]   new_best E=55 cl12=19 cl13=17 cl23=19 t=123.8s T=0.107
[08:25:30]   steps=2252354 (12513/s)
[08:25:30]   steps=2252354 (12513/s)
[08:25:30]   done: best_E=56  cl12=19  cl13=17  cl23=20  session_best=49  elapsed=180.0s
[08:25:30]   done: best_E=56  cl12=19  cl13=17  cl23=20  session_best=49  elapsed=180.0s
[08:25:30] trial=  12  strategy=pool_start  init_E=96  T_init=15.0  budget=180.0s  time=08:25:30
[08:25:30] trial=  12  strategy=pool_start  init_E=96  T_init=15.0  budget=180.0s  time=08:25:30
[08:25:30]   new_best E=94 cl12=33 cl13=28 cl23=33 t=0.0s T=15.000
[08:25:30]   new_best E=94 cl12=33 cl13=28 cl23=33 t=0.0s T=15.000
[08:25:30]   new_best E=91 cl12=28 cl13=29 cl23=34 t=0.0s T=14.993
[08:25:30]   new_best E=91 cl12=28 cl13=29 cl23=34 t=0.0s T=14.993
[08:25:30]   steps=2317702 (12876/s)
[08:25:30]   steps=2317702 (12876/s)
[08:25:30]   done: best_E=55  cl12=19  cl13=17  cl23=19  session_best=37  elapsed=180.0s
[08:25:30]   done: best_E=55  cl12=19  cl13=17  cl23=19  session_best=37  elapsed=180.0s
[08:25:30] trial=  12  strategy=pool_start  init_E=60  T_init=15.0  budget=180.0s  time=08:25:30
[08:25:30] trial=  12  strategy=pool_start  init_E=60  T_init=15.0  budget=180.0s  time=08:25:30
[08:25:30]   new_best E=89 cl12=32 cl13=30 cl23=27 t=0.1s T=14.928
[08:25:30]   new_best E=89 cl12=32 cl13=30 cl23=27 t=0.1s T=14.928
[08:25:33]   new_best E=88 cl12=34 cl13=24 cl23=30 t=2.8s T=13.376
[08:25:33]   new_best E=88 cl12=34 cl13=24 cl23=30 t=2.8s T=13.376
[08:25:35]   new_best E=87 cl12=32 cl13=25 cl23=30 t=4.9s T=12.275
[08:25:35]   new_best E=87 cl12=32 cl13=25 cl23=30 t=4.9s T=12.275
[08:25:35]   new_best E=86 cl12=28 cl13=25 cl23=33 t=4.9s T=12.275
[08:25:35]   new_best E=86 cl12=28 cl13=25 cl23=33 t=4.9s T=12.275
[08:25:46]   new_best E=85 cl12=30 cl13=29 cl23=26 t=16.6s T=7.646
[08:25:46]   new_best E=85 cl12=30 cl13=29 cl23=26 t=16.6s T=7.646
[08:25:47]   new_best E=84 cl12=26 cl13=30 cl23=28 t=17.1s T=7.475
[08:25:47]   new_best E=84 cl12=26 cl13=30 cl23=28 t=17.1s T=7.475
[08:25:58]   new_best E=82 cl12=24 cl13=30 cl23=28 t=28.4s T=4.740
[08:25:58]   new_best E=82 cl12=24 cl13=30 cl23=28 t=28.4s T=4.740
[08:26:08]   new_best E=81 cl12=21 cl13=30 cl23=30 t=37.9s T=3.212
[08:26:08]   new_best E=81 cl12=21 cl13=30 cl23=30 t=37.9s T=3.212
[08:26:12]   new_best E=80 cl12=28 cl13=25 cl23=27 t=42.6s T=2.658
[08:26:12]   new_best E=80 cl12=28 cl13=25 cl23=27 t=42.6s T=2.658
[08:26:12]   new_best E=78 cl12=29 cl13=22 cl23=27 t=42.6s T=2.657
[08:26:12]   new_best E=78 cl12=29 cl13=22 cl23=27 t=42.6s T=2.657
[08:26:22]   new_best E=76 cl12=23 cl13=29 cl23=24 t=52.2s T=1.797
[08:26:22]   new_best E=76 cl12=23 cl13=29 cl23=24 t=52.2s T=1.797
[08:26:24]   new_best E=75 cl12=21 cl13=29 cl23=25 t=53.8s T=1.686
[08:26:24]   new_best E=75 cl12=21 cl13=29 cl23=25 t=53.8s T=1.686
[08:26:24]   new_best E=73 cl12=21 cl13=28 cl23=24 t=53.8s T=1.686
[08:26:24]   new_best E=73 cl12=21 cl13=28 cl23=24 t=53.8s T=1.686
[08:26:34]   new_best E=70 cl12=21 cl13=27 cl23=22 t=64.7s T=1.084
[08:26:34]   new_best E=70 cl12=21 cl13=27 cl23=22 t=64.7s T=1.084
[08:26:35]   new_best E=69 cl12=21 cl13=25 cl23=23 t=64.8s T=1.079
[08:26:35]   new_best E=69 cl12=21 cl13=25 cl23=23 t=64.8s T=1.079
[08:26:47]   new_best E=68 cl12=28 cl13=22 cl23=18 t=77.1s T=0.655
[08:26:47]   new_best E=68 cl12=28 cl13=22 cl23=18 t=77.1s T=0.655
[08:26:49]   new_best E=67 cl12=28 cl13=21 cl23=18 t=79.5s T=0.594
[08:26:49]   new_best E=67 cl12=28 cl13=21 cl23=18 t=79.5s T=0.594
[08:26:53]   new_best E=66 cl12=25 cl13=22 cl23=19 t=83.2s T=0.510
[08:26:53]   new_best E=66 cl12=25 cl13=22 cl23=19 t=83.2s T=0.510
[08:26:54]   new_best E=65 cl12=23 cl13=20 cl23=22 t=84.2s T=0.490
[08:26:54]   new_best E=65 cl12=23 cl13=20 cl23=22 t=84.2s T=0.490
[08:27:00]   new_best E=64 cl12=20 cl13=20 cl23=24 t=90.6s T=0.378
[08:27:00]   new_best E=64 cl12=20 cl13=20 cl23=24 t=90.6s T=0.378
[08:27:02]   new_best E=63 cl12=20 cl13=20 cl23=23 t=91.8s T=0.361
[08:27:02]   new_best E=63 cl12=20 cl13=20 cl23=23 t=91.8s T=0.361
[08:27:03]   new_best E=62 cl12=19 cl13=20 cl23=23 t=92.8s T=0.346
[08:27:03]   new_best E=62 cl12=19 cl13=20 cl23=23 t=92.8s T=0.346
[08:27:03]   new_best E=61 cl12=19 cl13=20 cl23=22 t=93.1s T=0.341
[08:27:03]   new_best E=61 cl12=19 cl13=20 cl23=22 t=93.1s T=0.341
[08:27:03]   new_best E=60 cl12=19 cl13=21 cl23=20 t=93.3s T=0.339
[08:27:03]   new_best E=60 cl12=19 cl13=21 cl23=20 t=93.3s T=0.339
[08:27:13]   new_best E=59 cl12=19 cl13=21 cl23=19 t=103.4s T=0.224
[08:27:13]   new_best E=59 cl12=19 cl13=21 cl23=19 t=103.4s T=0.224
[08:28:30]   steps=2770760 (15393/s)
[08:28:30]   steps=2770760 (15393/s)
[08:28:30]   done: best_E=60  cl12=19  cl13=21  cl23=20  session_best=49  elapsed=180.0s
[08:28:30]   done: best_E=60  cl12=19  cl13=21  cl23=20  session_best=49  elapsed=180.0s
[08:28:30] trial=  13  strategy=random_start  init_E=64  T_init=25.0  budget=180.0s  time=08:28:30
[08:28:30] trial=  13  strategy=random_start  init_E=64  T_init=25.0  budget=180.0s  time=08:28:30
[08:28:30]   steps=2717176 (15095/s)
[08:28:30]   steps=2717176 (15095/s)
[08:28:30]   done: best_E=59  cl12=19  cl13=21  cl23=19  session_best=37  elapsed=180.0s
[08:28:30]   done: best_E=59  cl12=19  cl13=21  cl23=19  session_best=37  elapsed=180.0s
[08:28:30] trial=  13  strategy=random_start  init_E=71  T_init=25.0  budget=180.0s  time=08:28:30
[08:28:30] trial=  13  strategy=random_start  init_E=71  T_init=25.0  budget=180.0s  time=08:28:30
[08:29:47]   new_best E=69 cl12=27 cl13=24 cl23=18 t=76.8s T=0.888
[08:29:47]   new_best E=69 cl12=27 cl13=24 cl23=18 t=76.8s T=0.888
[08:29:52]   new_best E=68 cl12=24 cl13=23 cl23=21 t=82.1s T=0.704
[08:29:52]   new_best E=68 cl12=24 cl13=23 cl23=21 t=82.1s T=0.704
[08:29:56]   new_best E=67 cl12=23 cl13=24 cl23=20 t=86.5s T=0.582
[08:29:56]   new_best E=67 cl12=23 cl13=24 cl23=20 t=86.5s T=0.582
[08:29:57]   new_best E=66 cl12=23 cl13=24 cl23=19 t=86.9s T=0.571
[08:29:57]   new_best E=66 cl12=23 cl13=24 cl23=19 t=86.9s T=0.571
[08:29:59]   new_best E=63 cl12=28 cl13=18 cl23=17 t=88.9s T=0.525
[08:29:59]   new_best E=63 cl12=28 cl13=18 cl23=17 t=88.9s T=0.525
[08:29:59]   new_best E=65 cl12=24 cl13=21 cl23=20 t=89.4s T=0.512
[08:29:59]   new_best E=65 cl12=24 cl13=21 cl23=20 t=89.4s T=0.512
[08:30:00]   new_best E=62 cl12=26 cl13=20 cl23=16 t=90.1s T=0.497
[08:30:00]   new_best E=62 cl12=26 cl13=20 cl23=16 t=90.1s T=0.497
[08:30:01]   new_best E=64 cl12=22 cl13=24 cl23=18 t=90.8s T=0.483
[08:30:01]   new_best E=64 cl12=22 cl13=24 cl23=18 t=90.8s T=0.483
[08:30:04]   new_best E=63 cl12=24 cl13=23 cl23=16 t=94.6s T=0.409
[08:30:04]   new_best E=63 cl12=24 cl13=23 cl23=16 t=94.6s T=0.409
[08:30:08]   new_best E=62 cl12=23 cl13=23 cl23=16 t=97.8s T=0.357
[08:30:08]   new_best E=62 cl12=23 cl13=23 cl23=16 t=97.8s T=0.357
[08:30:17]   new_best E=61 cl12=26 cl13=16 cl23=19 t=107.3s T=0.236
[08:30:17]   new_best E=61 cl12=26 cl13=16 cl23=19 t=107.3s T=0.236
[08:30:19]   new_best E=60 cl12=26 cl13=15 cl23=19 t=109.2s T=0.217
[08:30:19]   new_best E=60 cl12=26 cl13=15 cl23=19 t=109.2s T=0.217
[08:30:31]   new_best E=59 cl12=25 cl13=15 cl23=19 t=121.4s T=0.128
[08:30:31]   new_best E=59 cl12=25 cl13=15 cl23=19 t=121.4s T=0.128
[08:30:34]   new_best E=56 cl12=22 cl13=14 cl23=20 t=123.8s T=0.115
[08:30:34]   new_best E=56 cl12=22 cl13=14 cl23=20 t=123.8s T=0.115
