[01:34:56] Multi-class sweep: 7 different-class entries
[01:34:56] [4] class=d83f1182 E=31 optimizing...
[01:38:56]   [4] d83f1182: E=31→31 cl13=19 cl23=12 FEASIBLE t=240.1s
[01:38:56]   Saved E=31 to pool!
[01:38:56] [5] class=3a33165a E=31 optimizing...
[01:42:56]   [5] 3a33165a: E=31→31 cl13=19 cl23=12 FEASIBLE t=240.1s
[01:42:56]   Saved E=31 to pool!
[01:42:56] [6] class=48db40d4 E=31 optimizing...
[01:46:56]   [6] 48db40d4: E=31→31 cl13=19 cl23=12 FEASIBLE t=240.1s
[01:46:56]   Saved E=31 to pool!
[01:46:56] [7] class=74bb7b86 E=31 optimizing...
[01:50:57]   [7] 74bb7b86: E=31→31 cl13=19 cl23=12 FEASIBLE t=240.0s
[01:50:57]   Saved E=31 to pool!
[01:50:57] [9] class=0968fc79 E=31 optimizing...
[01:54:57]   [9] 0968fc79: E=31→31 cl13=19 cl23=12 FEASIBLE t=240.0s
[01:54:57]   Saved E=31 to pool!
[01:54:57] [10] class=ebfeb9f7 E=31 optimizing...
[01:58:57]   [10] ebfeb9f7: E=31→31 cl13=19 cl23=12 FEASIBLE t=240.1s
[01:58:57]   Saved E=31 to pool!
[01:58:57] [11] class=2cc8e22f E=32 optimizing...
  Saved E=31 to pool!
[01:58:57] [11] class=2cc8e22f E=32 optimizing...
