[18:28:40] ============================================================
[18:28:40] Deep push: mdecomp_48 (hash=8d481a18) cl12=0
[18:28:40] Timeout=1800.0s workers=2 seed=11111
[18:28:40] NOTE: Previous best E=34 lost to container restart; restarting from scratch
[18:28:40] ============================================================
[18:28:40] Trial 0: 180s warmup
[18:31:40]   Warmup: E=37 cl13=15 cl23=22 t=180.1s
[18:31:40] trial=  1 timeout=1800.0s seed=113196452
[19:01:40]   -> E=33 cl13=17 cl23=16 t=1800.1s
[19:01:40]   New best: E=33
[19:01:40] trial=  2 timeout=1800.0s seed=1533329028
[19:31:40]   -> E=33 cl13=17 cl23=16 t=1800.1s
[19:31:40] trial=  3 timeout=1800.0s seed=1548417276
[20:01:40]   -> E=31 cl13=14 cl23=17 t=1800.1s * E<=31 *
[20:01:40]   New best: E=31
[20:01:40] trial=  4 timeout=1800.0s seed=1721217034
[20:31:40]   -> E=31 cl13=14 cl23=17 t=1800.1s * E<=31 *
[20:31:40] trial=  5 timeout=1800.0s seed=482957329
[21:01:40]   -> E=30 cl13=14 cl23=16 t=1800.2s * E<=31 *
[21:01:40]   New best: E=30
[21:01:40] trial=  6 timeout=1800.0s seed=733271838
