[00:32:33] ============================================================
[00:32:33] ============================================================
[00:32:33] Alt push v2: mdecomp_48 (pairs[23]) cl12=0
[00:32:33] Alt push v2: mdecomp_48 (pairs[23]) cl12=0
[00:32:33] Timeout=1800.0s workers=1 seed=88888
[00:32:33] Timeout=1800.0s workers=1 seed=88888
[00:32:33] Loaded E=30 hint from mdecomp48_best_l3.json — no warmup needed
[00:32:33] Loaded E=30 hint from mdecomp48_best_l3.json — no warmup needed
[00:32:33] ============================================================
[00:32:33] ============================================================
[00:32:33] trial=  1 timeout=1800.0s seed=657100345 E_best=30
[00:32:33] trial=  1 timeout=1800.0s seed=657100345 E_best=30
[01:02:33]   -> E=30 cl13=14 cl23=16 t=1800.0s * E=30 (ties best) *
[01:02:33]   -> E=30 cl13=14 cl23=16 t=1800.0s * E=30 (ties best) *
[01:02:33] trial=  2 timeout=1800.0s seed=1615851102 E_best=30
[01:02:33] trial=  2 timeout=1800.0s seed=1615851102 E_best=30
[01:32:33]   -> E=30 cl13=14 cl23=16 t=1800.0s * E=30 (ties best) *
[01:32:33]   -> E=30 cl13=14 cl23=16 t=1800.0s * E=30 (ties best) *
[01:32:33] trial=  3 timeout=1800.0s seed=1042365059 E_best=30
[01:32:33] trial=  3 timeout=1800.0s seed=1042365059 E_best=30
