[09:40:09] ============================================================
[09:40:09] Proof: 0968fc79 E=29 cl13=17 cl23=12
[09:40:09] Target: E <= 28, timeout=1800.0s, workers=1, seed=44444
[09:40:09] ============================================================
[09:40:09] trial=  1 target=28 cp_seed=102173197 gauge=id
[13:14:25] ============================================================
[13:14:25] ============================================================
[13:14:25] Proof: 0968fc79 E=29 cl13=17 cl23=12
[13:14:25] Proof: 0968fc79 E=29 cl13=17 cl23=12
[13:14:25] Target: E <= 28, timeout=1800.0s, workers=1, seed=88888
[13:14:25] Target: E <= 28, timeout=1800.0s, workers=1, seed=88888
[13:14:25] ============================================================
[13:14:25] ============================================================
[13:14:25] trial=  1 target=28 cp_seed=657100345 gauge=id
[13:14:25] trial=  1 target=28 cp_seed=657100345 gauge=id
[13:44:25]   TIMEOUT: inconclusive t=1800.1s
[13:44:25]   TIMEOUT: inconclusive t=1800.1s
[13:44:25] trial=  2 target=28 cp_seed=1615851102 gauge=[np.int32(3), np.int32(8), np.int32(5), np.int32(0), np.int32(1), np.int32(6), np.int32(2), np.int32(7), np.int32(9), np.int32(4)]
[13:44:25] trial=  2 target=28 cp_seed=1615851102 gauge=[np.int32(3), np.int32(8), np.int32(5), np.int32(0), np.int32(1), np.int32(6), np.int32(2), np.int32(7), np.int32(9), np.int32(4)]
[18:28:40] ============================================================
[18:28:40] Proof: 0968fc79 E=29 cl13=17 cl23=12
[18:28:40] Target: E <= 28, timeout=1800.0s, workers=1, seed=55555
[18:28:40] ============================================================
[18:28:40] trial=  1 target=28 cp_seed=299987784 gauge=id
[18:58:40]   TIMEOUT: inconclusive t=1800.1s
[18:58:40] trial=  2 target=28 cp_seed=800003107 gauge=[np.int32(4), np.int32(9), np.int32(2), np.int32(5), np.int32(1), np.int32(6), np.int32(8), np.int32(3), np.int32(7), np.int32(0)]
[19:28:40]   TIMEOUT: inconclusive t=1800.2s
[19:28:40] trial=  3 target=28 cp_seed=1447075290 gauge=[np.int32(8), np.int32(3), np.int32(7), np.int32(9), np.int32(5), np.int32(2), np.int32(0), np.int32(4), np.int32(6), np.int32(1)]
[19:58:40]   TIMEOUT: inconclusive t=1800.6s
[19:58:40] trial=  4 target=28 cp_seed=38776592 gauge=[np.int32(5), np.int32(7), np.int32(9), np.int32(4), np.int32(8), np.int32(3), np.int32(2), np.int32(6), np.int32(1), np.int32(0)]
[20:28:41]   TIMEOUT: inconclusive t=1800.1s
[20:28:41] trial=  5 target=28 cp_seed=720253040 gauge=[np.int32(7), np.int32(6), np.int32(1), np.int32(3), np.int32(5), np.int32(2), np.int32(8), np.int32(0), np.int32(4), np.int32(9)]
[20:58:41]   TIMEOUT: inconclusive t=1800.2s
[20:58:41] trial=  6 target=28 cp_seed=1721695721 gauge=[np.int32(9), np.int32(3), np.int32(2), np.int32(0), np.int32(5), np.int32(7), np.int32(4), np.int32(6), np.int32(1), np.int32(8)]
[21:28:41]   TIMEOUT: inconclusive t=1800.2s
[21:28:41] trial=  7 target=28 cp_seed=1770070613 gauge=[np.int32(1), np.int32(0), np.int32(9), np.int32(8), np.int32(5), np.int32(7), np.int32(4), np.int32(2), np.int32(6), np.int32(3)]
