[08:48:54] ============================================================
[08:48:54] Proof: main class 4f04a773 E=29 cl13=15 cl23=14
[08:48:54] Target: E <= 28, timeout=1800.0s, workers=1, seed=42424
[08:48:54] ============================================================
[08:48:54] trial=  1 target=28 timeout=1800.0s cp_seed=1595395825
[09:08:02] ============================================================
[09:08:02] Proof: main class 4f04a773 E=29 cl13=15 cl23=14
[09:08:02] Target: E <= 28, timeout=1800.0s, workers=1, seed=11111
[09:08:02] ============================================================
[09:08:02] trial=  1 target=28 timeout=1800.0s cp_seed=1412511523 gauge=id
[09:38:02]   TIMEOUT t=1800.1s
[09:38:02] trial=  2 target=28 timeout=1800.0s cp_seed=113196452 gauge=[np.int32(5), np.int32(9), np.int32(6), np.int32(7), np.int32(0), np.int32(4), np.int32(1), np.int32(8), np.int32(3), np.int32(2)]
[13:14:25] ============================================================
[13:14:25] ============================================================
[13:14:25] Proof: main class 4f04a773 E=29 cl13=15 cl23=14
[13:14:25] Proof: main class 4f04a773 E=29 cl13=15 cl23=14
[13:14:25] Target: E <= 28, timeout=1800.0s, workers=1, seed=55555
[13:14:25] Target: E <= 28, timeout=1800.0s, workers=1, seed=55555
[13:14:25] ============================================================
[13:14:25] ============================================================
[13:14:25] trial=  1 target=28 timeout=1800.0s cp_seed=299987784 gauge=id
[13:14:25] trial=  1 target=28 timeout=1800.0s cp_seed=299987784 gauge=id
[13:44:25]   TIMEOUT t=1800.1s
[13:44:25]   TIMEOUT t=1800.1s
[13:44:25] trial=  2 target=28 timeout=1800.0s cp_seed=800003107 gauge=[np.int32(4), np.int32(9), np.int32(2), np.int32(5), np.int32(1), np.int32(6), np.int32(8), np.int32(3), np.int32(7), np.int32(0)]
[13:44:25] trial=  2 target=28 timeout=1800.0s cp_seed=800003107 gauge=[np.int32(4), np.int32(9), np.int32(2), np.int32(5), np.int32(1), np.int32(6), np.int32(8), np.int32(3), np.int32(7), np.int32(0)]
[18:28:40] ============================================================
[18:28:40] Proof: main class 4f04a773 E=29 cl13=15 cl23=14
[18:28:40] Target: E <= 28, timeout=1800.0s, workers=1, seed=22222
[18:28:40] ============================================================
[18:28:40] trial=  1 target=28 timeout=1800.0s cp_seed=1133235416 gauge=id
[18:58:40]   TIMEOUT t=1800.1s
[18:58:40] trial=  2 target=28 timeout=1800.0s cp_seed=1293582531 gauge=[np.int32(7), np.int32(6), np.int32(2), np.int32(4), np.int32(3), np.int32(1), np.int32(8), np.int32(9), np.int32(0), np.int32(5)]
