[00:51:07] ============================================================
[00:51:07] ============================================================
[00:51:07] CP-SAT pair generator seed=7002 pair_t=30.0s l3_t=240.0s 2w
[00:51:07] CP-SAT pair generator seed=7002 pair_t=30.0s l3_t=240.0s 2w
[00:51:07] Known class hashes: {3628011906, 1958443910, 751362607, 1325705075, 1222328532, 3959339511, 157875321, 976426586}
[00:51:07] Known class hashes: {3628011906, 1958443910, 751362607, 1325705075, 1222328532, 3959339511, 157875321, 976426586}
[00:51:07] trial=1 mult=3 no L2 found in 0.2s, skipping
[00:51:07] trial=1 mult=3 no L2 found in 0.2s, skipping
[00:51:07] trial=2 mult=7 no L2 found in 0.2s, skipping
[00:51:07] trial=2 mult=7 no L2 found in 0.2s, skipping
[00:51:07] trial=3 mult=9 no L2 found in 0.1s, skipping
[00:51:07] trial=3 mult=9 no L2 found in 0.1s, skipping
[00:51:08] trial=4 mult=1 no L2 found in 0.1s, skipping
[00:51:08] trial=4 mult=1 no L2 found in 0.1s, skipping
[00:51:08] trial=5 mult=3 no L2 found in 0.2s, skipping
[00:51:08] trial=5 mult=3 no L2 found in 0.2s, skipping
[00:51:08] trial=6 mult=7 no L2 found in 0.2s, skipping
[00:51:08] trial=6 mult=7 no L2 found in 0.2s, skipping
[00:51:08] trial=7 mult=9 no L2 found in 0.1s, skipping
[00:51:08] trial=7 mult=9 no L2 found in 0.1s, skipping
[00:51:08] trial=8 mult=1 no L2 found in 0.4s, skipping
[00:51:08] trial=8 mult=1 no L2 found in 0.4s, skipping
[00:51:09] trial=9 mult=3 no L2 found in 0.3s, skipping
[00:51:09] trial=9 mult=3 no L2 found in 0.3s, skipping
[00:51:09] trial=10 mult=7 no L2 found in 0.1s, skipping
[00:51:09] trial=10 mult=7 no L2 found in 0.1s, skipping
[00:51:09] trial=11 mult=9 no L2 found in 0.1s, skipping
[00:51:09] trial=11 mult=9 no L2 found in 0.1s, skipping
[00:51:09] trial=12 mult=1 no L2 found in 0.2s, skipping
[00:51:09] trial=12 mult=1 no L2 found in 0.2s, skipping
[00:51:09] trial=13 mult=3 no L2 found in 0.1s, skipping
[00:51:09] trial=13 mult=3 no L2 found in 0.1s, skipping
[00:51:09] trial=14 mult=7 no L2 found in 0.1s, skipping
[00:51:09] trial=14 mult=7 no L2 found in 0.1s, skipping
[00:51:09] trial=15 mult=9 no L2 found in 0.1s, skipping
[00:51:09] trial=15 mult=9 no L2 found in 0.1s, skipping
[00:51:10] trial=16 mult=1 no L2 found in 0.2s, skipping
[00:51:10] trial=16 mult=1 no L2 found in 0.2s, skipping
[00:51:10] trial=17 mult=3 no L2 found in 0.1s, skipping
[00:51:10] trial=17 mult=3 no L2 found in 0.1s, skipping
[00:51:10] trial=18 mult=7 no L2 found in 0.1s, skipping
[00:51:10] trial=18 mult=7 no L2 found in 0.1s, skipping
[00:51:10] trial=19 mult=9 no L2 found in 0.4s, skipping
[00:51:10] trial=19 mult=9 no L2 found in 0.4s, skipping
[00:51:10] trial=20 mult=1 no L2 found in 0.3s, skipping
[00:51:10] trial=20 mult=1 no L2 found in 0.3s, skipping
[00:51:11] trial=21 mult=3 no L2 found in 0.4s, skipping
[00:51:11] trial=21 mult=3 no L2 found in 0.4s, skipping
[00:51:11] trial=22 mult=7 no L2 found in 0.2s, skipping
[00:51:11] trial=22 mult=7 no L2 found in 0.2s, skipping
[00:51:11] trial=23 mult=9 no L2 found in 0.1s, skipping
[00:51:11] trial=23 mult=9 no L2 found in 0.1s, skipping
[00:51:11] trial=24 mult=1 no L2 found in 0.1s, skipping
[00:51:11] trial=24 mult=1 no L2 found in 0.1s, skipping
[00:51:12] trial=25 mult=3 no L2 found in 0.2s, skipping
[00:51:12] trial=25 mult=3 no L2 found in 0.2s, skipping
[00:51:12] trial=26 mult=7 no L2 found in 0.2s, skipping
[00:51:12] trial=26 mult=7 no L2 found in 0.2s, skipping
[00:51:12] trial=27 mult=9 no L2 found in 0.2s, skipping
[00:51:12] trial=27 mult=9 no L2 found in 0.2s, skipping
[00:51:12] trial=28 mult=1 no L2 found in 0.2s, skipping
[00:51:12] trial=28 mult=1 no L2 found in 0.2s, skipping
[00:51:12] trial=29 mult=3 no L2 found in 0.2s, skipping
[00:51:12] trial=29 mult=3 no L2 found in 0.2s, skipping
[00:51:13] trial=30 mult=7 no L2 found in 0.3s, skipping
[00:51:13] trial=30 mult=7 no L2 found in 0.3s, skipping
[00:51:13] trial=31 mult=9 no L2 found in 0.4s, skipping
[00:51:13] trial=31 mult=9 no L2 found in 0.4s, skipping
[00:51:13] trial=32 mult=1 no L2 found in 0.1s, skipping
[00:51:13] trial=32 mult=1 no L2 found in 0.1s, skipping
[00:51:13] trial=33 mult=3 no L2 found in 0.3s, skipping
[00:51:13] trial=33 mult=3 no L2 found in 0.3s, skipping
[00:51:14] trial=34 mult=7 no L2 found in 0.2s, skipping
[00:51:14] trial=34 mult=7 no L2 found in 0.2s, skipping
[00:51:14] trial=35 mult=9 no L2 found in 0.2s, skipping
[00:51:14] trial=35 mult=9 no L2 found in 0.2s, skipping
[00:51:14] trial=36 mult=1 no L2 found in 0.2s, skipping
[00:51:14] trial=36 mult=1 no L2 found in 0.2s, skipping
[00:51:14] trial=37 mult=3 no L2 found in 0.3s, skipping
[00:51:14] trial=37 mult=3 no L2 found in 0.3s, skipping
[00:51:15] trial=38 mult=7 no L2 found in 0.2s, skipping
[00:51:15] trial=38 mult=7 no L2 found in 0.2s, skipping
[00:51:15] trial=39 mult=9 no L2 found in 0.1s, skipping
[00:51:15] trial=39 mult=9 no L2 found in 0.1s, skipping
[00:51:15] trial=40 mult=1 no L2 found in 0.3s, skipping
[00:51:15] trial=40 mult=1 no L2 found in 0.3s, skipping
[00:51:15] trial=41 mult=3 no L2 found in 0.2s, skipping
[00:51:15] trial=41 mult=3 no L2 found in 0.2s, skipping
[00:51:15] trial=42 mult=7 no L2 found in 0.2s, skipping
[00:51:15] trial=42 mult=7 no L2 found in 0.2s, skipping
[00:51:16] trial=43 mult=9 no L2 found in 0.2s, skipping
[00:51:16] trial=43 mult=9 no L2 found in 0.2s, skipping
[00:51:16] trial=44 mult=1 no L2 found in 0.2s, skipping
[00:51:16] trial=44 mult=1 no L2 found in 0.2s, skipping
[00:51:16] trial=45 mult=3 no L2 found in 0.2s, skipping
[00:51:16] trial=45 mult=3 no L2 found in 0.2s, skipping
[00:51:16] trial=46 mult=7 no L2 found in 0.1s, skipping
[00:51:16] trial=46 mult=7 no L2 found in 0.1s, skipping
[00:51:16] trial=47 mult=9 no L2 found in 0.1s, skipping
[00:51:16] trial=47 mult=9 no L2 found in 0.1s, skipping
[00:51:16] trial=48 mult=1 no L2 found in 0.2s, skipping
[00:51:16] trial=48 mult=1 no L2 found in 0.2s, skipping
[00:51:17] trial=49 mult=3 no L2 found in 0.2s, skipping
[00:51:17] trial=49 mult=3 no L2 found in 0.2s, skipping
[00:51:17] trial=50 mult=7 no L2 found in 0.1s, skipping
[00:51:17] trial=50 mult=7 no L2 found in 0.1s, skipping
[00:51:17] trial=51 mult=9 no L2 found in 0.2s, skipping
[00:51:17] trial=51 mult=9 no L2 found in 0.2s, skipping
[00:51:17] trial=52 mult=1 no L2 found in 0.4s, skipping
[00:51:17] trial=52 mult=1 no L2 found in 0.4s, skipping
[00:51:17] trial=53 mult=3 no L2 found in 0.3s, skipping
[00:51:17] trial=53 mult=3 no L2 found in 0.3s, skipping
[00:51:18] trial=54 mult=7 no L2 found in 0.2s, skipping
[00:51:18] trial=54 mult=7 no L2 found in 0.2s, skipping
[00:51:18] trial=55 mult=9 no L2 found in 0.2s, skipping
[00:51:18] trial=55 mult=9 no L2 found in 0.2s, skipping
[00:51:18] trial=56 mult=1 no L2 found in 0.4s, skipping
[00:51:18] trial=56 mult=1 no L2 found in 0.4s, skipping
[00:51:19] trial=57 mult=3 no L2 found in 0.3s, skipping
[00:51:19] trial=57 mult=3 no L2 found in 0.3s, skipping
[00:51:19] trial=58 mult=7 no L2 found in 0.3s, skipping
[00:51:19] trial=58 mult=7 no L2 found in 0.3s, skipping
[00:51:19] trial=59 mult=9 no L2 found in 0.2s, skipping
[00:51:19] trial=59 mult=9 no L2 found in 0.2s, skipping
[00:51:19] trial=60 mult=1 no L2 found in 0.1s, skipping
[00:51:19] trial=60 mult=1 no L2 found in 0.1s, skipping
[00:51:19] trial=61 mult=3 no L2 found in 0.2s, skipping
[00:51:19] trial=61 mult=3 no L2 found in 0.2s, skipping
[00:51:20] trial=62 mult=7 no L2 found in 0.1s, skipping
[00:51:20] trial=62 mult=7 no L2 found in 0.1s, skipping
[00:51:20] trial=63 mult=9 no L2 found in 0.1s, skipping
[00:51:20] trial=63 mult=9 no L2 found in 0.1s, skipping
[00:51:20] trial=64 mult=1 no L2 found in 0.1s, skipping
[00:51:20] trial=64 mult=1 no L2 found in 0.1s, skipping
[00:51:20] trial=65 mult=3 no L2 found in 0.2s, skipping
[00:51:20] trial=65 mult=3 no L2 found in 0.2s, skipping
[00:51:20] trial=66 mult=7 no L2 found in 0.3s, skipping
[00:51:20] trial=66 mult=7 no L2 found in 0.3s, skipping
[00:51:21] trial=67 mult=9 no L2 found in 0.3s, skipping
[00:51:21] trial=67 mult=9 no L2 found in 0.3s, skipping
[00:51:21] trial=68 mult=1 no L2 found in 0.1s, skipping
[00:51:21] trial=68 mult=1 no L2 found in 0.1s, skipping
[00:51:21] trial=69 mult=3 no L2 found in 0.2s, skipping
[00:51:21] trial=69 mult=3 no L2 found in 0.2s, skipping
[00:51:21] trial=70 mult=7 no L2 found in 0.2s, skipping
[00:51:21] trial=70 mult=7 no L2 found in 0.2s, skipping
[00:51:21] trial=71 mult=9 no L2 found in 0.1s, skipping
[00:51:21] trial=71 mult=9 no L2 found in 0.1s, skipping
[00:51:21] trial=72 mult=1 no L2 found in 0.2s, skipping
[00:51:21] trial=72 mult=1 no L2 found in 0.2s, skipping
[00:51:21] trial=73 mult=3 no L2 found in 0.1s, skipping
[00:51:21] trial=73 mult=3 no L2 found in 0.1s, skipping
[00:51:22] trial=74 mult=7 no L2 found in 0.4s, skipping
[00:51:22] trial=74 mult=7 no L2 found in 0.4s, skipping
[00:51:22] trial=75 mult=9 no L2 found in 0.1s, skipping
[00:51:22] trial=75 mult=9 no L2 found in 0.1s, skipping
[00:51:22] trial=76 mult=1 no L2 found in 0.2s, skipping
[00:51:22] trial=76 mult=1 no L2 found in 0.2s, skipping
[00:51:22] trial=77 mult=3 no L2 found in 0.1s, skipping
[00:51:22] trial=77 mult=3 no L2 found in 0.1s, skipping
[00:51:22] trial=78 mult=7 no L2 found in 0.1s, skipping
[00:51:22] trial=78 mult=7 no L2 found in 0.1s, skipping
[00:51:23] trial=79 mult=9 no L2 found in 0.2s, skipping
[00:51:23] trial=79 mult=9 no L2 found in 0.2s, skipping
[00:51:23] trial=80 mult=1 no L2 found in 0.3s, skipping
[00:51:23] trial=80 mult=1 no L2 found in 0.3s, skipping
[00:51:23] trial=81 mult=3 no L2 found in 0.2s, skipping
[00:51:23] trial=81 mult=3 no L2 found in 0.2s, skipping
[00:51:23] trial=82 mult=7 no L2 found in 0.2s, skipping
[00:51:23] trial=82 mult=7 no L2 found in 0.2s, skipping
[00:51:23] trial=83 mult=9 no L2 found in 0.2s, skipping
[00:51:23] trial=83 mult=9 no L2 found in 0.2s, skipping
[00:51:24] trial=84 mult=1 no L2 found in 0.1s, skipping
[00:51:24] trial=84 mult=1 no L2 found in 0.1s, skipping
[00:51:24] trial=85 mult=3 no L2 found in 0.3s, skipping
[00:51:24] trial=85 mult=3 no L2 found in 0.3s, skipping
[00:51:24] trial=86 mult=7 no L2 found in 0.1s, skipping
[00:51:24] trial=86 mult=7 no L2 found in 0.1s, skipping
[00:51:24] trial=87 mult=9 no L2 found in 0.2s, skipping
[00:51:24] trial=87 mult=9 no L2 found in 0.2s, skipping
[00:51:24] trial=88 mult=1 no L2 found in 0.3s, skipping
[00:51:24] trial=88 mult=1 no L2 found in 0.3s, skipping
[00:51:25] trial=89 mult=3 no L2 found in 0.1s, skipping
[00:51:25] trial=89 mult=3 no L2 found in 0.1s, skipping
[00:51:25] trial=90 mult=7 no L2 found in 0.1s, skipping
[00:51:25] trial=90 mult=7 no L2 found in 0.1s, skipping
[00:51:25] trial=91 mult=9 no L2 found in 0.4s, skipping
[00:51:25] trial=91 mult=9 no L2 found in 0.4s, skipping
[00:51:25] trial=92 mult=1 no L2 found in 0.2s, skipping
[00:51:25] trial=92 mult=1 no L2 found in 0.2s, skipping
[00:51:25] trial=93 mult=3 no L2 found in 0.2s, skipping
[00:51:25] trial=93 mult=3 no L2 found in 0.2s, skipping
[00:51:26] trial=94 mult=7 no L2 found in 0.2s, skipping
[00:51:26] trial=94 mult=7 no L2 found in 0.2s, skipping
[00:51:26] trial=95 mult=9 no L2 found in 0.2s, skipping
[00:51:26] trial=95 mult=9 no L2 found in 0.2s, skipping
[00:51:26] trial=96 mult=1 no L2 found in 0.2s, skipping
[00:51:26] trial=96 mult=1 no L2 found in 0.2s, skipping
[00:51:26] trial=97 mult=3 no L2 found in 0.2s, skipping
[00:51:26] trial=97 mult=3 no L2 found in 0.2s, skipping
[00:51:26] trial=98 mult=7 no L2 found in 0.3s, skipping
[00:51:26] trial=98 mult=7 no L2 found in 0.3s, skipping
[00:51:27] trial=99 mult=9 no L2 found in 0.3s, skipping
[00:51:27] trial=99 mult=9 no L2 found in 0.3s, skipping
[00:51:27] trial=100 mult=1 no L2 found in 0.2s, skipping
[00:51:27] trial=100 mult=1 no L2 found in 0.2s, skipping
[00:51:27] trial=101 mult=3 no L2 found in 0.3s, skipping
[00:51:27] trial=101 mult=3 no L2 found in 0.3s, skipping
[00:51:27] trial=102 mult=7 no L2 found in 0.1s, skipping
[00:51:27] trial=102 mult=7 no L2 found in 0.1s, skipping
[00:51:28] trial=103 mult=9 no L2 found in 0.1s, skipping
[00:51:28] trial=103 mult=9 no L2 found in 0.1s, skipping
[00:51:28] trial=104 mult=1 no L2 found in 0.3s, skipping
[00:51:28] trial=104 mult=1 no L2 found in 0.3s, skipping
[00:51:28] trial=105 mult=3 no L2 found in 0.1s, skipping
[00:51:28] trial=105 mult=3 no L2 found in 0.1s, skipping
[00:51:28] trial=106 mult=7 no L2 found in 0.2s, skipping
[00:51:28] trial=106 mult=7 no L2 found in 0.2s, skipping
[00:51:29] trial=107 mult=9 no L2 found in 0.4s, skipping
[00:51:29] trial=107 mult=9 no L2 found in 0.4s, skipping
[00:51:29] trial=108 mult=1 no L2 found in 0.3s, skipping
[00:51:29] trial=108 mult=1 no L2 found in 0.3s, skipping
[00:51:29] trial=109 mult=3 no L2 found in 0.3s, skipping
[00:51:29] trial=109 mult=3 no L2 found in 0.3s, skipping
[00:51:30] trial=110 mult=7 no L2 found in 0.3s, skipping
[00:51:30] trial=110 mult=7 no L2 found in 0.3s, skipping
[00:51:30] trial=111 mult=9 no L2 found in 0.2s, skipping
[00:51:30] trial=111 mult=9 no L2 found in 0.2s, skipping
[00:51:30] trial=112 mult=1 no L2 found in 0.2s, skipping
[00:51:30] trial=112 mult=1 no L2 found in 0.2s, skipping
[00:51:30] trial=113 mult=3 no L2 found in 0.2s, skipping
[00:51:30] trial=113 mult=3 no L2 found in 0.2s, skipping
[00:51:30] trial=114 mult=7 no L2 found in 0.2s, skipping
[00:51:30] trial=114 mult=7 no L2 found in 0.2s, skipping
[00:51:31] trial=115 mult=9 no L2 found in 0.1s, skipping
[00:51:31] trial=115 mult=9 no L2 found in 0.1s, skipping
[00:51:31] trial=116 mult=1 no L2 found in 0.1s, skipping
[00:51:31] trial=116 mult=1 no L2 found in 0.1s, skipping
[00:51:31] trial=117 mult=3 no L2 found in 0.1s, skipping
[00:51:31] trial=117 mult=3 no L2 found in 0.1s, skipping
[00:51:31] trial=118 mult=7 no L2 found in 0.1s, skipping
[00:51:31] trial=118 mult=7 no L2 found in 0.1s, skipping
[00:51:31] trial=119 mult=9 no L2 found in 0.2s, skipping
[00:51:31] trial=119 mult=9 no L2 found in 0.2s, skipping
[00:51:31] trial=120 mult=1 no L2 found in 0.2s, skipping
[00:51:31] trial=120 mult=1 no L2 found in 0.2s, skipping
[00:51:31] trial=121 mult=3 no L2 found in 0.2s, skipping
[00:51:31] trial=121 mult=3 no L2 found in 0.2s, skipping
[00:51:32] trial=122 mult=7 no L2 found in 0.3s, skipping
[00:51:32] trial=122 mult=7 no L2 found in 0.3s, skipping
[00:51:32] trial=123 mult=9 no L2 found in 0.2s, skipping
[00:51:32] trial=123 mult=9 no L2 found in 0.2s, skipping
[00:51:32] trial=124 mult=1 no L2 found in 0.3s, skipping
[00:51:32] trial=124 mult=1 no L2 found in 0.3s, skipping
[00:51:32] trial=125 mult=3 no L2 found in 0.2s, skipping
[00:51:32] trial=125 mult=3 no L2 found in 0.2s, skipping
[00:51:33] trial=126 mult=7 no L2 found in 0.1s, skipping
[00:51:33] trial=126 mult=7 no L2 found in 0.1s, skipping
[00:51:33] trial=127 mult=9 no L2 found in 0.2s, skipping
[00:51:33] trial=127 mult=9 no L2 found in 0.2s, skipping
[00:51:33] trial=128 mult=1 no L2 found in 0.2s, skipping
[00:51:33] trial=128 mult=1 no L2 found in 0.2s, skipping
[00:51:33] trial=129 mult=3 no L2 found in 0.2s, skipping
[00:51:33] trial=129 mult=3 no L2 found in 0.2s, skipping
[00:51:33] trial=130 mult=7 no L2 found in 0.3s, skipping
[00:51:33] trial=130 mult=7 no L2 found in 0.3s, skipping
[00:51:34] trial=131 mult=9 no L2 found in 0.2s, skipping
[00:51:34] trial=131 mult=9 no L2 found in 0.2s, skipping
[00:51:34] trial=132 mult=1 no L2 found in 0.2s, skipping
[00:51:34] trial=132 mult=1 no L2 found in 0.2s, skipping
[00:51:34] trial=133 mult=3 no L2 found in 0.3s, skipping
[00:51:34] trial=133 mult=3 no L2 found in 0.3s, skipping
[00:51:34] trial=134 mult=7 no L2 found in 0.1s, skipping
[00:51:34] trial=134 mult=7 no L2 found in 0.1s, skipping
[00:51:34] trial=135 mult=9 no L2 found in 0.2s, skipping
[00:51:34] trial=135 mult=9 no L2 found in 0.2s, skipping
[00:51:35] trial=136 mult=1 no L2 found in 0.4s, skipping
[00:51:35] trial=136 mult=1 no L2 found in 0.4s, skipping
[00:51:35] trial=137 mult=3 no L2 found in 0.3s, skipping
[00:51:35] trial=137 mult=3 no L2 found in 0.3s, skipping
[00:51:36] trial=138 mult=7 no L2 found in 0.3s, skipping
[00:51:36] trial=138 mult=7 no L2 found in 0.3s, skipping
[00:51:36] trial=139 mult=9 no L2 found in 0.3s, skipping
[00:51:36] trial=139 mult=9 no L2 found in 0.3s, skipping
[00:51:36] trial=140 mult=1 no L2 found in 0.5s, skipping
[00:51:36] trial=140 mult=1 no L2 found in 0.5s, skipping
[00:51:37] trial=141 mult=3 no L2 found in 0.2s, skipping
[00:51:37] trial=141 mult=3 no L2 found in 0.2s, skipping
[00:51:37] trial=142 mult=7 no L2 found in 0.1s, skipping
[00:51:37] trial=142 mult=7 no L2 found in 0.1s, skipping
[00:51:37] trial=143 mult=9 no L2 found in 0.4s, skipping
[00:51:37] trial=143 mult=9 no L2 found in 0.4s, skipping
[00:51:37] trial=144 mult=1 no L2 found in 0.2s, skipping
[00:51:37] trial=144 mult=1 no L2 found in 0.2s, skipping
[00:51:38] trial=145 mult=3 no L2 found in 0.4s, skipping
[00:51:38] trial=145 mult=3 no L2 found in 0.4s, skipping
[00:51:38] trial=146 mult=7 no L2 found in 0.2s, skipping
[00:51:38] trial=146 mult=7 no L2 found in 0.2s, skipping
[00:51:38] trial=147 mult=9 no L2 found in 0.2s, skipping
[00:51:38] trial=147 mult=9 no L2 found in 0.2s, skipping
[00:51:38] trial=148 mult=1 no L2 found in 0.2s, skipping
[00:51:38] trial=148 mult=1 no L2 found in 0.2s, skipping
[00:51:38] trial=149 mult=3 no L2 found in 0.3s, skipping
[00:51:38] trial=149 mult=3 no L2 found in 0.3s, skipping
[00:51:39] trial=150 mult=7 no L2 found in 0.4s, skipping
[00:51:39] trial=150 mult=7 no L2 found in 0.4s, skipping
[00:51:39] trial=151 mult=9 no L2 found in 0.3s, skipping
[00:51:39] trial=151 mult=9 no L2 found in 0.3s, skipping
[00:51:40] trial=152 mult=1 no L2 found in 0.4s, skipping
[00:51:40] trial=152 mult=1 no L2 found in 0.4s, skipping
[00:51:40] trial=153 mult=3 no L2 found in 0.3s, skipping
[00:51:40] trial=153 mult=3 no L2 found in 0.3s, skipping
[00:51:40] trial=154 mult=7 no L2 found in 0.1s, skipping
[00:51:40] trial=154 mult=7 no L2 found in 0.1s, skipping
[00:51:40] trial=155 mult=9 no L2 found in 0.1s, skipping
[00:51:40] trial=155 mult=9 no L2 found in 0.1s, skipping
[00:51:40] trial=156 mult=1 no L2 found in 0.1s, skipping
[00:51:40] trial=156 mult=1 no L2 found in 0.1s, skipping
[00:51:40] trial=157 mult=3 no L2 found in 0.2s, skipping
[00:51:40] trial=157 mult=3 no L2 found in 0.2s, skipping
[00:51:41] trial=158 mult=7 no L2 found in 0.2s, skipping
[00:51:41] trial=158 mult=7 no L2 found in 0.2s, skipping
[00:51:41] trial=159 mult=9 no L2 found in 0.1s, skipping
[00:51:41] trial=159 mult=9 no L2 found in 0.1s, skipping
[00:51:41] trial=160 mult=1 no L2 found in 0.3s, skipping
[00:51:41] trial=160 mult=1 no L2 found in 0.3s, skipping
[00:51:41] trial=161 mult=3 no L2 found in 0.1s, skipping
[00:51:41] trial=161 mult=3 no L2 found in 0.1s, skipping
[00:51:41] trial=162 mult=7 no L2 found in 0.1s, skipping
[00:51:41] trial=162 mult=7 no L2 found in 0.1s, skipping
[00:51:41] trial=163 mult=9 no L2 found in 0.1s, skipping
[00:51:41] trial=163 mult=9 no L2 found in 0.1s, skipping
[00:51:41] trial=164 mult=1 no L2 found in 0.1s, skipping
[00:51:41] trial=164 mult=1 no L2 found in 0.1s, skipping
[00:51:42] trial=165 mult=3 no L2 found in 0.1s, skipping
[00:51:42] trial=165 mult=3 no L2 found in 0.1s, skipping
[00:51:42] trial=166 mult=7 no L2 found in 0.2s, skipping
[00:51:42] trial=166 mult=7 no L2 found in 0.2s, skipping
[00:51:42] trial=167 mult=9 no L2 found in 0.2s, skipping
[00:51:42] trial=167 mult=9 no L2 found in 0.2s, skipping
[00:51:42] trial=168 mult=1 no L2 found in 0.3s, skipping
[00:51:42] trial=168 mult=1 no L2 found in 0.3s, skipping
[00:51:43] trial=169 mult=3 no L2 found in 0.3s, skipping
[00:51:43] trial=169 mult=3 no L2 found in 0.3s, skipping
[00:51:43] trial=170 mult=7 no L2 found in 0.2s, skipping
[00:51:43] trial=170 mult=7 no L2 found in 0.2s, skipping
[00:51:43] trial=171 mult=9 no L2 found in 0.2s, skipping
[00:51:43] trial=171 mult=9 no L2 found in 0.2s, skipping
[00:51:43] trial=172 mult=1 no L2 found in 0.2s, skipping
[00:51:43] trial=172 mult=1 no L2 found in 0.2s, skipping
[00:51:43] trial=173 mult=3 no L2 found in 0.3s, skipping
[00:51:43] trial=173 mult=3 no L2 found in 0.3s, skipping
[00:51:44] trial=174 mult=7 no L2 found in 0.2s, skipping
[00:51:44] trial=174 mult=7 no L2 found in 0.2s, skipping
[00:51:44] trial=175 mult=9 no L2 found in 0.1s, skipping
[00:51:44] trial=175 mult=9 no L2 found in 0.1s, skipping
[00:51:44] trial=176 mult=1 no L2 found in 0.3s, skipping
[00:51:44] trial=176 mult=1 no L2 found in 0.3s, skipping
[00:51:44] trial=177 mult=3 no L2 found in 0.2s, skipping
[00:51:44] trial=177 mult=3 no L2 found in 0.2s, skipping
[00:51:45] trial=178 mult=7 no L2 found in 0.5s, skipping
[00:51:45] trial=178 mult=7 no L2 found in 0.5s, skipping
[00:51:45] trial=179 mult=9 no L2 found in 0.3s, skipping
[00:51:45] trial=179 mult=9 no L2 found in 0.3s, skipping
[00:51:45] trial=180 mult=1 no L2 found in 0.2s, skipping
[00:51:45] trial=180 mult=1 no L2 found in 0.2s, skipping
[00:51:45] trial=181 mult=3 no L2 found in 0.3s, skipping
[00:51:45] trial=181 mult=3 no L2 found in 0.3s, skipping
[00:51:46] trial=182 mult=7 no L2 found in 0.2s, skipping
[00:51:46] trial=182 mult=7 no L2 found in 0.2s, skipping
[00:51:46] trial=183 mult=9 no L2 found in 0.3s, skipping
[00:51:46] trial=183 mult=9 no L2 found in 0.3s, skipping
[00:51:46] trial=184 mult=1 no L2 found in 0.2s, skipping
[00:51:46] trial=184 mult=1 no L2 found in 0.2s, skipping
[00:51:46] trial=185 mult=3 no L2 found in 0.3s, skipping
[00:51:46] trial=185 mult=3 no L2 found in 0.3s, skipping
[00:51:47] trial=186 mult=7 no L2 found in 0.3s, skipping
[00:51:47] trial=186 mult=7 no L2 found in 0.3s, skipping
[00:51:47] trial=187 mult=9 no L2 found in 0.2s, skipping
[00:51:47] trial=187 mult=9 no L2 found in 0.2s, skipping
[00:51:47] trial=188 mult=1 no L2 found in 0.1s, skipping
[00:51:47] trial=188 mult=1 no L2 found in 0.1s, skipping
[00:51:47] trial=189 mult=3 no L2 found in 0.3s, skipping
[00:51:47] trial=189 mult=3 no L2 found in 0.3s, skipping
[00:51:48] trial=190 mult=7 no L2 found in 0.2s, skipping
[00:51:48] trial=190 mult=7 no L2 found in 0.2s, skipping
[00:51:48] trial=191 mult=9 no L2 found in 0.2s, skipping
[00:51:48] trial=191 mult=9 no L2 found in 0.2s, skipping
[00:51:48] trial=192 mult=1 no L2 found in 0.1s, skipping
[00:51:48] trial=192 mult=1 no L2 found in 0.1s, skipping
[00:51:48] trial=193 mult=3 no L2 found in 0.3s, skipping
[00:51:48] trial=193 mult=3 no L2 found in 0.3s, skipping
[00:51:49] trial=194 mult=7 no L2 found in 0.2s, skipping
[00:51:49] trial=194 mult=7 no L2 found in 0.2s, skipping
[00:51:49] trial=195 mult=9 no L2 found in 0.2s, skipping
[00:51:49] trial=195 mult=9 no L2 found in 0.2s, skipping
[00:51:49] trial=196 mult=1 no L2 found in 0.2s, skipping
[00:51:49] trial=196 mult=1 no L2 found in 0.2s, skipping
[00:51:49] trial=197 mult=3 no L2 found in 0.2s, skipping
[00:51:49] trial=197 mult=3 no L2 found in 0.2s, skipping
[00:51:49] trial=198 mult=7 no L2 found in 0.3s, skipping
[00:51:49] trial=198 mult=7 no L2 found in 0.3s, skipping
[00:51:50] trial=199 mult=9 no L2 found in 0.2s, skipping
[00:51:50] trial=199 mult=9 no L2 found in 0.2s, skipping
[00:51:50] trial=200 mult=1 no L2 found in 0.2s, skipping
[00:51:50] trial=200 mult=1 no L2 found in 0.2s, skipping
[00:51:50] trial=201 mult=3 no L2 found in 0.2s, skipping
[00:51:50] trial=201 mult=3 no L2 found in 0.2s, skipping
[00:51:50] trial=202 mult=7 no L2 found in 0.2s, skipping
[00:51:50] trial=202 mult=7 no L2 found in 0.2s, skipping
[00:51:51] trial=203 mult=9 no L2 found in 0.3s, skipping
[00:51:51] trial=203 mult=9 no L2 found in 0.3s, skipping
[00:51:51] trial=204 mult=1 no L2 found in 0.4s, skipping
[00:51:51] trial=204 mult=1 no L2 found in 0.4s, skipping
[00:51:51] trial=205 mult=3 no L2 found in 0.2s, skipping
[00:51:51] trial=205 mult=3 no L2 found in 0.2s, skipping
[00:51:51] trial=206 mult=7 no L2 found in 0.3s, skipping
[00:51:51] trial=206 mult=7 no L2 found in 0.3s, skipping
[00:51:52] trial=207 mult=9 no L2 found in 0.2s, skipping
[00:51:52] trial=207 mult=9 no L2 found in 0.2s, skipping
[00:51:52] trial=208 mult=1 no L2 found in 0.3s, skipping
[00:51:52] trial=208 mult=1 no L2 found in 0.3s, skipping
[00:51:52] trial=209 mult=3 no L2 found in 0.3s, skipping
[00:51:52] trial=209 mult=3 no L2 found in 0.3s, skipping
[00:51:52] trial=210 mult=7 no L2 found in 0.2s, skipping
[00:51:52] trial=210 mult=7 no L2 found in 0.2s, skipping
[00:51:53] trial=211 mult=9 no L2 found in 0.3s, skipping
[00:51:53] trial=211 mult=9 no L2 found in 0.3s, skipping
[00:51:53] trial=212 mult=1 no L2 found in 0.2s, skipping
[00:51:53] trial=212 mult=1 no L2 found in 0.2s, skipping
[00:51:53] trial=213 mult=3 no L2 found in 0.1s, skipping
[00:51:53] trial=213 mult=3 no L2 found in 0.1s, skipping
[00:51:53] trial=214 mult=7 no L2 found in 0.2s, skipping
[00:51:53] trial=214 mult=7 no L2 found in 0.2s, skipping
[00:51:53] trial=215 mult=9 no L2 found in 0.2s, skipping
[00:51:53] trial=215 mult=9 no L2 found in 0.2s, skipping
[00:51:54] trial=216 mult=1 no L2 found in 0.2s, skipping
[00:51:54] trial=216 mult=1 no L2 found in 0.2s, skipping
[00:51:54] trial=217 mult=3 no L2 found in 0.4s, skipping
[00:51:54] trial=217 mult=3 no L2 found in 0.4s, skipping
[00:51:54] trial=218 mult=7 no L2 found in 0.2s, skipping
[00:51:54] trial=218 mult=7 no L2 found in 0.2s, skipping
[00:51:54] trial=219 mult=9 no L2 found in 0.2s, skipping
[00:51:54] trial=219 mult=9 no L2 found in 0.2s, skipping
[00:51:55] trial=220 mult=1 no L2 found in 0.3s, skipping
[00:51:55] trial=220 mult=1 no L2 found in 0.3s, skipping
[00:51:55] trial=221 mult=3 no L2 found in 0.3s, skipping
[00:51:55] trial=221 mult=3 no L2 found in 0.3s, skipping
[00:51:55] trial=222 mult=7 no L2 found in 0.1s, skipping
[00:51:55] trial=222 mult=7 no L2 found in 0.1s, skipping
[00:51:55] trial=223 mult=9 no L2 found in 0.1s, skipping
[00:51:55] trial=223 mult=9 no L2 found in 0.1s, skipping
[00:51:55] trial=224 mult=1 no L2 found in 0.2s, skipping
[00:51:55] trial=224 mult=1 no L2 found in 0.2s, skipping
[00:51:56] trial=225 mult=3 no L2 found in 0.3s, skipping
[00:51:56] trial=225 mult=3 no L2 found in 0.3s, skipping
[00:51:56] trial=226 mult=7 no L2 found in 0.2s, skipping
[00:51:56] trial=226 mult=7 no L2 found in 0.2s, skipping
[00:51:56] trial=227 mult=9 no L2 found in 0.2s, skipping
[00:51:56] trial=227 mult=9 no L2 found in 0.2s, skipping
[00:51:56] trial=228 mult=1 no L2 found in 0.3s, skipping
[00:51:56] trial=228 mult=1 no L2 found in 0.3s, skipping
[00:51:56] trial=229 mult=3 no L2 found in 0.2s, skipping
[00:51:56] trial=229 mult=3 no L2 found in 0.2s, skipping
[00:51:56] trial=230 mult=7 no L2 found in 0.1s, skipping
[00:51:56] trial=230 mult=7 no L2 found in 0.1s, skipping
[00:51:57] trial=231 mult=9 no L2 found in 0.1s, skipping
[00:51:57] trial=231 mult=9 no L2 found in 0.1s, skipping
[00:51:57] trial=232 mult=1 no L2 found in 0.3s, skipping
[00:51:57] trial=232 mult=1 no L2 found in 0.3s, skipping
[00:51:57] trial=233 mult=3 no L2 found in 0.3s, skipping
[00:51:57] trial=233 mult=3 no L2 found in 0.3s, skipping
[00:51:57] trial=234 mult=7 no L2 found in 0.2s, skipping
[00:51:57] trial=234 mult=7 no L2 found in 0.2s, skipping
[00:51:58] trial=235 mult=9 no L2 found in 0.1s, skipping
[00:51:58] trial=235 mult=9 no L2 found in 0.1s, skipping
[00:51:58] trial=236 mult=1 no L2 found in 0.1s, skipping
[00:51:58] trial=236 mult=1 no L2 found in 0.1s, skipping
[00:51:58] trial=237 mult=3 no L2 found in 0.2s, skipping
[00:51:58] trial=237 mult=3 no L2 found in 0.2s, skipping
[00:51:58] trial=238 mult=7 no L2 found in 0.3s, skipping
[00:51:58] trial=238 mult=7 no L2 found in 0.3s, skipping
[00:51:58] trial=239 mult=9 no L2 found in 0.3s, skipping
[00:51:58] trial=239 mult=9 no L2 found in 0.3s, skipping
[00:51:59] trial=240 mult=1 no L2 found in 0.2s, skipping
[00:51:59] trial=240 mult=1 no L2 found in 0.2s, skipping
[00:51:59] trial=241 mult=3 no L2 found in 0.2s, skipping
[00:51:59] trial=241 mult=3 no L2 found in 0.2s, skipping
[00:51:59] trial=242 mult=7 no L2 found in 0.1s, skipping
[00:51:59] trial=242 mult=7 no L2 found in 0.1s, skipping
[00:51:59] trial=243 mult=9 no L2 found in 0.4s, skipping
[00:51:59] trial=243 mult=9 no L2 found in 0.4s, skipping
[00:51:59] trial=244 mult=1 no L2 found in 0.2s, skipping
[00:51:59] trial=244 mult=1 no L2 found in 0.2s, skipping
[00:52:00] trial=245 mult=3 no L2 found in 0.2s, skipping
[00:52:00] trial=245 mult=3 no L2 found in 0.2s, skipping
[00:52:00] trial=246 mult=7 no L2 found in 0.3s, skipping
[00:52:00] trial=246 mult=7 no L2 found in 0.3s, skipping
[00:52:00] trial=247 mult=9 no L2 found in 0.2s, skipping
[00:52:00] trial=247 mult=9 no L2 found in 0.2s, skipping
[00:52:00] trial=248 mult=1 no L2 found in 0.2s, skipping
[00:52:00] trial=248 mult=1 no L2 found in 0.2s, skipping
[00:52:01] trial=249 mult=3 no L2 found in 0.2s, skipping
[00:52:01] trial=249 mult=3 no L2 found in 0.2s, skipping
[00:52:01] trial=250 mult=7 no L2 found in 0.2s, skipping
[00:52:01] trial=250 mult=7 no L2 found in 0.2s, skipping
[00:52:01] trial=251 mult=9 no L2 found in 0.2s, skipping
[00:52:01] trial=251 mult=9 no L2 found in 0.2s, skipping
[00:52:01] trial=252 mult=1 no L2 found in 0.2s, skipping
[00:52:01] trial=252 mult=1 no L2 found in 0.2s, skipping
[00:52:01] trial=253 mult=3 no L2 found in 0.2s, skipping
[00:52:01] trial=253 mult=3 no L2 found in 0.2s, skipping
[00:52:01] trial=254 mult=7 no L2 found in 0.2s, skipping
[00:52:01] trial=254 mult=7 no L2 found in 0.2s, skipping
[00:52:02] trial=255 mult=9 no L2 found in 0.1s, skipping
[00:52:02] trial=255 mult=9 no L2 found in 0.1s, skipping
[00:52:02] trial=256 mult=1 no L2 found in 0.2s, skipping
[00:52:02] trial=256 mult=1 no L2 found in 0.2s, skipping
[00:52:02] trial=257 mult=3 no L2 found in 0.3s, skipping
[00:52:02] trial=257 mult=3 no L2 found in 0.3s, skipping
[00:52:02] trial=258 mult=7 no L2 found in 0.3s, skipping
[00:52:02] trial=258 mult=7 no L2 found in 0.3s, skipping
[00:52:03] trial=259 mult=9 no L2 found in 0.2s, skipping
[00:52:03] trial=259 mult=9 no L2 found in 0.2s, skipping
[00:52:03] trial=260 mult=1 no L2 found in 0.2s, skipping
[00:52:03] trial=260 mult=1 no L2 found in 0.2s, skipping
[00:52:03] trial=261 mult=3 no L2 found in 0.1s, skipping
[00:52:03] trial=261 mult=3 no L2 found in 0.1s, skipping
[00:52:03] trial=262 mult=7 no L2 found in 0.3s, skipping
[00:52:03] trial=262 mult=7 no L2 found in 0.3s, skipping
[00:52:03] trial=263 mult=9 no L2 found in 0.2s, skipping
[00:52:03] trial=263 mult=9 no L2 found in 0.2s, skipping
[00:52:04] trial=264 mult=1 no L2 found in 0.2s, skipping
[00:52:04] trial=264 mult=1 no L2 found in 0.2s, skipping
[00:52:04] trial=265 mult=3 no L2 found in 0.3s, skipping
[00:52:04] trial=265 mult=3 no L2 found in 0.3s, skipping
[00:52:04] trial=266 mult=7 no L2 found in 0.2s, skipping
[00:52:04] trial=266 mult=7 no L2 found in 0.2s, skipping
[00:52:04] trial=267 mult=9 no L2 found in 0.2s, skipping
[00:52:04] trial=267 mult=9 no L2 found in 0.2s, skipping
[00:52:04] trial=268 mult=1 no L2 found in 0.2s, skipping
[00:52:04] trial=268 mult=1 no L2 found in 0.2s, skipping
[00:52:05] trial=269 mult=3 no L2 found in 0.1s, skipping
[00:52:05] trial=269 mult=3 no L2 found in 0.1s, skipping
[00:52:05] trial=270 mult=7 no L2 found in 0.2s, skipping
[00:52:05] trial=270 mult=7 no L2 found in 0.2s, skipping
[00:52:05] trial=271 mult=9 no L2 found in 0.2s, skipping
[00:52:05] trial=271 mult=9 no L2 found in 0.2s, skipping
[00:52:05] trial=272 mult=1 no L2 found in 0.1s, skipping
[00:52:05] trial=272 mult=1 no L2 found in 0.1s, skipping
[00:52:06] trial=273 mult=3 no L2 found in 0.4s, skipping
[00:52:06] trial=273 mult=3 no L2 found in 0.4s, skipping
[00:52:06] trial=274 mult=7 no L2 found in 0.2s, skipping
[00:52:06] trial=274 mult=7 no L2 found in 0.2s, skipping
[00:52:06] trial=275 mult=9 no L2 found in 0.2s, skipping
[00:52:06] trial=275 mult=9 no L2 found in 0.2s, skipping
[00:52:06] trial=276 mult=1 no L2 found in 0.2s, skipping
[00:52:06] trial=276 mult=1 no L2 found in 0.2s, skipping
[00:52:06] trial=277 mult=3 no L2 found in 0.2s, skipping
[00:52:06] trial=277 mult=3 no L2 found in 0.2s, skipping
[00:52:07] trial=278 mult=7 no L2 found in 0.4s, skipping
[00:52:07] trial=278 mult=7 no L2 found in 0.4s, skipping
[00:52:07] trial=279 mult=9 no L2 found in 0.2s, skipping
[00:52:07] trial=279 mult=9 no L2 found in 0.2s, skipping
[00:52:07] trial=280 mult=1 no L2 found in 0.3s, skipping
[00:52:07] trial=280 mult=1 no L2 found in 0.3s, skipping
[00:52:08] trial=281 mult=3 no L2 found in 0.6s, skipping
[00:52:08] trial=281 mult=3 no L2 found in 0.6s, skipping
[00:52:08] trial=282 mult=7 no L2 found in 0.4s, skipping
[00:52:08] trial=282 mult=7 no L2 found in 0.4s, skipping
[00:52:09] trial=283 mult=9 no L2 found in 0.3s, skipping
[00:52:09] trial=283 mult=9 no L2 found in 0.3s, skipping
[00:52:09] trial=284 mult=1 no L2 found in 0.2s, skipping
[00:52:09] trial=284 mult=1 no L2 found in 0.2s, skipping
[00:52:09] trial=285 mult=3 no L2 found in 0.2s, skipping
[00:52:09] trial=285 mult=3 no L2 found in 0.2s, skipping
[00:52:09] trial=286 mult=7 no L2 found in 0.2s, skipping
[00:52:09] trial=286 mult=7 no L2 found in 0.2s, skipping
[00:52:09] trial=287 mult=9 no L2 found in 0.1s, skipping
[00:52:09] trial=287 mult=9 no L2 found in 0.1s, skipping
[00:52:09] trial=288 mult=1 no L2 found in 0.1s, skipping
[00:52:09] trial=288 mult=1 no L2 found in 0.1s, skipping
[00:52:09] trial=289 mult=3 no L2 found in 0.1s, skipping
[00:52:09] trial=289 mult=3 no L2 found in 0.1s, skipping
[00:52:10] trial=290 mult=7 no L2 found in 0.1s, skipping
[00:52:10] trial=290 mult=7 no L2 found in 0.1s, skipping
[00:52:10] trial=291 mult=9 no L2 found in 0.1s, skipping
[00:52:10] trial=291 mult=9 no L2 found in 0.1s, skipping
[00:52:10] trial=292 mult=1 no L2 found in 0.4s, skipping
[00:52:10] trial=292 mult=1 no L2 found in 0.4s, skipping
[00:52:10] trial=293 mult=3 no L2 found in 0.2s, skipping
[00:52:10] trial=293 mult=3 no L2 found in 0.2s, skipping
[00:52:11] trial=294 mult=7 no L2 found in 0.4s, skipping
[00:52:11] trial=294 mult=7 no L2 found in 0.4s, skipping
[00:52:11] trial=295 mult=9 no L2 found in 0.1s, skipping
[00:52:11] trial=295 mult=9 no L2 found in 0.1s, skipping
[00:52:11] trial=296 mult=1 no L2 found in 0.2s, skipping
[00:52:11] trial=296 mult=1 no L2 found in 0.2s, skipping
[00:52:11] trial=297 mult=3 no L2 found in 0.1s, skipping
[00:52:11] trial=297 mult=3 no L2 found in 0.1s, skipping
[00:52:11] trial=298 mult=7 no L2 found in 0.2s, skipping
[00:52:11] trial=298 mult=7 no L2 found in 0.2s, skipping
[00:52:12] trial=299 mult=9 no L2 found in 0.3s, skipping
[00:52:12] trial=299 mult=9 no L2 found in 0.3s, skipping
[00:52:12] trial=300 mult=1 no L2 found in 0.4s, skipping
[00:52:12] trial=300 mult=1 no L2 found in 0.4s, skipping
[00:52:12] trial=301 mult=3 no L2 found in 0.2s, skipping
[00:52:12] trial=301 mult=3 no L2 found in 0.2s, skipping
[00:52:12] trial=302 mult=7 no L2 found in 0.2s, skipping
[00:52:12] trial=302 mult=7 no L2 found in 0.2s, skipping
[00:52:13] trial=303 mult=9 no L2 found in 0.2s, skipping
[00:52:13] trial=303 mult=9 no L2 found in 0.2s, skipping
[00:52:13] trial=304 mult=1 no L2 found in 0.4s, skipping
[00:52:13] trial=304 mult=1 no L2 found in 0.4s, skipping
[00:52:13] trial=305 mult=3 no L2 found in 0.1s, skipping
[00:52:13] trial=305 mult=3 no L2 found in 0.1s, skipping
[00:52:13] trial=306 mult=7 no L2 found in 0.3s, skipping
[00:52:13] trial=306 mult=7 no L2 found in 0.3s, skipping
[00:52:14] trial=307 mult=9 no L2 found in 0.1s, skipping
[00:52:14] trial=307 mult=9 no L2 found in 0.1s, skipping
[00:52:14] trial=308 mult=1 no L2 found in 0.1s, skipping
[00:52:14] trial=308 mult=1 no L2 found in 0.1s, skipping
[00:52:14] trial=309 mult=3 no L2 found in 0.2s, skipping
[00:52:14] trial=309 mult=3 no L2 found in 0.2s, skipping
[00:52:14] trial=310 mult=7 no L2 found in 0.1s, skipping
[00:52:14] trial=310 mult=7 no L2 found in 0.1s, skipping
[00:52:14] trial=311 mult=9 no L2 found in 0.2s, skipping
[00:52:14] trial=311 mult=9 no L2 found in 0.2s, skipping
[00:52:14] trial=312 mult=1 no L2 found in 0.2s, skipping
[00:52:14] trial=312 mult=1 no L2 found in 0.2s, skipping
[00:52:15] trial=313 mult=3 no L2 found in 0.2s, skipping
[00:52:15] trial=313 mult=3 no L2 found in 0.2s, skipping
[00:52:15] trial=314 mult=7 no L2 found in 0.3s, skipping
[00:52:15] trial=314 mult=7 no L2 found in 0.3s, skipping
[00:52:15] trial=315 mult=9 no L2 found in 0.2s, skipping
[00:52:15] trial=315 mult=9 no L2 found in 0.2s, skipping
[00:52:15] trial=316 mult=1 no L2 found in 0.3s, skipping
[00:52:15] trial=316 mult=1 no L2 found in 0.3s, skipping
[00:52:16] trial=317 mult=3 no L2 found in 0.2s, skipping
[00:52:16] trial=317 mult=3 no L2 found in 0.2s, skipping
[00:52:16] trial=318 mult=7 no L2 found in 0.2s, skipping
[00:52:16] trial=318 mult=7 no L2 found in 0.2s, skipping
[00:52:16] trial=319 mult=9 no L2 found in 0.2s, skipping
[00:52:16] trial=319 mult=9 no L2 found in 0.2s, skipping
[00:52:16] trial=320 mult=1 no L2 found in 0.2s, skipping
[00:52:16] trial=320 mult=1 no L2 found in 0.2s, skipping
[00:52:16] trial=321 mult=3 no L2 found in 0.1s, skipping
[00:52:16] trial=321 mult=3 no L2 found in 0.1s, skipping
[00:52:17] trial=322 mult=7 no L2 found in 0.2s, skipping
[00:52:17] trial=322 mult=7 no L2 found in 0.2s, skipping
[00:52:17] trial=323 mult=9 no L2 found in 0.1s, skipping
[00:52:17] trial=323 mult=9 no L2 found in 0.1s, skipping
[00:52:17] trial=324 mult=1 no L2 found in 0.2s, skipping
[00:52:17] trial=324 mult=1 no L2 found in 0.2s, skipping
[00:52:17] trial=325 mult=3 no L2 found in 0.3s, skipping
[00:52:17] trial=325 mult=3 no L2 found in 0.3s, skipping
[00:52:17] trial=326 mult=7 no L2 found in 0.2s, skipping
[00:52:17] trial=326 mult=7 no L2 found in 0.2s, skipping
[00:52:18] trial=327 mult=9 no L2 found in 0.2s, skipping
[00:52:18] trial=327 mult=9 no L2 found in 0.2s, skipping
[00:52:18] trial=328 mult=1 no L2 found in 0.4s, skipping
[00:52:18] trial=328 mult=1 no L2 found in 0.4s, skipping
[00:52:18] trial=329 mult=3 no L2 found in 0.2s, skipping
[00:52:18] trial=329 mult=3 no L2 found in 0.2s, skipping
[00:52:18] trial=330 mult=7 no L2 found in 0.2s, skipping
[00:52:18] trial=330 mult=7 no L2 found in 0.2s, skipping
[00:52:19] trial=331 mult=9 no L2 found in 0.3s, skipping
[00:52:19] trial=331 mult=9 no L2 found in 0.3s, skipping
[00:52:19] trial=332 mult=1 no L2 found in 0.2s, skipping
[00:52:19] trial=332 mult=1 no L2 found in 0.2s, skipping
[00:52:19] trial=333 mult=3 no L2 found in 0.1s, skipping
[00:52:19] trial=333 mult=3 no L2 found in 0.1s, skipping
[00:52:19] trial=334 mult=7 no L2 found in 0.2s, skipping
[00:52:19] trial=334 mult=7 no L2 found in 0.2s, skipping
[00:52:19] trial=335 mult=9 no L2 found in 0.1s, skipping
[00:52:19] trial=335 mult=9 no L2 found in 0.1s, skipping
[00:52:20] trial=336 mult=1 no L2 found in 0.2s, skipping
[00:52:20] trial=336 mult=1 no L2 found in 0.2s, skipping
[00:52:20] trial=337 mult=3 no L2 found in 0.1s, skipping
[00:52:20] trial=337 mult=3 no L2 found in 0.1s, skipping
[00:52:20] trial=338 mult=7 no L2 found in 0.2s, skipping
[00:52:20] trial=338 mult=7 no L2 found in 0.2s, skipping
[00:52:20] trial=339 mult=9 no L2 found in 0.2s, skipping
[00:52:20] trial=339 mult=9 no L2 found in 0.2s, skipping
[00:52:20] trial=340 mult=1 no L2 found in 0.2s, skipping
[00:52:20] trial=340 mult=1 no L2 found in 0.2s, skipping
[00:52:21] trial=341 mult=3 no L2 found in 0.3s, skipping
[00:52:21] trial=341 mult=3 no L2 found in 0.3s, skipping
[00:52:21] trial=342 mult=7 no L2 found in 0.1s, skipping
[00:52:21] trial=342 mult=7 no L2 found in 0.1s, skipping
[00:52:21] trial=343 mult=9 no L2 found in 0.1s, skipping
[00:52:21] trial=343 mult=9 no L2 found in 0.1s, skipping
[00:52:21] trial=344 mult=1 no L2 found in 0.1s, skipping
[00:52:21] trial=344 mult=1 no L2 found in 0.1s, skipping
[00:52:21] trial=345 mult=3 no L2 found in 0.1s, skipping
[00:52:21] trial=345 mult=3 no L2 found in 0.1s, skipping
[00:52:21] trial=346 mult=7 no L2 found in 0.3s, skipping
[00:52:21] trial=346 mult=7 no L2 found in 0.3s, skipping
[00:52:22] trial=347 mult=9 no L2 found in 0.3s, skipping
[00:52:22] trial=347 mult=9 no L2 found in 0.3s, skipping
[00:52:22] trial=348 mult=1 no L2 found in 0.2s, skipping
[00:52:22] trial=348 mult=1 no L2 found in 0.2s, skipping
[00:52:22] trial=349 mult=3 no L2 found in 0.1s, skipping
[00:52:22] trial=349 mult=3 no L2 found in 0.1s, skipping
[00:52:22] trial=350 mult=7 no L2 found in 0.2s, skipping
[00:52:22] trial=350 mult=7 no L2 found in 0.2s, skipping
[00:52:22] trial=351 mult=9 no L2 found in 0.3s, skipping
[00:52:22] trial=351 mult=9 no L2 found in 0.3s, skipping
[00:52:22] trial=352 mult=1 no L2 found in 0.1s, skipping
[00:52:22] trial=352 mult=1 no L2 found in 0.1s, skipping
[00:52:22] trial=353 mult=3 no L2 found in 0.1s, skipping
[00:52:22] trial=353 mult=3 no L2 found in 0.1s, skipping
[00:52:23] trial=354 mult=7 no L2 found in 0.2s, skipping
[00:52:23] trial=354 mult=7 no L2 found in 0.2s, skipping
[00:52:23] trial=355 mult=9 no L2 found in 0.2s, skipping
[00:52:23] trial=355 mult=9 no L2 found in 0.2s, skipping
[00:52:23] trial=356 mult=1 no L2 found in 0.1s, skipping
[00:52:23] trial=356 mult=1 no L2 found in 0.1s, skipping
[00:52:23] trial=357 mult=3 no L2 found in 0.2s, skipping
[00:52:23] trial=357 mult=3 no L2 found in 0.2s, skipping
[00:52:23] trial=358 mult=7 no L2 found in 0.2s, skipping
[00:52:23] trial=358 mult=7 no L2 found in 0.2s, skipping
[00:52:24] trial=359 mult=9 no L2 found in 0.1s, skipping
[00:52:24] trial=359 mult=9 no L2 found in 0.1s, skipping
[00:52:24] trial=360 mult=1 no L2 found in 0.1s, skipping
[00:52:24] trial=360 mult=1 no L2 found in 0.1s, skipping
[00:52:24] trial=361 mult=3 no L2 found in 0.2s, skipping
[00:52:24] trial=361 mult=3 no L2 found in 0.2s, skipping
[00:52:24] trial=362 mult=7 no L2 found in 0.3s, skipping
[00:52:24] trial=362 mult=7 no L2 found in 0.3s, skipping
[00:52:24] trial=363 mult=9 no L2 found in 0.1s, skipping
[00:52:24] trial=363 mult=9 no L2 found in 0.1s, skipping
[00:52:25] trial=364 mult=1 no L2 found in 0.4s, skipping
[00:52:25] trial=364 mult=1 no L2 found in 0.4s, skipping
[00:52:25] trial=365 mult=3 no L2 found in 0.3s, skipping
[00:52:25] trial=365 mult=3 no L2 found in 0.3s, skipping
[00:52:25] trial=366 mult=7 no L2 found in 0.2s, skipping
[00:52:25] trial=366 mult=7 no L2 found in 0.2s, skipping
[00:52:26] trial=367 mult=9 no L2 found in 0.3s, skipping
[00:52:26] trial=367 mult=9 no L2 found in 0.3s, skipping
[00:52:26] trial=368 mult=1 no L2 found in 0.1s, skipping
[00:52:26] trial=368 mult=1 no L2 found in 0.1s, skipping
[00:52:26] trial=369 mult=3 no L2 found in 0.2s, skipping
[00:52:26] trial=369 mult=3 no L2 found in 0.2s, skipping
[00:52:26] trial=370 mult=7 no L2 found in 0.2s, skipping
[00:52:26] trial=370 mult=7 no L2 found in 0.2s, skipping
[00:52:26] trial=371 mult=9 no L2 found in 0.3s, skipping
[00:52:26] trial=371 mult=9 no L2 found in 0.3s, skipping
[00:52:27] trial=372 mult=1 no L2 found in 0.2s, skipping
[00:52:27] trial=372 mult=1 no L2 found in 0.2s, skipping
[00:52:27] trial=373 mult=3 no L2 found in 0.3s, skipping
[00:52:27] trial=373 mult=3 no L2 found in 0.3s, skipping
[00:52:27] trial=374 mult=7 no L2 found in 0.2s, skipping
[00:52:27] trial=374 mult=7 no L2 found in 0.2s, skipping
[00:52:27] trial=375 mult=9 no L2 found in 0.1s, skipping
[00:52:27] trial=375 mult=9 no L2 found in 0.1s, skipping
[00:52:27] trial=376 mult=1 no L2 found in 0.2s, skipping
[00:52:27] trial=376 mult=1 no L2 found in 0.2s, skipping
[00:52:27] trial=377 mult=3 no L2 found in 0.1s, skipping
[00:52:27] trial=377 mult=3 no L2 found in 0.1s, skipping
[00:52:28] trial=378 mult=7 no L2 found in 0.2s, skipping
[00:52:28] trial=378 mult=7 no L2 found in 0.2s, skipping
[00:52:28] trial=379 mult=9 no L2 found in 0.1s, skipping
[00:52:28] trial=379 mult=9 no L2 found in 0.1s, skipping
[00:52:28] trial=380 mult=1 no L2 found in 0.1s, skipping
[00:52:28] trial=380 mult=1 no L2 found in 0.1s, skipping
[00:52:28] trial=381 mult=3 no L2 found in 0.2s, skipping
[00:52:28] trial=381 mult=3 no L2 found in 0.2s, skipping
[00:52:28] trial=382 mult=7 no L2 found in 0.2s, skipping
[00:52:28] trial=382 mult=7 no L2 found in 0.2s, skipping
[00:52:28] trial=383 mult=9 no L2 found in 0.1s, skipping
[00:52:28] trial=383 mult=9 no L2 found in 0.1s, skipping
[00:52:29] trial=384 mult=1 no L2 found in 0.2s, skipping
[00:52:29] trial=384 mult=1 no L2 found in 0.2s, skipping
[00:52:29] trial=385 mult=3 no L2 found in 0.2s, skipping
[00:52:29] trial=385 mult=3 no L2 found in 0.2s, skipping
[00:52:29] trial=386 mult=7 no L2 found in 0.1s, skipping
[00:52:29] trial=386 mult=7 no L2 found in 0.1s, skipping
[00:52:29] trial=387 mult=9 no L2 found in 0.1s, skipping
[00:52:29] trial=387 mult=9 no L2 found in 0.1s, skipping
[00:52:29] trial=388 mult=1 no L2 found in 0.1s, skipping
[00:52:29] trial=388 mult=1 no L2 found in 0.1s, skipping
[00:52:29] trial=389 mult=3 no L2 found in 0.1s, skipping
[00:52:29] trial=389 mult=3 no L2 found in 0.1s, skipping
[00:52:29] trial=390 mult=7 no L2 found in 0.1s, skipping
[00:52:29] trial=390 mult=7 no L2 found in 0.1s, skipping
[00:52:30] trial=391 mult=9 no L2 found in 0.2s, skipping
[00:52:30] trial=391 mult=9 no L2 found in 0.2s, skipping
[00:52:30] trial=392 mult=1 no L2 found in 0.3s, skipping
[00:52:30] trial=392 mult=1 no L2 found in 0.3s, skipping
[00:52:30] trial=393 mult=3 no L2 found in 0.2s, skipping
[00:52:30] trial=393 mult=3 no L2 found in 0.2s, skipping
[00:52:30] trial=394 mult=7 no L2 found in 0.4s, skipping
[00:52:30] trial=394 mult=7 no L2 found in 0.4s, skipping
[00:52:31] trial=395 mult=9 no L2 found in 0.2s, skipping
[00:52:31] trial=395 mult=9 no L2 found in 0.2s, skipping
[00:52:31] trial=396 mult=1 no L2 found in 0.1s, skipping
[00:52:31] trial=396 mult=1 no L2 found in 0.1s, skipping
[00:52:31] trial=397 mult=3 no L2 found in 0.1s, skipping
[00:52:31] trial=397 mult=3 no L2 found in 0.1s, skipping
[00:52:31] trial=398 mult=7 no L2 found in 0.2s, skipping
[00:52:31] trial=398 mult=7 no L2 found in 0.2s, skipping
[00:52:31] trial=399 mult=9 no L2 found in 0.3s, skipping
[00:52:31] trial=399 mult=9 no L2 found in 0.3s, skipping
[00:52:32] trial=400 mult=1 no L2 found in 0.1s, skipping
[00:52:32] trial=400 mult=1 no L2 found in 0.1s, skipping
[00:52:32] trial=401 mult=3 no L2 found in 0.3s, skipping
[00:52:32] trial=401 mult=3 no L2 found in 0.3s, skipping
[00:52:32] trial=402 mult=7 no L2 found in 0.2s, skipping
[00:52:32] trial=402 mult=7 no L2 found in 0.2s, skipping
[00:52:32] trial=403 mult=9 no L2 found in 0.2s, skipping
[00:52:32] trial=403 mult=9 no L2 found in 0.2s, skipping
[00:52:32] trial=404 mult=1 no L2 found in 0.2s, skipping
[00:52:32] trial=404 mult=1 no L2 found in 0.2s, skipping
[00:52:33] trial=405 mult=3 no L2 found in 0.4s, skipping
[00:52:33] trial=405 mult=3 no L2 found in 0.4s, skipping
[00:52:33] trial=406 mult=7 no L2 found in 0.2s, skipping
[00:52:33] trial=406 mult=7 no L2 found in 0.2s, skipping
[00:52:33] trial=407 mult=9 no L2 found in 0.2s, skipping
[00:52:33] trial=407 mult=9 no L2 found in 0.2s, skipping
[00:52:33] trial=408 mult=1 no L2 found in 0.2s, skipping
[00:52:33] trial=408 mult=1 no L2 found in 0.2s, skipping
[00:52:34] trial=409 mult=3 no L2 found in 0.2s, skipping
[00:52:34] trial=409 mult=3 no L2 found in 0.2s, skipping
[00:52:34] trial=410 mult=7 no L2 found in 0.3s, skipping
[00:52:34] trial=410 mult=7 no L2 found in 0.3s, skipping
[00:52:34] trial=411 mult=9 no L2 found in 0.3s, skipping
[00:52:34] trial=411 mult=9 no L2 found in 0.3s, skipping
[00:52:34] trial=412 mult=1 no L2 found in 0.2s, skipping
[00:52:34] trial=412 mult=1 no L2 found in 0.2s, skipping
[00:52:35] trial=413 mult=3 no L2 found in 0.2s, skipping
[00:52:35] trial=413 mult=3 no L2 found in 0.2s, skipping
[00:52:35] trial=414 mult=7 no L2 found in 0.3s, skipping
[00:52:35] trial=414 mult=7 no L2 found in 0.3s, skipping
[00:52:35] trial=415 mult=9 no L2 found in 0.2s, skipping
[00:52:35] trial=415 mult=9 no L2 found in 0.2s, skipping
[00:52:35] trial=416 mult=1 no L2 found in 0.4s, skipping
[00:52:35] trial=416 mult=1 no L2 found in 0.4s, skipping
[00:52:36] trial=417 mult=3 no L2 found in 0.2s, skipping
[00:52:36] trial=417 mult=3 no L2 found in 0.2s, skipping
[00:52:36] trial=418 mult=7 no L2 found in 0.3s, skipping
[00:52:36] trial=418 mult=7 no L2 found in 0.3s, skipping
[00:52:36] trial=419 mult=9 no L2 found in 0.4s, skipping
[00:52:36] trial=419 mult=9 no L2 found in 0.4s, skipping
[00:52:37] trial=420 mult=1 no L2 found in 0.3s, skipping
[00:52:37] trial=420 mult=1 no L2 found in 0.3s, skipping
