[02:24:21] ============================================================
[02:24:21] ============================================================
[02:24:21] Deep push: mdecomp_281 (pairs[226]) cl12=0
[02:24:21] Deep push: mdecomp_281 (pairs[226]) cl12=0
[02:24:21] Timeout=1800.0s workers=1 seed=33331
[02:24:21] Timeout=1800.0s workers=1 seed=33331
[02:24:21] SCAN RECORD: E=33 (cl13=12, cl23=21) — best initial result yet!
[02:24:21] SCAN RECORD: E=33 (cl13=12, cl23=21) — best initial result yet!
[02:24:21] L1 family: 05f9f018 (new)
[02:24:21] L1 family: 05f9f018 (new)
[02:24:21] ============================================================
[02:24:21] ============================================================
[02:24:21] Trial 0: 180s warmup
[02:24:21] Trial 0: 180s warmup
[02:27:21]   Warmup: E=39 cl13=22 cl23=17 t=180.0s
[02:27:21]   Warmup: E=39 cl13=22 cl23=17 t=180.0s
[02:27:21]   New best: E=39
[02:27:21]   New best: E=39
[02:27:21] trial=  1 timeout=1800.0s seed=2062461420 hint=L3 E_best=39
[02:27:21] trial=  1 timeout=1800.0s seed=2062461420 hint=L3 E_best=39
[02:34:27] ============================================================
[02:34:27] ============================================================
[02:34:27] Deep push v2: mdecomp_281 (pairs[226]) cl12=0
[02:34:27] Deep push v2: mdecomp_281 (pairs[226]) cl12=0
[02:34:27] Timeout=1800.0s workers=1 seed=55551
[02:34:27] Timeout=1800.0s workers=1 seed=55551
[02:34:27] SCAN RECORD: E=33 (cl13=12, cl23=21). Hint: E=34 from scan-seed
[02:34:27] SCAN RECORD: E=33 (cl13=12, cl23=21). Hint: E=34 from scan-seed
[02:34:27] L1 family: 05f9f018 (new)
[02:34:27] L1 family: 05f9f018 (new)
[02:34:27] ============================================================
[02:34:27] ============================================================
[02:34:27] trial=  1 timeout=1800.0s seed=28329143 hint=E34
[02:34:27] trial=  1 timeout=1800.0s seed=28329143 hint=E34
[03:04:27]   -> E=34 cl13=17 cl23=17 t=1800.0s E<=34
[03:04:27]   -> E=34 cl13=17 cl23=17 t=1800.0s E<=34
[03:04:27] trial=  2 timeout=1800.0s seed=1737545277 hint=E34
[03:04:27] trial=  2 timeout=1800.0s seed=1737545277 hint=E34
