[09:01:58] ============================================================
[09:01:58] Proof search: class=74bb7b86 E=29 cl12=0 cl13=17 cl23=12
[09:01:58] Target: E <= 28, timeout=1800.0s, workers=1, seed=5555
[09:01:58] ============================================================
[09:01:58] trial=  1 target=28 timeout=1800.0s random_seed=1840773291
[09:08:02] ============================================================
[09:08:02] Proof search: class=74bb7b86 E=29 cl12=0 cl13=17 cl23=12
[09:08:02] Target: E <= 28, timeout=1800.0s, workers=1, seed=33333
[09:08:02] ============================================================
[09:08:02] trial=  1 target=28 timeout=1800.0s random_seed=737326248 gauge=id
[09:38:02]   TIMEOUT: inconclusive t=1800.0s
[09:38:02] trial=  2 target=28 timeout=1800.0s random_seed=1765855748 gauge=[np.int32(7), np.int32(9), np.int32(3), np.int32(2), np.int32(6), np.int32(5), np.int32(4), np.int32(8), np.int32(0), np.int32(1)]
[13:14:25] ============================================================
[13:14:25] ============================================================
[13:14:25] Proof search: class=74bb7b86 E=29 cl12=0 cl13=17 cl23=12
[13:14:25] Proof search: class=74bb7b86 E=29 cl12=0 cl13=17 cl23=12
[13:14:25] Target: E <= 28, timeout=1800.0s, workers=1, seed=77777
[13:14:25] Target: E <= 28, timeout=1800.0s, workers=1, seed=77777
[13:14:25] ============================================================
[13:14:25] ============================================================
[13:14:25] trial=  1 target=28 timeout=1800.0s random_seed=1534483131 gauge=id
[13:14:25] trial=  1 target=28 timeout=1800.0s random_seed=1534483131 gauge=id
[13:44:25]   TIMEOUT: inconclusive t=1800.1s
[13:44:25]   TIMEOUT: inconclusive t=1800.1s
[13:44:25] trial=  2 target=28 timeout=1800.0s random_seed=809023692 gauge=[np.int32(9), np.int32(6), np.int32(7), np.int32(0), np.int32(1), np.int32(4), np.int32(2), np.int32(5), np.int32(3), np.int32(8)]
[13:44:25] trial=  2 target=28 timeout=1800.0s random_seed=809023692 gauge=[np.int32(9), np.int32(6), np.int32(7), np.int32(0), np.int32(1), np.int32(4), np.int32(2), np.int32(5), np.int32(3), np.int32(8)]
[18:28:40] ============================================================
[18:28:40] Proof search: class=74bb7b86 E=29 cl12=0 cl13=17 cl23=12
[18:28:40] Target: E <= 28, timeout=1800.0s, workers=1, seed=99999
[18:28:40] ============================================================
[18:28:40] trial=  1 target=28 timeout=1800.0s random_seed=517502649 gauge=id
[18:58:40]   TIMEOUT: inconclusive t=1800.1s
[18:58:40] trial=  2 target=28 timeout=1800.0s random_seed=1328368983 gauge=[np.int32(8), np.int32(3), np.int32(5), np.int32(9), np.int32(1), np.int32(2), np.int32(6), np.int32(4), np.int32(0), np.int32(7)]
[19:28:40]   TIMEOUT: inconclusive t=1800.2s
[19:28:40] trial=  3 target=28 timeout=1800.0s random_seed=1430428935 gauge=[np.int32(8), np.int32(6), np.int32(4), np.int32(9), np.int32(2), np.int32(7), np.int32(1), np.int32(5), np.int32(0), np.int32(3)]
[19:58:40]   TIMEOUT: inconclusive t=1800.2s
[19:58:40] trial=  4 target=28 timeout=1800.0s random_seed=903588975 gauge=[np.int32(5), np.int32(1), np.int32(2), np.int32(8), np.int32(7), np.int32(4), np.int32(6), np.int32(9), np.int32(0), np.int32(3)]
[20:28:40]   TIMEOUT: inconclusive t=1800.3s
[20:28:40] trial=  5 target=28 timeout=1800.0s random_seed=1650688158 gauge=[np.int32(9), np.int32(8), np.int32(2), np.int32(3), np.int32(6), np.int32(0), np.int32(4), np.int32(7), np.int32(5), np.int32(1)]
[20:58:41]   TIMEOUT: inconclusive t=1800.7s
[20:58:41] trial=  6 target=28 timeout=1800.0s random_seed=385708914 gauge=[np.int32(0), np.int32(8), np.int32(4), np.int32(6), np.int32(9), np.int32(2), np.int32(5), np.int32(3), np.int32(1), np.int32(7)]
