[04:17:01] ============================================================
[04:17:01] Deep push: iso_tv_21_0 (pairs[7]) cl12=0
[04:17:01] Timeout=1800.0s workers=1 seed=77701
[04:17:01] SCAN RECORD: E=32 (cl13=13, cl23=19). Starting hint: E=32
[04:17:01] Strategy: hint-guided (3 trials), then cold start (1 trial), repeat
[04:17:01] ============================================================
[04:17:01] trial=  1 timeout=1800.0s seed=1190914057 mode=hint=E32
[04:47:01]   -> E=32 cl13=13 cl23=19 t=1800.0s
[04:47:01] trial=  2 timeout=1800.0s seed=455085167 mode=hint=E32
[05:17:01]   -> E=32 cl13=13 cl23=19 t=1800.0s
[05:17:01] trial=  3 timeout=1800.0s seed=2009934355 mode=hint=E32
[05:47:01]   -> E=32 cl13=13 cl23=19 t=1800.1s
[05:47:01] trial=  4 timeout=1800.0s seed=1425874302 mode=cold
[06:51:51] ============================================================
[06:51:51] Deep push: iso_tv_21_0 (pairs[7]) cl12=0
[06:51:51] Timeout=1800.0s workers=1 seed=77701
[06:51:51] SCAN RECORD: E=32 (cl13=13, cl23=19). Starting hint: E=32
[06:51:51] Strategy: hint-guided (3 trials), then cold start (1 trial), repeat
[06:51:51] Resuming from trial 5
[06:51:51] ============================================================
[06:51:51] trial=  5 timeout=1800.0s seed=1273546856 mode=hint=E32
[07:21:51]   -> E=32 cl13=13 cl23=19 t=1800.1s
[07:21:51] trial=  6 timeout=1800.0s seed=914861370 mode=hint=E32
[07:22:39] ============================================================
[07:22:39] Deep push v2: iso_tv_21_0 (pairs[7]) cl12=0
[07:22:39] Timeout=1800.0s workers=1 seed=77702
[07:22:39] Current best: E=32 (cl13=13, cl23=19)
[07:22:39] Strategy v2: cold-start ODD trials, hint-guided EVEN (50% cold)
[07:22:39] Resuming from trial 1
[07:22:39] ============================================================
[07:22:39] trial=  1 timeout=1800.0s seed=1142904902 mode=cold
