[07:54:13] ============================================================
[07:54:13] Deep push v3 (4-worker): iso_tv_21_0 (pairs[7]) cl12=0
[07:54:13] Timeout=1800.0s workers=4 seed=77703
[07:54:13] Current best: E=32 (cl13=13, cl23=19)
[07:54:13] Strategy v3: 4 parallel CP-SAT workers; odd=cold, even=hint
[07:54:13] Resuming from trial 1
[07:54:13] ============================================================
[07:54:13] trial=  1 timeout=1800.0s seed=1437496498 workers=4 mode=cold
[08:24:13]   -> E=30 cl13=15 cl23=15 t=1800.1s *** NEW BEST E=30! ***
[08:24:13]   Saved new best E=30
[08:24:13] trial=  2 timeout=1800.0s seed=1333021984 workers=4 mode=hint=E30
[08:54:15]   -> E=29 cl13=14 cl23=15 t=1801.8s *** NEW BEST E=29! ***
[08:54:15]   Saved new best E=29
[08:56:37] ============================================================
[08:56:37] Deep push v3 (4-worker): iso_tv_21_0 (pairs[7]) cl12=0
[08:56:37] Timeout=1800.0s workers=4 seed=77703
[08:56:37] Current best: E=29 (cl13=14, cl23=15)
[08:56:37] Strategy v3: 4 parallel CP-SAT workers; odd=cold, even=hint
[08:56:37] Resuming from trial 3
[08:56:37] ============================================================
[08:56:37] trial=  3 timeout=1800.0s seed=233642306 workers=4 mode=cold
[09:26:37]   -> E=33 cl13=19 cl23=14 t=1800.1s
[09:26:37] trial=  4 timeout=1800.0s seed=1943590465 workers=4 mode=hint=E29
