[02:05:11] ============================================================
[02:05:11] Proof search: class=2cc8e22f E=29 cl12=0 cl13=14 cl23=15
[02:05:11] Target: E <= 28, timeout=1200.0s, workers=4, seed=5555
[02:05:11] ============================================================
[02:05:11] trial=  1 target=28 timeout=1200.0s random_seed=1840773291
[02:25:12]   TIMEOUT: inconclusive t=1200.1s
[02:25:12] trial=  2 target=28 timeout=1200.0s random_seed=476729771
[02:45:12]   TIMEOUT: inconclusive t=1200.1s
[02:45:12] trial=  3 target=28 timeout=1200.0s random_seed=239301036
[03:05:12]   TIMEOUT: inconclusive t=1200.1s
[03:05:12] trial=  4 target=28 timeout=1200.0s random_seed=1049235199
[03:25:12]   TIMEOUT: inconclusive t=1200.1s
[03:25:12] trial=  5 target=28 timeout=1200.0s random_seed=1167511970
[03:45:12]   TIMEOUT: inconclusive t=1200.2s
[03:45:12] trial=  6 target=28 timeout=1200.0s random_seed=859320601
[04:05:12]   TIMEOUT: inconclusive t=1200.1s
[04:05:12] trial=  7 target=28 timeout=1200.0s random_seed=1041056363
[04:25:12]   TIMEOUT: inconclusive t=1200.1s
[04:25:12] trial=  8 target=28 timeout=1200.0s random_seed=466336439
[07:21:15] ============================================================
[07:21:15] Proof search: class=2cc8e22f E=29 cl12=0 cl13=14 cl23=15
[07:21:15] Target: E <= 28, timeout=1800.0s, workers=2, seed=9999
[07:21:15] ============================================================
[07:21:15] trial=  1 target=28 timeout=1800.0s random_seed=533280010
[07:51:15]   TIMEOUT: inconclusive t=1800.1s
[07:51:15] trial=  2 target=28 timeout=1800.0s random_seed=677013082
[08:21:15]   TIMEOUT: inconclusive t=1800.1s
[08:21:15] trial=  3 target=28 timeout=1800.0s random_seed=324725170
[08:22:11] ============================================================
[08:22:11] Proof search: class=2cc8e22f E=29 cl12=0 cl13=14 cl23=15
[08:22:11] Target: E <= 28, timeout=1800.0s, workers=2, seed=8765
[08:22:11] ============================================================
[08:22:11] trial=  1 target=28 timeout=1800.0s random_seed=1269124092
[08:52:11]   TIMEOUT: inconclusive t=1800.1s
[08:52:11] trial=  2 target=28 timeout=1800.0s random_seed=1520502608
[09:08:02] ============================================================
[09:08:02] Proof search: class=2cc8e22f E=29 cl12=0 cl13=14 cl23=15
[09:08:02] Target: E <= 28, timeout=1800.0s, workers=2, seed=22222
[09:08:02] ============================================================
[09:08:02] trial=  1 target=28 timeout=1800.0s random_seed=1133235416 gauge=id
[09:38:02]   TIMEOUT: inconclusive t=1800.1s
[09:38:02] trial=  2 target=28 timeout=1800.0s random_seed=1293582531 gauge=[np.int32(7), np.int32(6), np.int32(2), np.int32(4), np.int32(3), np.int32(1), np.int32(8), np.int32(9), np.int32(0), np.int32(5)]
[13:14:25] ============================================================
[13:14:25] ============================================================
[13:14:25] Proof search: class=2cc8e22f E=29 cl12=0 cl13=14 cl23=15
[13:14:25] Proof search: class=2cc8e22f E=29 cl12=0 cl13=14 cl23=15
[13:14:25] Target: E <= 28, timeout=1800.0s, workers=1, seed=66666
[13:14:25] Target: E <= 28, timeout=1800.0s, workers=1, seed=66666
[13:14:25] ============================================================
[13:14:25] ============================================================
[13:14:25] trial=  1 target=28 timeout=1800.0s random_seed=1530970936 gauge=id
[13:14:25] trial=  1 target=28 timeout=1800.0s random_seed=1530970936 gauge=id
[13:44:25]   TIMEOUT: inconclusive t=1800.1s
[13:44:25]   TIMEOUT: inconclusive t=1800.1s
[13:44:25] trial=  2 target=28 timeout=1800.0s random_seed=1085479143 gauge=[np.int32(5), np.int32(2), np.int32(7), np.int32(6), np.int32(4), np.int32(1), np.int32(3), np.int32(0), np.int32(8), np.int32(9)]
[13:44:25] trial=  2 target=28 timeout=1800.0s random_seed=1085479143 gauge=[np.int32(5), np.int32(2), np.int32(7), np.int32(6), np.int32(4), np.int32(1), np.int32(3), np.int32(0), np.int32(8), np.int32(9)]
[18:28:40] ============================================================
[18:28:40] Proof search: class=2cc8e22f E=29 cl12=0 cl13=14 cl23=15
[18:28:40] Target: E <= 28, timeout=1800.0s, workers=1, seed=33333
[18:28:40] ============================================================
[18:28:40] trial=  1 target=28 timeout=1800.0s random_seed=737326248 gauge=id
[18:58:40]   TIMEOUT: inconclusive t=1800.1s
[18:58:40] trial=  2 target=28 timeout=1800.0s random_seed=1765855748 gauge=[np.int32(7), np.int32(9), np.int32(3), np.int32(2), np.int32(6), np.int32(5), np.int32(4), np.int32(8), np.int32(0), np.int32(1)]
[19:28:40]   TIMEOUT: inconclusive t=1800.1s
[19:28:40] trial=  3 target=28 timeout=1800.0s random_seed=348408396 gauge=[np.int32(3), np.int32(6), np.int32(8), np.int32(0), np.int32(4), np.int32(1), np.int32(5), np.int32(9), np.int32(2), np.int32(7)]
[19:58:40]   TIMEOUT: inconclusive t=1800.1s
[19:58:40] trial=  4 target=28 timeout=1800.0s random_seed=1369992667 gauge=[np.int32(5), np.int32(4), np.int32(1), np.int32(9), np.int32(0), np.int32(2), np.int32(3), np.int32(8), np.int32(6), np.int32(7)]
[20:28:40]   TIMEOUT: inconclusive t=1800.2s
[20:28:40] trial=  5 target=28 timeout=1800.0s random_seed=1538219197 gauge=[np.int32(7), np.int32(0), np.int32(9), np.int32(2), np.int32(1), np.int32(3), np.int32(4), np.int32(6), np.int32(8), np.int32(5)]
[20:58:40]   TIMEOUT: inconclusive t=1800.2s
[20:58:40] trial=  6 target=28 timeout=1800.0s random_seed=1527548370 gauge=[np.int32(6), np.int32(8), np.int32(7), np.int32(4), np.int32(3), np.int32(2), np.int32(9), np.int32(0), np.int32(1), np.int32(5)]
[21:28:41]   TIMEOUT: inconclusive t=1800.2s
[21:28:41] trial=  7 target=28 timeout=1800.0s random_seed=80788976 gauge=[np.int32(2), np.int32(9), np.int32(5), np.int32(8), np.int32(6), np.int32(4), np.int32(1), np.int32(3), np.int32(7), np.int32(0)]
[21:58:41]   TIMEOUT: inconclusive t=1800.2s
[21:58:41] trial=  8 target=28 timeout=1800.0s random_seed=2001222083 gauge=[np.int32(3), np.int32(8), np.int32(6), np.int32(2), np.int32(0), np.int32(9), np.int32(5), np.int32(1), np.int32(7), np.int32(4)]
[22:28:41]   TIMEOUT: inconclusive t=1800.2s
[22:28:41] trial=  9 target=28 timeout=1800.0s random_seed=1747655157 gauge=[np.int32(4), np.int32(9), np.int32(2), np.int32(5), np.int32(6), np.int32(0), np.int32(8), np.int32(3), np.int32(7), np.int32(1)]
[22:58:41]   TIMEOUT: inconclusive t=1800.2s
[22:58:41] trial= 10 target=28 timeout=1800.0s random_seed=1519507846 gauge=[np.int32(6), np.int32(8), np.int32(7), np.int32(4), np.int32(2), np.int32(1), np.int32(3), np.int32(5), np.int32(0), np.int32(9)]
[23:28:41]   TIMEOUT: inconclusive t=1800.2s
[23:28:41] trial= 11 target=28 timeout=1800.0s random_seed=1924249439 gauge=[np.int32(7), np.int32(2), np.int32(6), np.int32(9), np.int32(4), np.int32(0), np.int32(5), np.int32(1), np.int32(3), np.int32(8)]
[23:58:42]   TIMEOUT: inconclusive t=1800.5s
[23:58:42] trial= 12 target=28 timeout=1800.0s random_seed=334921119 gauge=[np.int32(0), np.int32(5), np.int32(3), np.int32(8), np.int32(9), np.int32(4), np.int32(6), np.int32(7), np.int32(2), np.int32(1)]
[00:28:42]   TIMEOUT: inconclusive t=1800.2s
[00:28:42] trial= 13 target=28 timeout=1800.0s random_seed=1023557985 gauge=[np.int32(0), np.int32(1), np.int32(5), np.int32(4), np.int32(3), np.int32(2), np.int32(6), np.int32(8), np.int32(9), np.int32(7)]
[00:58:42]   TIMEOUT: inconclusive t=1800.4s
[00:58:42] trial= 14 target=28 timeout=1800.0s random_seed=1039267595 gauge=[np.int32(5), np.int32(7), np.int32(8), np.int32(9), np.int32(1), np.int32(3), np.int32(2), np.int32(0), np.int32(4), np.int32(6)]
[01:28:43]   TIMEOUT: inconclusive t=1800.2s
[01:28:43] trial= 15 target=28 timeout=1800.0s random_seed=364531602 gauge=[np.int32(9), np.int32(5), np.int32(3), np.int32(6), np.int32(4), np.int32(1), np.int32(2), np.int32(7), np.int32(8), np.int32(0)]
[01:58:43]   TIMEOUT: inconclusive t=1800.2s
[01:58:43] trial= 16 target=28 timeout=1800.0s random_seed=1050638775 gauge=[np.int32(4), np.int32(0), np.int32(6), np.int32(7), np.int32(9), np.int32(1), np.int32(8), np.int32(2), np.int32(5), np.int32(3)]
[02:28:43]   TIMEOUT: inconclusive t=1800.2s
[02:28:43] trial= 17 target=28 timeout=1800.0s random_seed=1402211480 gauge=[np.int32(4), np.int32(1), np.int32(9), np.int32(5), np.int32(8), np.int32(7), np.int32(3), np.int32(6), np.int32(0), np.int32(2)]
[02:58:43]   TIMEOUT: inconclusive t=1800.2s
[02:58:43] trial= 18 target=28 timeout=1800.0s random_seed=485820637 gauge=[np.int32(2), np.int32(0), np.int32(4), np.int32(3), np.int32(1), np.int32(9), np.int32(6), np.int32(8), np.int32(5), np.int32(7)]
[03:28:43]   TIMEOUT: inconclusive t=1800.1s
[03:28:43] trial= 19 target=28 timeout=1800.0s random_seed=665357182 gauge=[np.int32(6), np.int32(5), np.int32(0), np.int32(2), np.int32(3), np.int32(4), np.int32(7), np.int32(1), np.int32(9), np.int32(8)]
[03:58:43]   TIMEOUT: inconclusive t=1800.1s
[03:58:43] trial= 20 target=28 timeout=1800.0s random_seed=2126017540 gauge=[np.int32(0), np.int32(1), np.int32(7), np.int32(6), np.int32(3), np.int32(5), np.int32(4), np.int32(8), np.int32(2), np.int32(9)]
[04:28:44]   TIMEOUT: inconclusive t=1800.5s
[04:28:44] trial= 21 target=28 timeout=1800.0s random_seed=153815949 gauge=[np.int32(5), np.int32(0), np.int32(2), np.int32(6), np.int32(4), np.int32(9), np.int32(3), np.int32(1), np.int32(8), np.int32(7)]
[04:58:44]   TIMEOUT: inconclusive t=1800.2s
[04:58:44] trial= 22 target=28 timeout=1800.0s random_seed=501462801 gauge=[np.int32(7), np.int32(0), np.int32(2), np.int32(4), np.int32(1), np.int32(6), np.int32(8), np.int32(3), np.int32(9), np.int32(5)]
