[07:13:02] ============================================================
[07:13:02] Quick scan: iso2_tv21_0 variants (indices 317-322)
[07:13:02] Base: iso_tv_21_0 (scan record E=32, ee29e34e L1 family)
[07:13:02] ============================================================
[07:13:02] [317] iso2_tv21_0_0 L1=d9acddf8 cl12=0 seed=288572819
[07:13:10] ============================================================
[07:13:10] Quick scan: iso2_tv21_0 variants (indices 317-322)
[07:13:10] Base: iso_tv_21_0 (scan record E=32, ee29e34e L1 family)
[07:13:10] ============================================================
[07:13:10] [317] iso2_tv21_0_0 L1=d9acddf8 cl12=0 seed=288572819
[07:16:02]   -> E=40 cl13=20 cl23=20 t=180.0s
[07:16:02] [318] iso2_tv21_0_1 L1=af53f0ef cl12=0 seed=1369214641
[07:19:03]   -> E=36 cl13=20 cl23=16 t=180.0s ** standout **
[07:19:03] [319] iso2_tv21_0_2 L1=08056e96 cl12=0 seed=1156037142
[07:22:03]   -> E=42 cl13=21 cl23=21 t=180.0s
[07:22:03] [320] iso2_tv21_0_3 L1=53a75a20 cl12=0 seed=1582826221
[07:25:03]   -> E=37 cl13=23 cl23=14 t=180.0s ** standout **
[07:25:03] [321] iso2_tv21_0_4 L1=1f27a5f0 cl12=0 seed=2045131795
[07:28:03]   -> E=38 cl13=19 cl23=19 t=180.0s
[07:28:03] [322] iso2_tv21_0_5 L1=49589faa cl12=0 seed=426842118
[07:31:03]   -> E=40 cl13=19 cl23=21 t=180.0s
[07:31:03] Done.
