[18:05:25] ============================================================
[18:05:25] ============================================================
[18:05:25] SA triple_pt blitz (seed=8002, budget=54s)
[18:05:25] SA triple_pt blitz (seed=8002, budget=54s)
[18:06:19] trial=1 best_clashes=33 sa_frontier=33 t=54.0s seed=950652043
[18:06:19] trial=1 best_clashes=33 sa_frontier=33 t=54.0s seed=950652043
  ★ Triple near-miss saved: clashes=50  cl12=4
  ★ Triple near-miss saved: clashes=39  cl12=4
[18:07:13] trial=2 best_clashes=39 sa_frontier=33 t=54.0s seed=1704162310
[18:07:13] trial=2 best_clashes=39 sa_frontier=33 t=54.0s seed=1704162310
  ★ Triple near-miss saved: clashes=51  cl12=0
  ★ Triple near-miss saved: clashes=49  cl12=0
[18:08:07] trial=3 best_clashes=49 sa_frontier=33 t=54.0s seed=2126994559
[18:08:07] trial=3 best_clashes=49 sa_frontier=33 t=54.0s seed=2126994559
[18:09:01] trial=4 best_clashes=33 sa_frontier=33 t=54.0s seed=558713682
[18:09:01] trial=4 best_clashes=33 sa_frontier=33 t=54.0s seed=558713682
  ★ Triple near-miss saved: clashes=50  cl12=0
[18:09:55] trial=5 best_clashes=50 sa_frontier=33 t=54.0s seed=984014471
[18:09:55] trial=5 best_clashes=50 sa_frontier=33 t=54.0s seed=984014471
  ★ Triple near-miss saved: clashes=52  cl12=0
  ★ Triple near-miss saved: clashes=51  cl12=0
  ★ Triple near-miss saved: clashes=49  cl12=0
  ★ Triple near-miss saved: clashes=48  cl12=0
[18:10:49] trial=6 best_clashes=48 sa_frontier=33 t=54.0s seed=1509226519
[18:10:49] trial=6 best_clashes=48 sa_frontier=33 t=54.0s seed=1509226519
[18:11:43] trial=7 best_clashes=53 sa_frontier=33 t=54.0s seed=1559015673
[18:11:43] trial=7 best_clashes=53 sa_frontier=33 t=54.0s seed=1559015673
  ★ Triple near-miss saved: clashes=52  cl12=0
  ★ Triple near-miss saved: clashes=51  cl12=0
  ★ Triple near-miss saved: clashes=49  cl12=0
  ★ Triple near-miss saved: clashes=39  cl12=4
[18:12:37] trial=8 best_clashes=39 sa_frontier=33 t=54.0s seed=1935981855
[18:12:37] trial=8 best_clashes=39 sa_frontier=33 t=54.0s seed=1935981855
[18:13:31] trial=9 best_clashes=53 sa_frontier=33 t=54.0s seed=564214370
[18:13:31] trial=9 best_clashes=53 sa_frontier=33 t=54.0s seed=564214370
  ★ Triple near-miss saved: clashes=52  cl12=4
  ★ Triple near-miss saved: clashes=51  cl12=4
[18:14:25] trial=10 best_clashes=51 sa_frontier=33 t=54.0s seed=810569182
[18:14:25] trial=10 best_clashes=51 sa_frontier=33 t=54.0s seed=810569182
[18:15:19] trial=11 best_clashes=33 sa_frontier=33 t=54.0s seed=1328815150
[18:15:19] trial=11 best_clashes=33 sa_frontier=33 t=54.0s seed=1328815150
[18:16:13] trial=12 best_clashes=53 sa_frontier=33 t=54.0s seed=1162237365
[18:16:13] trial=12 best_clashes=53 sa_frontier=33 t=54.0s seed=1162237365
[18:17:07] trial=13 best_clashes=32 sa_frontier=32 t=54.0s seed=184096130
[18:17:07] trial=13 best_clashes=32 sa_frontier=32 t=54.0s seed=184096130
[18:18:01] trial=14 best_clashes=31 sa_frontier=31 t=54.0s seed=219737524
[18:18:01] trial=14 best_clashes=31 sa_frontier=31 t=54.0s seed=219737524
[18:18:55] trial=15 best_clashes=31 sa_frontier=31 t=54.0s seed=246690700
[18:18:55] trial=15 best_clashes=31 sa_frontier=31 t=54.0s seed=246690700
  ★ Triple near-miss saved: clashes=33  cl12=0
[18:19:49] trial=16 best_clashes=33 sa_frontier=31 t=54.0s seed=806696447
[18:19:49] trial=16 best_clashes=33 sa_frontier=31 t=54.0s seed=806696447
[18:20:43] trial=17 best_clashes=31 sa_frontier=31 t=54.0s seed=420873194
[18:20:43] trial=17 best_clashes=31 sa_frontier=31 t=54.0s seed=420873194
[18:21:37] trial=18 best_clashes=31 sa_frontier=31 t=54.0s seed=872708543
[18:21:37] trial=18 best_clashes=31 sa_frontier=31 t=54.0s seed=872708543
[18:22:31] trial=19 best_clashes=32 sa_frontier=31 t=54.0s seed=1567356847
[18:22:31] trial=19 best_clashes=32 sa_frontier=31 t=54.0s seed=1567356847
[18:23:25] trial=20 best_clashes=53 sa_frontier=31 t=54.0s seed=2116451676
[18:23:25] trial=20 best_clashes=53 sa_frontier=31 t=54.0s seed=2116451676
[18:24:19] trial=21 best_clashes=33 sa_frontier=31 t=54.0s seed=1473808889
[18:24:19] trial=21 best_clashes=33 sa_frontier=31 t=54.0s seed=1473808889
  ★ Triple near-miss saved: clashes=51  cl12=0
  ★ Triple near-miss saved: clashes=50  cl12=0
[18:25:13] trial=22 best_clashes=50 sa_frontier=31 t=54.0s seed=2115751176
[18:25:13] trial=22 best_clashes=50 sa_frontier=31 t=54.0s seed=2115751176
[18:26:07] trial=23 best_clashes=62 sa_frontier=31 t=54.0s seed=606137763
[18:26:07] trial=23 best_clashes=62 sa_frontier=31 t=54.0s seed=606137763
[18:27:01] trial=24 best_clashes=53 sa_frontier=31 t=54.0s seed=1459409409
[18:27:01] trial=24 best_clashes=53 sa_frontier=31 t=54.0s seed=1459409409
[18:27:55] trial=25 best_clashes=47 sa_frontier=31 t=54.0s seed=909960464
[18:27:55] trial=25 best_clashes=47 sa_frontier=31 t=54.0s seed=909960464
[18:28:49] trial=26 best_clashes=66 sa_frontier=31 t=54.0s seed=1623706533
[18:28:49] trial=26 best_clashes=66 sa_frontier=31 t=54.0s seed=1623706533
  ★ Triple near-miss saved: clashes=52  cl12=0
  ★ Triple near-miss saved: clashes=51  cl12=0
  ★ Triple near-miss saved: clashes=50  cl12=0
[18:29:43] trial=27 best_clashes=50 sa_frontier=31 t=54.0s seed=955777476
[18:29:43] trial=27 best_clashes=50 sa_frontier=31 t=54.0s seed=955777476
[18:30:37] trial=28 best_clashes=33 sa_frontier=31 t=54.0s seed=510571080
[18:30:37] trial=28 best_clashes=33 sa_frontier=31 t=54.0s seed=510571080
[18:31:32] trial=29 best_clashes=32 sa_frontier=31 t=54.0s seed=581680809
[18:31:32] trial=29 best_clashes=32 sa_frontier=31 t=54.0s seed=581680809
  ★ Triple near-miss saved: clashes=51  cl12=0
  ★ Triple near-miss saved: clashes=50  cl12=0
  ★ Triple near-miss saved: clashes=49  cl12=0
  ★ Triple near-miss saved: clashes=48  cl12=0
[18:32:26] trial=30 best_clashes=48 sa_frontier=31 t=54.0s seed=709306028
[18:32:26] trial=30 best_clashes=48 sa_frontier=31 t=54.0s seed=709306028
[18:33:20] trial=31 best_clashes=32 sa_frontier=31 t=54.0s seed=520758048
[18:33:20] trial=31 best_clashes=32 sa_frontier=31 t=54.0s seed=520758048
  ★ Triple near-miss saved: clashes=51  cl12=0
[18:34:14] trial=32 best_clashes=51 sa_frontier=31 t=54.0s seed=1639495743
[18:34:14] trial=32 best_clashes=51 sa_frontier=31 t=54.0s seed=1639495743
[18:35:08] trial=33 best_clashes=32 sa_frontier=31 t=54.0s seed=1840475616
[18:35:08] trial=33 best_clashes=32 sa_frontier=31 t=54.0s seed=1840475616
[18:36:02] trial=34 best_clashes=31 sa_frontier=31 t=54.0s seed=485510393
[18:36:02] trial=34 best_clashes=31 sa_frontier=31 t=54.0s seed=485510393
[18:36:56] trial=35 best_clashes=33 sa_frontier=31 t=54.0s seed=1505378313
[18:36:56] trial=35 best_clashes=33 sa_frontier=31 t=54.0s seed=1505378313
  ★ Triple near-miss saved: clashes=52  cl12=0
[18:37:50] trial=36 best_clashes=52 sa_frontier=31 t=54.0s seed=1650589772
[18:37:50] trial=36 best_clashes=52 sa_frontier=31 t=54.0s seed=1650589772
  ★ Triple near-miss saved: clashes=52  cl12=0
[18:38:44] trial=37 best_clashes=52 sa_frontier=31 t=54.0s seed=893068762
[18:38:44] trial=37 best_clashes=52 sa_frontier=31 t=54.0s seed=893068762
  ★ Triple near-miss saved: clashes=50  cl12=0
[18:39:38] trial=38 best_clashes=50 sa_frontier=31 t=54.0s seed=2040579722
[18:39:38] trial=38 best_clashes=50 sa_frontier=31 t=54.0s seed=2040579722
[18:40:32] trial=39 best_clashes=32 sa_frontier=31 t=54.0s seed=1478594695
[18:40:32] trial=39 best_clashes=32 sa_frontier=31 t=54.0s seed=1478594695
[18:41:26] trial=40 best_clashes=59 sa_frontier=31 t=54.0s seed=1728332267
[18:41:26] trial=40 best_clashes=59 sa_frontier=31 t=54.0s seed=1728332267
[18:42:20] trial=41 best_clashes=54 sa_frontier=31 t=54.0s seed=1537281061
[18:42:20] trial=41 best_clashes=54 sa_frontier=31 t=54.0s seed=1537281061
[18:43:14] trial=42 best_clashes=32 sa_frontier=31 t=54.0s seed=409719915
[18:43:14] trial=42 best_clashes=32 sa_frontier=31 t=54.0s seed=409719915
[18:44:08] trial=43 best_clashes=31 sa_frontier=31 t=54.0s seed=1853802529
[18:44:08] trial=43 best_clashes=31 sa_frontier=31 t=54.0s seed=1853802529
[18:45:02] trial=44 best_clashes=32 sa_frontier=31 t=54.0s seed=29536449
[18:45:02] trial=44 best_clashes=32 sa_frontier=31 t=54.0s seed=29536449
[18:45:56] trial=45 best_clashes=32 sa_frontier=31 t=54.0s seed=1333850379
[18:45:56] trial=45 best_clashes=32 sa_frontier=31 t=54.0s seed=1333850379
[18:46:50] trial=46 best_clashes=32 sa_frontier=31 t=54.0s seed=755298974
[18:46:50] trial=46 best_clashes=32 sa_frontier=31 t=54.0s seed=755298974
  ★ Triple near-miss saved: clashes=51  cl12=0
[18:47:19] ============================================================
[18:47:19] ============================================================
[18:47:19] SA triple_pt blitz (seed=8002, budget=300s)
[18:47:19] SA triple_pt blitz (seed=8002, budget=300s)
[18:52:19] trial=1 best_clashes=32 sa_frontier=32 t=300.0s seed=950652043
[18:52:19] trial=1 best_clashes=32 sa_frontier=32 t=300.0s seed=950652043
  ★ Triple near-miss saved: clashes=50  cl12=0
  ★ Triple near-miss saved: clashes=49  cl12=0
  ★ Triple near-miss saved: clashes=48  cl12=0
[18:57:19] trial=2 best_clashes=48 sa_frontier=32 t=300.0s seed=1704162310
[18:57:19] trial=2 best_clashes=48 sa_frontier=32 t=300.0s seed=1704162310
  ★ Triple near-miss saved: clashes=51  cl12=0
  ★ Triple near-miss saved: clashes=49  cl12=0
  ★ Triple near-miss saved: clashes=48  cl12=0
[19:02:19] trial=3 best_clashes=48 sa_frontier=32 t=300.0s seed=2126994559
[19:02:19] trial=3 best_clashes=48 sa_frontier=32 t=300.0s seed=2126994559
[19:07:20] trial=4 best_clashes=32 sa_frontier=32 t=300.0s seed=558713682
[19:07:20] trial=4 best_clashes=32 sa_frontier=32 t=300.0s seed=558713682
  ★ Triple near-miss saved: clashes=52  cl12=0
  ★ Triple near-miss saved: clashes=50  cl12=0
  ★ Triple near-miss saved: clashes=48  cl12=0
[19:12:20] trial=5 best_clashes=48 sa_frontier=32 t=300.0s seed=984014471
[19:12:20] trial=5 best_clashes=48 sa_frontier=32 t=300.0s seed=984014471
  ★ Triple near-miss saved: clashes=52  cl12=0
  ★ Triple near-miss saved: clashes=51  cl12=0
  ★ Triple near-miss saved: clashes=50  cl12=0
  ★ Triple near-miss saved: clashes=49  cl12=0
[19:17:20] trial=6 best_clashes=49 sa_frontier=32 t=300.0s seed=1509226519
[19:17:20] trial=6 best_clashes=49 sa_frontier=32 t=300.0s seed=1509226519
  ★ Triple near-miss saved: clashes=50  cl12=0
  ★ Triple near-miss saved: clashes=49  cl12=0
  ★ Triple near-miss saved: clashes=48  cl12=0
  ★ Triple near-miss saved: clashes=37  cl12=4
[19:22:20] trial=7 best_clashes=37 sa_frontier=32 t=300.0s seed=1559015673
[19:22:20] trial=7 best_clashes=37 sa_frontier=32 t=300.0s seed=1559015673
  ★ Triple near-miss saved: clashes=51  cl12=0
  ★ Triple near-miss saved: clashes=49  cl12=0
  ★ Triple near-miss saved: clashes=44  cl12=0
  ★ Triple near-miss saved: clashes=32  cl12=0
[19:27:20] trial=8 best_clashes=32 sa_frontier=32 t=300.0s seed=1935981855
[19:27:20] trial=8 best_clashes=32 sa_frontier=32 t=300.0s seed=1935981855
[19:32:20] trial=9 best_clashes=53 sa_frontier=32 t=300.0s seed=564214370
[19:32:20] trial=9 best_clashes=53 sa_frontier=32 t=300.0s seed=564214370
  ★ Triple near-miss saved: clashes=51  cl12=0
  ★ Triple near-miss saved: clashes=50  cl12=0
  ★ Triple near-miss saved: clashes=49  cl12=0
  ★ Triple near-miss saved: clashes=47  cl12=0
[19:37:20] trial=10 best_clashes=47 sa_frontier=32 t=300.0s seed=810569182
[19:37:20] trial=10 best_clashes=47 sa_frontier=32 t=300.0s seed=810569182
[00:35:25] ============================================================
[00:35:25] ============================================================
[00:35:25] SA triple_pt blitz (seed=8002, budget=300s)
[00:35:25] SA triple_pt blitz (seed=8002, budget=300s)
[00:40:53] ============================================================
[00:40:53] ============================================================
[00:40:53] SA blitz (seed=8002, budget=300s, pool-seeded)
[00:40:53] SA blitz (seed=8002, budget=300s, pool-seeded)
[00:45:53] trial=1 best_E=31 cl12@best=999 session_best=31 t=300.0s
[00:45:53] trial=1 best_E=31 cl12@best=999 session_best=31 t=300.0s
[00:50:53] trial=2 best_E=47 cl12@best=999 session_best=31 t=300.0s
[00:50:53] trial=2 best_E=47 cl12@best=999 session_best=31 t=300.0s
[00:55:53] trial=3 best_E=48 cl12@best=999 session_best=31 t=300.0s
[00:55:53] trial=3 best_E=48 cl12@best=999 session_best=31 t=300.0s
