========================================================
MOLS SAT Worker — complete L3 search via Glucose3
seed=11111  sat_timeout=20.0s
========================================================

[Phase 1] Testing 310 existing promising pairs...
  [  0] UNSAT  elapsed=0.04s  (so far: unsat=1)
  [ 50] UNSAT  elapsed=0.05s  (so far: unsat=51)
  [100] UNSAT  elapsed=0.03s  (so far: unsat=101)
  [150] UNSAT  elapsed=0.05s  (so far: unsat=151)
  [200] UNSAT  elapsed=0.04s  (so far: unsat=201)
  [250] UNSAT  elapsed=0.06s  (so far: unsat=251)
  [300] UNSAT  elapsed=0.03s  (so far: unsat=301)

[Phase 1 done] pairs=310  SAT=0  UNSAT=310  TIMEOUT=0

[Phase 2] Generating new MOLS pairs + SAT search...
  trial=   20  sat=0  unsat=11  timeout=0  no_mols=9  time=22:20:44
  trial=   40  no_mols=13  unsat=27  timeout=0  time=22:20:58
  trial=   50  no_mols=16  unsat=34  timeout=0  time=22:21:07
  trial=   60  no_mols=23  unsat=37  timeout=0  time=22:21:29
  trial=   80  no_mols=30  unsat=50  timeout=0  time=22:21:51
  trial=  100  sat=0  unsat=64  timeout=0  no_mols=36  time=22:22:10
  trial=  110  no_mols=38  unsat=72  timeout=0  time=22:22:17
  trial=  120  sat=0  unsat=79  timeout=0  no_mols=41  time=22:22:26
  trial=  140  no_mols=45  unsat=95  timeout=0  time=22:22:39
  trial=  160  sat=0  unsat=108  timeout=0  no_mols=52  time=22:23:02
  trial=  170  no_mols=56  unsat=114  timeout=0  time=22:23:15
  trial=  180  no_mols=62  unsat=118  timeout=0  time=22:23:33
  trial=  200  sat=0  unsat=131  timeout=0  no_mols=69  time=22:23:55
  trial=  220  no_mols=77  unsat=143  timeout=0  time=22:24:21
  trial=  230  no_mols=80  unsat=150  timeout=0  time=22:24:30
  trial=  240  no_mols=84  unsat=156  timeout=0  time=22:24:43
  trial=  250  no_mols=89  unsat=161  timeout=0  time=22:24:58
  trial=  260  sat=0  unsat=169  timeout=0  no_mols=91  time=22:25:06
  trial=  270  no_mols=96  unsat=174  timeout=0  time=22:25:21
  trial=  280  sat=0  unsat=179  timeout=0  no_mols=101  time=22:25:37
  trial=  300  sat=0  unsat=192  timeout=0  no_mols=108  time=22:25:59
  trial=  320  sat=0  unsat=205  timeout=0  no_mols=115  time=22:26:22
  trial=  330  no_mols=121  unsat=209  timeout=0  time=22:26:41
  trial=  340  sat=0  unsat=217  timeout=0  no_mols=123  time=22:26:48
  trial=  360  sat=0  unsat=232  timeout=0  no_mols=128  time=22:27:04
  trial=  370  no_mols=129  unsat=241  timeout=0  time=22:27:08
  trial=  380  no_mols=131  unsat=249  timeout=0  time=22:27:14
  trial=  390  no_mols=133  unsat=257  timeout=0  time=22:27:21
  trial=  400  sat=0  unsat=264  timeout=0  no_mols=136  time=22:27:31
  trial=  420  sat=0  unsat=280  timeout=0  no_mols=140  time=22:27:44
  trial=  430  no_mols=144  unsat=286  timeout=0  time=22:27:57
  trial=  440  sat=0  unsat=293  timeout=0  no_mols=147  time=22:28:06
  trial=  460  no_mols=153  unsat=307  timeout=0  time=22:28:26
  trial=  480  sat=0  unsat=320  timeout=0  no_mols=160  time=22:28:48
  trial=  500  no_mols=166  unsat=334  timeout=0  time=22:29:07
  trial=  520  sat=0  unsat=348  timeout=0  no_mols=172  time=22:29:26
  trial=  530  no_mols=178  unsat=352  timeout=0  time=22:29:45
  trial=  540  sat=0  unsat=359  timeout=0  no_mols=181  time=22:29:55
  trial=  560  no_mols=188  unsat=372  timeout=0  time=22:30:18
  trial=  580  sat=0  unsat=384  timeout=0  no_mols=196  time=22:30:43
  trial=  590  no_mols=201  unsat=389  timeout=0  time=22:30:58
  trial=  600  no_mols=205  unsat=395  timeout=0  time=22:31:11
  trial=  620  sat=0  unsat=408  timeout=0  no_mols=212  time=22:31:33
  trial=  640  sat=0  unsat=422  timeout=0  no_mols=218  time=22:31:52
  trial=  660  sat=0  unsat=437  timeout=0  no_mols=223  time=22:32:09
  trial=  680  sat=0  unsat=454  timeout=0  no_mols=226  time=22:32:19
  trial=  700  sat=0  unsat=471  timeout=0  no_mols=229  time=22:32:29
  trial=  720  sat=0  unsat=485  timeout=0  no_mols=235  time=22:32:48
  trial=  730  no_mols=237  unsat=493  timeout=0  time=22:32:55
  trial=  740  sat=0  unsat=500  timeout=0  no_mols=240  time=22:33:05
  trial=  760  sat=0  unsat=513  timeout=0  no_mols=247  time=22:33:27
  trial=  770  no_mols=250  unsat=520  timeout=0  time=22:33:37
  trial=  780  sat=0  unsat=526  timeout=0  no_mols=254  time=22:33:50
  trial=  790  no_mols=255  unsat=535  timeout=0  time=22:33:53
  trial=  800  sat=0  unsat=544  timeout=0  no_mols=256  time=22:33:57
  trial=  820  no_mols=262  unsat=558  timeout=0  time=22:34:16
  trial=  830  no_mols=264  unsat=566  timeout=0  time=22:34:23
  trial=  840  sat=0  unsat=576  timeout=0  no_mols=264  time=22:34:23
  trial=  850  no_mols=266  unsat=584  timeout=0  time=22:34:30
  trial=  860  no_mols=271  unsat=589  timeout=0  time=22:34:46
  trial=  870  no_mols=274  unsat=596  timeout=0  time=22:34:55
  trial=  880  sat=0  unsat=604  timeout=0  no_mols=276  time=22:35:02
========================================================
MOLS SAT Worker — complete L3 search via Glucose3
seed=11111  sat_timeout=20.0s
========================================================

[Phase 1] Testing 311 existing promising pairs...
  [  0] UNSAT  elapsed=0.15s  (so far: unsat=1)
  [ 50] UNSAT  elapsed=0.14s  (so far: unsat=51)
  [100] UNSAT  elapsed=0.10s  (so far: unsat=101)
  [150] UNSAT  elapsed=0.10s  (so far: unsat=151)
  [200] UNSAT  elapsed=0.16s  (so far: unsat=201)
  [250] UNSAT  elapsed=0.09s  (so far: unsat=251)
  [300] UNSAT  elapsed=0.10s  (so far: unsat=301)

[Phase 1 done] pairs=311  SAT=0  UNSAT=311  TIMEOUT=0

[Phase 2] Generating new MOLS pairs + SAT search...
  trial=   20  sat=0  unsat=11  timeout=0  no_mols=9  time=02:36:42
  trial=   40  no_mols=13  unsat=27  timeout=0  time=02:37:29
  trial=   50  no_mols=16  unsat=34  timeout=0  time=02:37:59
  trial=   60  no_mols=23  unsat=37  timeout=0  time=02:39:11
  trial=   80  no_mols=30  unsat=50  timeout=0  time=02:40:42
  trial=  100  sat=0  unsat=64  timeout=0  no_mols=36  time=02:41:51
  trial=  110  no_mols=38  unsat=72  timeout=0  time=02:42:15
  trial=  120  sat=0  unsat=79  timeout=0  no_mols=41  time=02:42:43
  trial=  140  no_mols=45  unsat=95  timeout=0  time=02:43:19
  trial=  160  sat=0  unsat=108  timeout=0  no_mols=52  time=02:44:31
  trial=  170  no_mols=56  unsat=114  timeout=0  time=02:45:16
  trial=  180  no_mols=62  unsat=118  timeout=0  time=02:46:22
  trial=  200  sat=0  unsat=131  timeout=0  no_mols=69  time=02:47:44
========================================================
MOLS SAT Worker — complete L3 search via Glucose3
seed=11111  sat_timeout=20.0s
========================================================

[Phase 1] Testing 311 existing promising pairs...
  [  0] UNSAT  elapsed=0.08s  (so far: unsat=1)
  [ 50] UNSAT  elapsed=0.11s  (so far: unsat=51)
  [100] UNSAT  elapsed=0.09s  (so far: unsat=101)
  [150] UNSAT  elapsed=0.11s  (so far: unsat=151)
  [200] UNSAT  elapsed=0.05s  (so far: unsat=201)
  [250] UNSAT  elapsed=0.11s  (so far: unsat=251)
  [300] UNSAT  elapsed=0.09s  (so far: unsat=301)

[Phase 1 done] pairs=311  SAT=0  UNSAT=311  TIMEOUT=0

[Phase 2] Generating new MOLS pairs + SAT search...
  trial=   20  sat=0  unsat=11  timeout=0  no_mols=9  time=03:14:08
  trial=   40  no_mols=13  unsat=27  timeout=0  time=03:14:46
  trial=   50  no_mols=16  unsat=34  timeout=0  time=03:15:15
  trial=   60  no_mols=23  unsat=37  timeout=0  time=03:16:11
  trial=   80  no_mols=30  unsat=50  timeout=0  time=03:17:16
  trial=  100  sat=0  unsat=64  timeout=0  no_mols=36  time=03:18:12
  trial=  110  no_mols=38  unsat=72  timeout=0  time=03:18:33
  trial=  120  sat=0  unsat=79  timeout=0  no_mols=41  time=03:19:04
========================================================
MOLS SAT Worker — complete L3 search via Glucose3
seed=11111  sat_timeout=20.0s
========================================================

[Phase 1] Testing 311 existing promising pairs...
  [  0] UNSAT  elapsed=0.33s  (so far: unsat=1)
  [ 50] UNSAT  elapsed=0.18s  (so far: unsat=51)
========================================================
MOLS SAT Worker — complete L3 search via Glucose3
seed=11111  sat_timeout=20.0s
========================================================

[Phase 1] Testing 311 existing promising pairs...
  [  0] UNSAT  elapsed=0.29s  (so far: unsat=1)
  [ 50] UNSAT  elapsed=0.11s  (so far: unsat=51)
  [100] UNSAT  elapsed=0.08s  (so far: unsat=101)
  [150] UNSAT  elapsed=0.12s  (so far: unsat=151)
  [200] UNSAT  elapsed=0.12s  (so far: unsat=201)
  [250] UNSAT  elapsed=0.18s  (so far: unsat=251)
  [300] UNSAT  elapsed=0.08s  (so far: unsat=301)

[Phase 1 done] pairs=311  SAT=0  UNSAT=311  TIMEOUT=0

[Phase 2] Generating new MOLS pairs + SAT search...
  trial=   20  sat=0  unsat=11  timeout=0  no_mols=9  time=03:31:49
  trial=   40  no_mols=13  unsat=27  timeout=0  time=03:32:32
  trial=   50  no_mols=16  unsat=34  timeout=0  time=03:33:08
========================================================
MOLS SAT Worker — complete L3 search via Glucose3
seed=11111  sat_timeout=20.0s
========================================================

[Phase 1] Testing 311 existing promising pairs...
  [  0] UNSAT  elapsed=0.14s  (so far: unsat=1)
  [ 50] UNSAT  elapsed=0.09s  (so far: unsat=51)
  [100] UNSAT  elapsed=0.08s  (so far: unsat=101)
  [150] UNSAT  elapsed=0.11s  (so far: unsat=151)
  [200] UNSAT  elapsed=0.10s  (so far: unsat=201)
  [250] UNSAT  elapsed=0.05s  (so far: unsat=251)
  [300] UNSAT  elapsed=0.10s  (so far: unsat=301)

[Phase 1 done] pairs=311  SAT=0  UNSAT=311  TIMEOUT=0

[Phase 2] Generating new MOLS pairs + SAT search...
  trial=   20  sat=0  unsat=11  timeout=0  no_mols=9  time=03:56:17
  trial=   40  no_mols=13  unsat=27  timeout=0  time=03:56:54
  trial=   50  no_mols=16  unsat=34  timeout=0  time=03:57:20
  trial=   60  no_mols=23  unsat=37  timeout=0  time=03:58:15
  trial=   80  no_mols=30  unsat=50  timeout=0  time=03:59:24
  trial=  100  sat=0  unsat=64  timeout=0  no_mols=36  time=04:00:32
  trial=  110  no_mols=38  unsat=72  timeout=0  time=04:00:55
  trial=  120  sat=0  unsat=79  timeout=0  no_mols=41  time=04:01:34
========================================================
MOLS SAT Worker — complete L3 search via Glucose3
seed=11111  sat_timeout=20.0s
========================================================

[Phase 1] Testing 311 existing promising pairs...
  [  0] UNSAT  elapsed=0.05s  (so far: unsat=1)
  [ 50] UNSAT  elapsed=0.05s  (so far: unsat=51)
  [100] UNSAT  elapsed=0.04s  (so far: unsat=101)
  [150] UNSAT  elapsed=0.06s  (so far: unsat=151)
========================================================
MOLS SAT Worker — complete L3 search via Glucose3
seed=11111  sat_timeout=20.0s
========================================================

[Phase 1] Testing 311 existing promising pairs...
  [  0] UNSAT  elapsed=0.26s  (so far: unsat=1)
  [200] UNSAT  elapsed=0.09s  (so far: unsat=201)
  [250] UNSAT  elapsed=0.07s  (so far: unsat=251)
  [ 50] UNSAT  elapsed=0.20s  (so far: unsat=51)
  [300] UNSAT  elapsed=0.07s  (so far: unsat=301)

[Phase 1 done] pairs=311  SAT=0  UNSAT=311  TIMEOUT=0

[Phase 2] Generating new MOLS pairs + SAT search...
========================================================
MOLS SAT Worker — complete L3 search via Glucose3
seed=11111  sat_timeout=20.0s
========================================================

[Phase 1] Testing 311 existing promising pairs...
  [  0] UNSAT  elapsed=0.10s  (so far: unsat=1)
========================================================
MOLS SAT Worker — complete L3 search via Glucose3
seed=11111  sat_timeout=20.0s
========================================================

[Phase 1] Testing 311 existing promising pairs...
  [  0] UNSAT  elapsed=0.14s  (so far: unsat=1)
  [ 50] UNSAT  elapsed=0.14s  (so far: unsat=51)
  [100] UNSAT  elapsed=0.05s  (so far: unsat=101)
  [150] UNSAT  elapsed=0.05s  (so far: unsat=151)
  [200] UNSAT  elapsed=0.13s  (so far: unsat=201)
  [250] UNSAT  elapsed=0.10s  (so far: unsat=251)
  [300] UNSAT  elapsed=0.12s  (so far: unsat=301)

[Phase 1 done] pairs=311  SAT=0  UNSAT=311  TIMEOUT=0

[Phase 2] Generating new MOLS pairs + SAT search...
