[03:54:28] Watchdog started. Monitoring 9 workers.
[04:03:01] DEAD: mols_l3_search.py --seed 137 — restarting…
[04:03:01]   Restarted PID 9597
[04:03:01] DEAD: mols_sat_worker.py --seed 11111 --timeout 20 — restarting…
[04:03:01]   Restarted PID 9608
[04:03:01] DEAD: mols_l3_search.py --seed 271 — restarting…
[04:03:01]   Restarted PID 9619
[04:03:01] DEAD: mols_l3_search.py --seed 503 — restarting…
[04:03:01]   Restarted PID 9630
[04:03:11] Watchdog started. Monitoring 9 workers.
[04:03:42] DEAD: mols_l3_search.py --seed 137 — restarting…
[04:03:42]   Restarted PID 12371
[04:03:42] DEAD: mols_sat_worker.py --seed 11111 --timeout 20 — restarting…
[04:03:42]   Restarted PID 12382
[04:03:42] DEAD: mols_l3_search.py --seed 271 — restarting…
[04:03:42]   Restarted PID 12393
[04:03:42] DEAD: mols_l3_search.py --seed 503 — restarting…
[04:03:42]   Restarted PID 12404
[04:03:42] DEAD: mols_l3_search.py --seed 999 — restarting…
[04:03:42]   Restarted PID 12418
[04:03:42] DEAD: mols_crossover_search.py --seed 4242 --budget 90 — restarting…
[04:03:42]   Restarted PID 12432
[04:03:42] DEAD: mols_reverse_search.py --seed 7777 --budget 120 — restarting…
[04:03:42]   Restarted PID 12449
[04:03:42] DEAD: mols_crossover_search.py --seed 8888 --budget 90 — restarting…
[04:03:42]   Restarted PID 12460
[04:03:42] DEAD: mols_l3_search.py --seed 42 — restarting…
[04:03:42]   Restarted PID 12480
[04:04:25] Watchdog started (PID=13962). Grace period 30s...
[04:04:25] Watchdog started (PID=13962). Grace period 30s...
